#
# There is insufficient memory for the Java Runtime Environment to continue.
# Native memory allocation (malloc) failed to allocate 1528752 bytes. Error detail: Chunk::new
# Possible reasons:
#   The system is out of physical RAM or swap space
#   This process is running with CompressedOops enabled, and the Java Heap may be blocking the growth of the native heap
# Possible solutions:
#   Reduce memory load on the system
#   Increase physical memory or swap space
#   Check if swap backing store is full
#   Decrease Java heap size (-Xmx/-Xms)
#   Decrease number of Java threads
#   Decrease Java thread stack sizes (-Xss)
#   Set larger code cache with -XX:ReservedCodeCacheSize=
#   JVM is running with Unscaled Compressed Oops mode in which the Java heap is
#     placed in the first 4GB address space. The Java Heap base address is the
#     maximum limit for the native heap growth. Please use -XX:HeapBaseMinAddress
#     to set the Java Heap base and to place the Java Heap above 4GB virtual address.
# This output file may be truncated or incomplete.
#
#  Out of Memory Error (arena.cpp:168), pid=14048, tid=8020
#
# JRE version: OpenJDK Runtime Environment (21.0.4) (build 21.0.4+-12508038-b607.1)
# Java VM: OpenJDK 64-Bit Server VM (21.0.4+-12508038-b607.1, mixed mode, tiered, compressed oops, compressed class ptrs, g1 gc, windows-amd64)
# No core dump will be written. Minidumps are not enabled by default on client versions of Windows
#

---------------  S U M M A R Y ------------

Command Line: --add-opens=java.base/java.util=ALL-UNNAMED --add-opens=java.base/java.lang=ALL-UNNAMED --add-opens=java.base/java.lang.invoke=ALL-UNNAMED --add-opens=java.prefs/java.util.prefs=ALL-UNNAMED --add-exports=jdk.compiler/com.sun.tools.javac.api=ALL-UNNAMED --add-exports=jdk.compiler/com.sun.tools.javac.util=ALL-UNNAMED --add-opens=java.base/java.nio.charset=ALL-UNNAMED --add-opens=java.base/java.net=ALL-UNNAMED --add-opens=java.base/java.util.concurrent.atomic=ALL-UNNAMED -Xmx2048m -Dfile.encoding=UTF-8 -Duser.country=BR -Duser.language=pt -Duser.variant -javaagent:C:\Users\Gabriel\.gradle\wrapper\dists\gradle-8.10.2-bin\a04bxjujx95o3nb99gddekhwo\gradle-8.10.2\lib\agents\gradle-instrumentation-agent-8.10.2.jar org.gradle.launcher.daemon.bootstrap.GradleDaemon 8.10.2

Host: 11th Gen Intel(R) Core(TM) i5-1135G7 @ 2.40GHz, 8 cores, 7G,  Windows 10 , 64 bit Build 21996 (10.0.21996.1)
Time: Sun Mar  2 10:26:26 2025 Hora oficial do Brasil elapsed time: 4.911218 seconds (0d 0h 0m 4s)

---------------  T H R E A D  ---------------

Current thread (0x0000021435b24bb0):  JavaThread "C2 CompilerThread0" daemon [_thread_in_native, id=8020, stack(0x0000007133600000,0x0000007133700000) (1024K)]


Current CompileTask:
C2:   4911 4601   !   4       java.net.URLClassLoader$1::run (81 bytes)

Stack: [0x0000007133600000,0x0000007133700000]
Native frames: (J=compiled Java code, j=interpreted, Vv=VM code, C=native code)
V  [jvm.dll+0x6ce539]
V  [jvm.dll+0x85bf03]
V  [jvm.dll+0x85e45e]
V  [jvm.dll+0x85eb43]
V  [jvm.dll+0x27dd06]
V  [jvm.dll+0xbf9cd]
V  [jvm.dll+0xbff03]
V  [jvm.dll+0x3b4deb]
V  [jvm.dll+0x1de004]
V  [jvm.dll+0x247544]
V  [jvm.dll+0x2469c1]
V  [jvm.dll+0x1c58a4]
V  [jvm.dll+0x255fec]
V  [jvm.dll+0x254536]
V  [jvm.dll+0x3efab6]
V  [jvm.dll+0x804418]
V  [jvm.dll+0x6cce0d]
C  [ucrtbase.dll+0x26c0c]
C  [KERNEL32.DLL+0x154e0]
C  [ntdll.dll+0x485b]


---------------  P R O C E S S  ---------------

Threads class SMR info:
_java_thread_list=0x000002143ebb67b0, length=34, elements={
0x000002141c050a20, 0x0000021435b0f7f0, 0x0000021435b10510, 0x0000021435ac9300,
0x0000021435afe300, 0x0000021435b1e380, 0x0000021435b1f7f0, 0x0000021435b24bb0,
0x0000021435b25650, 0x0000021435c832c0, 0x0000021435e40810, 0x0000021435e6f730,
0x000002143a120660, 0x000002143ba1da30, 0x000002143baed210, 0x000002143bae9770,
0x000002143ba401b0, 0x000002143ba40820, 0x000002143bb76ff0, 0x000002143bb77660,
0x000002143bc3de30, 0x000002143bc3e4c0, 0x000002143bc3eb50, 0x000002143bc3f1e0,
0x000002143bc3f870, 0x000002143bc3c3f0, 0x000002143bc3d110, 0x000002143bc3d7a0,
0x000002143d0779d0, 0x000002143d078d80, 0x000002143d07c200, 0x000002143d075900,
0x000002143d07c890, 0x000002143d0786f0
}

Java Threads: ( => current thread )
  0x000002141c050a20 JavaThread "main"                              [_thread_blocked, id=13256, stack(0x0000007132800000,0x0000007132900000) (1024K)]
  0x0000021435b0f7f0 JavaThread "Reference Handler"          daemon [_thread_blocked, id=20044, stack(0x0000007133000000,0x0000007133100000) (1024K)]
  0x0000021435b10510 JavaThread "Finalizer"                  daemon [_thread_blocked, id=3184, stack(0x0000007133100000,0x0000007133200000) (1024K)]
  0x0000021435ac9300 JavaThread "Signal Dispatcher"          daemon [_thread_blocked, id=18176, stack(0x0000007133200000,0x0000007133300000) (1024K)]
  0x0000021435afe300 JavaThread "Attach Listener"            daemon [_thread_blocked, id=20848, stack(0x0000007133300000,0x0000007133400000) (1024K)]
  0x0000021435b1e380 JavaThread "Service Thread"             daemon [_thread_blocked, id=19248, stack(0x0000007133400000,0x0000007133500000) (1024K)]
  0x0000021435b1f7f0 JavaThread "Monitor Deflation Thread"   daemon [_thread_blocked, id=11176, stack(0x0000007133500000,0x0000007133600000) (1024K)]
=>0x0000021435b24bb0 JavaThread "C2 CompilerThread0"         daemon [_thread_in_native, id=8020, stack(0x0000007133600000,0x0000007133700000) (1024K)]
  0x0000021435b25650 JavaThread "C1 CompilerThread0"         daemon [_thread_blocked, id=17172, stack(0x0000007133700000,0x0000007133800000) (1024K)]
  0x0000021435c832c0 JavaThread "Common-Cleaner"             daemon [_thread_blocked, id=9768, stack(0x0000007133800000,0x0000007133900000) (1024K)]
  0x0000021435e40810 JavaThread "Notification Thread"        daemon [_thread_blocked, id=9048, stack(0x0000007133900000,0x0000007133a00000) (1024K)]
  0x0000021435e6f730 JavaThread "C2 CompilerThread1"         daemon [_thread_in_native, id=796, stack(0x0000007133a00000,0x0000007133b00000) (1024K)]
  0x000002143a120660 JavaThread "C2 CompilerThread2"         daemon [_thread_in_native, id=21800, stack(0x0000007133b00000,0x0000007133c00000) (1024K)]
  0x000002143ba1da30 JavaThread "Daemon health stats"               [_thread_blocked, id=10316, stack(0x0000007134200000,0x0000007134300000) (1024K)]
  0x000002143baed210 JavaThread "Incoming local TCP Connector on port 51062"        [_thread_in_native, id=14012, stack(0x0000007134300000,0x0000007134400000) (1024K)]
  0x000002143bae9770 JavaThread "Daemon periodic checks"            [_thread_blocked, id=15108, stack(0x0000007134400000,0x0000007134500000) (1024K)]
  0x000002143ba401b0 JavaThread "Daemon"                            [_thread_blocked, id=21368, stack(0x0000007134500000,0x0000007134600000) (1024K)]
  0x000002143ba40820 JavaThread "Handler for socket connection from /127.0.0.1:51062 to /127.0.0.1:51063"        [_thread_in_native, id=4516, stack(0x0000007134600000,0x0000007134700000) (1024K)]
  0x000002143bb76ff0 JavaThread "Cancel handler"                    [_thread_blocked, id=16128, stack(0x0000007134700000,0x0000007134800000) (1024K)]
  0x000002143bb77660 JavaThread "Daemon worker"                     [_thread_in_native, id=13472, stack(0x0000007134800000,0x0000007134900000) (1024K)]
  0x000002143bc3de30 JavaThread "Asynchronous log dispatcher for DefaultDaemonConnection: socket connection from /127.0.0.1:51062 to /127.0.0.1:51063"        [_thread_blocked, id=2640, stack(0x0000007134900000,0x0000007134a00000) (1024K)]
  0x000002143bc3e4c0 JavaThread "Stdin handler"                     [_thread_blocked, id=18880, stack(0x0000007134a00000,0x0000007134b00000) (1024K)]
  0x000002143bc3eb50 JavaThread "Daemon client event forwarder"        [_thread_blocked, id=18028, stack(0x0000007134b00000,0x0000007134c00000) (1024K)]
  0x000002143bc3f1e0 JavaThread "Cache worker for journal cache (C:\Users\Gabriel\.gradle\caches\journal-1)"        [_thread_blocked, id=14648, stack(0x0000007134e00000,0x0000007134f00000) (1024K)]
  0x000002143bc3f870 JavaThread "File lock request listener"        [_thread_in_native, id=18244, stack(0x0000007134f00000,0x0000007135000000) (1024K)]
  0x000002143bc3c3f0 JavaThread "Cache worker for file hash cache (C:\Users\Gabriel\.gradle\caches\8.10.2\fileHashes)"        [_thread_blocked, id=16856, stack(0x0000007135000000,0x0000007135100000) (1024K)]
  0x000002143bc3d110 JavaThread "Cache worker for file hash cache (C:\Users\Gabriel\Documents\CodigosAndroidStudio\Programa-o-Mobile\MindCraft\.gradle\8.10.2\fileHashes)"        [_thread_blocked, id=9392, stack(0x0000007135100000,0x0000007135200000) (1024K)]
  0x000002143bc3d7a0 JavaThread "Cache worker for Build Output Cleanup Cache (C:\Users\Gabriel\Documents\CodigosAndroidStudio\Programa-o-Mobile\MindCraft\.gradle\buildOutputCleanup)"        [_thread_blocked, id=20908, stack(0x0000007135200000,0x0000007135300000) (1024K)]
  0x000002143d0779d0 JavaThread "File watcher server"        daemon [_thread_in_native, id=9676, stack(0x0000007135300000,0x0000007135400000) (1024K)]
  0x000002143d078d80 JavaThread "File watcher consumer"      daemon [_thread_blocked, id=19500, stack(0x0000007135400000,0x0000007135500000) (1024K)]
  0x000002143d07c200 JavaThread "Cache worker for checksums cache (C:\Users\Gabriel\Documents\CodigosAndroidStudio\Programa-o-Mobile\MindCraft\.gradle\8.10.2\checksums)"        [_thread_blocked, id=18852, stack(0x0000007135500000,0x0000007135600000) (1024K)]
  0x000002143d075900 JavaThread "Cache worker for file content cache (C:\Users\Gabriel\.gradle\caches\8.10.2\fileContent)"        [_thread_blocked, id=20048, stack(0x0000007135600000,0x0000007135700000) (1024K)]
  0x000002143d07c890 JavaThread "Cache worker for cache directory md-rule (C:\Users\Gabriel\.gradle\caches\8.10.2\md-rule)"        [_thread_blocked, id=928, stack(0x0000007135700000,0x0000007135800000) (1024K)]
  0x000002143d0786f0 JavaThread "Cache worker for cache directory md-supplier (C:\Users\Gabriel\.gradle\caches\8.10.2\md-supplier)"        [_thread_blocked, id=7508, stack(0x0000007135800000,0x0000007135900000) (1024K)]
Total: 34

Other Threads:
  0x0000021435936af0 VMThread "VM Thread"                           [id=14252, stack(0x0000007132f00000,0x0000007133000000) (1024K)]
  0x00000214358ed4c0 WatcherThread "VM Periodic Task Thread"        [id=916, stack(0x0000007132e00000,0x0000007132f00000) (1024K)]
  0x000002141c321320 WorkerThread "GC Thread#0"                     [id=2968, stack(0x0000007132900000,0x0000007132a00000) (1024K)]
  0x000002143a54b190 WorkerThread "GC Thread#1"                     [id=19352, stack(0x0000007133c00000,0x0000007133d00000) (1024K)]
  0x000002143a42a2a0 WorkerThread "GC Thread#2"                     [id=19668, stack(0x0000007133d00000,0x0000007133e00000) (1024K)]
  0x000002143ace0fa0 WorkerThread "GC Thread#3"                     [id=22164, stack(0x0000007133e00000,0x0000007133f00000) (1024K)]
  0x000002143ace1340 WorkerThread "GC Thread#4"                     [id=21252, stack(0x0000007133f00000,0x0000007134000000) (1024K)]
  0x000002143aa5f2a0 WorkerThread "GC Thread#5"                     [id=20180, stack(0x0000007134000000,0x0000007134100000) (1024K)]
  0x000002143aa5f640 WorkerThread "GC Thread#6"                     [id=17860, stack(0x0000007134100000,0x0000007134200000) (1024K)]
  0x000002143c06ee70 WorkerThread "GC Thread#7"                     [id=17560, stack(0x0000007134c00000,0x0000007134d00000) (1024K)]
  0x000002141c332210 ConcurrentGCThread "G1 Main Marker"            [id=21908, stack(0x0000007132a00000,0x0000007132b00000) (1024K)]
  0x000002141c332c20 WorkerThread "G1 Conc#0"                       [id=9704, stack(0x0000007132b00000,0x0000007132c00000) (1024K)]
  0x000002143c06f210 WorkerThread "G1 Conc#1"                       [id=21968, stack(0x0000007134d00000,0x0000007134e00000) (1024K)]
  0x00000214357c34e0 ConcurrentGCThread "G1 Refine#0"               [id=17116, stack(0x0000007132c00000,0x0000007132d00000) (1024K)]
  0x000002141c39c710 ConcurrentGCThread "G1 Service"                [id=17636, stack(0x0000007132d00000,0x0000007132e00000) (1024K)]
Total: 15

Threads with active compile tasks:
C2 CompilerThread0     4930 4601   !   4       java.net.URLClassLoader$1::run (81 bytes)
C2 CompilerThread1     4930 4600       4       java.net.URLClassLoader$1::run (5 bytes)
C2 CompilerThread2     4930 4621   !   4       java.net.URLClassLoader::findClass (47 bytes)
Total: 3

VM state: not at safepoint (normal execution)

VM Mutex/Monitor currently owned by a thread: None

Heap address: 0x0000000080000000, size: 2048 MB, Compressed Oops mode: 32-bit

CDS archive(s) not mapped
Compressed class space mapped at: 0x0000000100000000-0x0000000140000000, reserved size: 1073741824
Narrow klass base: 0x0000000000000000, Narrow klass shift: 3, Narrow klass range: 0x140000000

GC Precious Log:
 CardTable entry size: 512
 Card Set container configuration: InlinePtr #cards 5 size 8 Array Of Cards #cards 12 size 40 Howl #buckets 4 coarsen threshold 1843 Howl Bitmap #cards 512 size 80 coarsen threshold 460 Card regions per heap region 1 cards per card region 2048
 CPUs: 8 total, 8 available
 Memory: 7934M
 Large Page Support: Disabled
 NUMA Support: Disabled
 Compressed Oops: Enabled (32-bit)
 Heap Region Size: 1M
 Heap Min Capacity: 8M
 Heap Initial Capacity: 124M
 Heap Max Capacity: 2G
 Pre-touch: Disabled
 Parallel Workers: 8
 Concurrent Workers: 2
 Concurrent Refinement Workers: 8
 Periodic GC: Disabled

Heap:
 garbage-first heap   total 101376K, used 71499K [0x0000000080000000, 0x0000000100000000)
  region size 1024K, 38 young (38912K), 4 survivors (4096K)
 Metaspace       used 53304K, committed 54784K, reserved 1114112K
  class space    used 7181K, committed 7936K, reserved 1048576K

Heap Regions: E=young(eden), S=young(survivor), O=old, HS=humongous(starts), HC=humongous(continues), CS=collection set, F=free, TAMS=top-at-mark-start, PB=parsable bottom
|   0|0x0000000080000000, 0x0000000080100000, 0x0000000080100000|100%| O|  |TAMS 0x0000000080000000| PB 0x0000000080000000| Untracked 
|   1|0x0000000080100000, 0x0000000080200000, 0x0000000080200000|100%| O|  |TAMS 0x0000000080100000| PB 0x0000000080100000| Untracked 
|   2|0x0000000080200000, 0x0000000080300000, 0x0000000080300000|100%|HS|  |TAMS 0x0000000080200000| PB 0x0000000080200000| Complete 
|   3|0x0000000080300000, 0x0000000080400000, 0x0000000080400000|100%|HC|  |TAMS 0x0000000080300000| PB 0x0000000080300000| Complete 
|   4|0x0000000080400000, 0x0000000080500000, 0x0000000080500000|100%|HC|  |TAMS 0x0000000080400000| PB 0x0000000080400000| Complete 
|   5|0x0000000080500000, 0x0000000080600000, 0x0000000080600000|100%|HC|  |TAMS 0x0000000080500000| PB 0x0000000080500000| Complete 
|   6|0x0000000080600000, 0x0000000080700000, 0x0000000080700000|100%| O|  |TAMS 0x0000000080600000| PB 0x0000000080600000| Untracked 
|   7|0x0000000080700000, 0x0000000080800000, 0x0000000080800000|100%| O|  |TAMS 0x0000000080700000| PB 0x0000000080700000| Untracked 
|   8|0x0000000080800000, 0x0000000080900000, 0x0000000080900000|100%| O|  |TAMS 0x0000000080800000| PB 0x0000000080800000| Untracked 
|   9|0x0000000080900000, 0x0000000080a00000, 0x0000000080a00000|100%| O|  |TAMS 0x0000000080900000| PB 0x0000000080900000| Untracked 
|  10|0x0000000080a00000, 0x0000000080b00000, 0x0000000080b00000|100%|HS|  |TAMS 0x0000000080a00000| PB 0x0000000080a00000| Complete 
|  11|0x0000000080b00000, 0x0000000080c00000, 0x0000000080c00000|100%| O|  |TAMS 0x0000000080b00000| PB 0x0000000080b00000| Untracked 
|  12|0x0000000080c00000, 0x0000000080d00000, 0x0000000080d00000|100%| O|  |TAMS 0x0000000080c00000| PB 0x0000000080c00000| Untracked 
|  13|0x0000000080d00000, 0x0000000080e00000, 0x0000000080e00000|100%| O|  |TAMS 0x0000000080d00000| PB 0x0000000080d00000| Untracked 
|  14|0x0000000080e00000, 0x0000000080f00000, 0x0000000080f00000|100%| O|  |TAMS 0x0000000080e00000| PB 0x0000000080e00000| Untracked 
|  15|0x0000000080f00000, 0x0000000081000000, 0x0000000081000000|100%| O|  |TAMS 0x0000000080f00000| PB 0x0000000080f00000| Untracked 
|  16|0x0000000081000000, 0x0000000081100000, 0x0000000081100000|100%| O|  |TAMS 0x0000000081000000| PB 0x0000000081000000| Untracked 
|  17|0x0000000081100000, 0x0000000081200000, 0x0000000081200000|100%| O|  |TAMS 0x0000000081100000| PB 0x0000000081100000| Untracked 
|  18|0x0000000081200000, 0x0000000081300000, 0x0000000081300000|100%| O|  |TAMS 0x0000000081200000| PB 0x0000000081200000| Untracked 
|  19|0x0000000081300000, 0x0000000081400000, 0x0000000081400000|100%|HS|  |TAMS 0x0000000081300000| PB 0x0000000081300000| Complete 
|  20|0x0000000081400000, 0x0000000081500000, 0x0000000081500000|100%|HS|  |TAMS 0x0000000081400000| PB 0x0000000081400000| Complete 
|  21|0x0000000081500000, 0x0000000081500000, 0x0000000081600000|  0%| F|  |TAMS 0x0000000081500000| PB 0x0000000081500000| Untracked 
|  22|0x0000000081600000, 0x0000000081600000, 0x0000000081700000|  0%| F|  |TAMS 0x0000000081600000| PB 0x0000000081600000| Untracked 
|  23|0x0000000081700000, 0x0000000081700000, 0x0000000081800000|  0%| F|  |TAMS 0x0000000081700000| PB 0x0000000081700000| Untracked 
|  24|0x0000000081800000, 0x0000000081900000, 0x0000000081900000|100%| O|  |TAMS 0x0000000081800000| PB 0x0000000081800000| Untracked 
|  25|0x0000000081900000, 0x0000000081a00000, 0x0000000081a00000|100%| O|  |TAMS 0x0000000081900000| PB 0x0000000081900000| Untracked 
|  26|0x0000000081a00000, 0x0000000081b00000, 0x0000000081b00000|100%| O|  |TAMS 0x0000000081a00000| PB 0x0000000081a00000| Untracked 
|  27|0x0000000081b00000, 0x0000000081c00000, 0x0000000081c00000|100%| O|  |TAMS 0x0000000081b00000| PB 0x0000000081b00000| Untracked 
|  28|0x0000000081c00000, 0x0000000081d00000, 0x0000000081d00000|100%| O|  |TAMS 0x0000000081c00000| PB 0x0000000081c00000| Untracked 
|  29|0x0000000081d00000, 0x0000000081e00000, 0x0000000081e00000|100%| O|  |TAMS 0x0000000081d00000| PB 0x0000000081d00000| Untracked 
|  30|0x0000000081e00000, 0x0000000081f00000, 0x0000000081f00000|100%| O|  |TAMS 0x0000000081e00000| PB 0x0000000081e00000| Untracked 
|  31|0x0000000081f00000, 0x0000000081f5c5e0, 0x0000000082000000| 36%| O|  |TAMS 0x0000000081f00000| PB 0x0000000081f00000| Untracked 
|  32|0x0000000082000000, 0x0000000082000000, 0x0000000082100000|  0%| F|  |TAMS 0x0000000082000000| PB 0x0000000082000000| Untracked 
|  33|0x0000000082100000, 0x0000000082100000, 0x0000000082200000|  0%| F|  |TAMS 0x0000000082100000| PB 0x0000000082100000| Untracked 
|  34|0x0000000082200000, 0x0000000082200000, 0x0000000082300000|  0%| F|  |TAMS 0x0000000082200000| PB 0x0000000082200000| Untracked 
|  35|0x0000000082300000, 0x0000000082376788, 0x0000000082400000| 46%| S|CS|TAMS 0x0000000082300000| PB 0x0000000082300000| Complete 
|  36|0x0000000082400000, 0x0000000082500000, 0x0000000082500000|100%| S|CS|TAMS 0x0000000082400000| PB 0x0000000082400000| Complete 
|  37|0x0000000082500000, 0x0000000082600000, 0x0000000082600000|100%| S|CS|TAMS 0x0000000082500000| PB 0x0000000082500000| Complete 
|  38|0x0000000082600000, 0x0000000082700000, 0x0000000082700000|100%| S|CS|TAMS 0x0000000082600000| PB 0x0000000082600000| Complete 
|  39|0x0000000082700000, 0x0000000082700000, 0x0000000082800000|  0%| F|  |TAMS 0x0000000082700000| PB 0x0000000082700000| Untracked 
|  40|0x0000000082800000, 0x0000000082800000, 0x0000000082900000|  0%| F|  |TAMS 0x0000000082800000| PB 0x0000000082800000| Untracked 
|  41|0x0000000082900000, 0x0000000082900000, 0x0000000082a00000|  0%| F|  |TAMS 0x0000000082900000| PB 0x0000000082900000| Untracked 
|  42|0x0000000082a00000, 0x0000000082a00000, 0x0000000082b00000|  0%| F|  |TAMS 0x0000000082a00000| PB 0x0000000082a00000| Untracked 
|  43|0x0000000082b00000, 0x0000000082b00000, 0x0000000082c00000|  0%| F|  |TAMS 0x0000000082b00000| PB 0x0000000082b00000| Untracked 
|  44|0x0000000082c00000, 0x0000000082c00000, 0x0000000082d00000|  0%| F|  |TAMS 0x0000000082c00000| PB 0x0000000082c00000| Untracked 
|  45|0x0000000082d00000, 0x0000000082d00000, 0x0000000082e00000|  0%| F|  |TAMS 0x0000000082d00000| PB 0x0000000082d00000| Untracked 
|  46|0x0000000082e00000, 0x0000000082e00000, 0x0000000082f00000|  0%| F|  |TAMS 0x0000000082e00000| PB 0x0000000082e00000| Untracked 
|  47|0x0000000082f00000, 0x0000000082f00000, 0x0000000083000000|  0%| F|  |TAMS 0x0000000082f00000| PB 0x0000000082f00000| Untracked 
|  48|0x0000000083000000, 0x0000000083000000, 0x0000000083100000|  0%| F|  |TAMS 0x0000000083000000| PB 0x0000000083000000| Untracked 
|  49|0x0000000083100000, 0x0000000083100000, 0x0000000083200000|  0%| F|  |TAMS 0x0000000083100000| PB 0x0000000083100000| Untracked 
|  50|0x0000000083200000, 0x0000000083200000, 0x0000000083300000|  0%| F|  |TAMS 0x0000000083200000| PB 0x0000000083200000| Untracked 
|  51|0x0000000083300000, 0x0000000083300000, 0x0000000083400000|  0%| F|  |TAMS 0x0000000083300000| PB 0x0000000083300000| Untracked 
|  52|0x0000000083400000, 0x0000000083400000, 0x0000000083500000|  0%| F|  |TAMS 0x0000000083400000| PB 0x0000000083400000| Untracked 
|  53|0x0000000083500000, 0x0000000083500000, 0x0000000083600000|  0%| F|  |TAMS 0x0000000083500000| PB 0x0000000083500000| Untracked 
|  54|0x0000000083600000, 0x0000000083600000, 0x0000000083700000|  0%| F|  |TAMS 0x0000000083600000| PB 0x0000000083600000| Untracked 
|  55|0x0000000083700000, 0x0000000083700000, 0x0000000083800000|  0%| F|  |TAMS 0x0000000083700000| PB 0x0000000083700000| Untracked 
|  56|0x0000000083800000, 0x0000000083800000, 0x0000000083900000|  0%| F|  |TAMS 0x0000000083800000| PB 0x0000000083800000| Untracked 
|  57|0x0000000083900000, 0x0000000083900000, 0x0000000083a00000|  0%| F|  |TAMS 0x0000000083900000| PB 0x0000000083900000| Untracked 
|  58|0x0000000083a00000, 0x0000000083a00000, 0x0000000083b00000|  0%| F|  |TAMS 0x0000000083a00000| PB 0x0000000083a00000| Untracked 
|  59|0x0000000083b00000, 0x0000000083b00000, 0x0000000083c00000|  0%| F|  |TAMS 0x0000000083b00000| PB 0x0000000083b00000| Untracked 
|  60|0x0000000083c00000, 0x0000000083c80800, 0x0000000083d00000| 50%| E|  |TAMS 0x0000000083c00000| PB 0x0000000083c00000| Complete 
|  61|0x0000000083d00000, 0x0000000083e00000, 0x0000000083e00000|100%| E|CS|TAMS 0x0000000083d00000| PB 0x0000000083d00000| Complete 
|  62|0x0000000083e00000, 0x0000000083f00000, 0x0000000083f00000|100%| E|CS|TAMS 0x0000000083e00000| PB 0x0000000083e00000| Complete 
|  63|0x0000000083f00000, 0x0000000084000000, 0x0000000084000000|100%| E|CS|TAMS 0x0000000083f00000| PB 0x0000000083f00000| Complete 
|  64|0x0000000084000000, 0x0000000084100000, 0x0000000084100000|100%| E|CS|TAMS 0x0000000084000000| PB 0x0000000084000000| Complete 
|  65|0x0000000084100000, 0x0000000084200000, 0x0000000084200000|100%| E|CS|TAMS 0x0000000084100000| PB 0x0000000084100000| Complete 
|  66|0x0000000084200000, 0x0000000084300000, 0x0000000084300000|100%| E|CS|TAMS 0x0000000084200000| PB 0x0000000084200000| Complete 
|  67|0x0000000084300000, 0x0000000084400000, 0x0000000084400000|100%| E|CS|TAMS 0x0000000084300000| PB 0x0000000084300000| Complete 
|  68|0x0000000084400000, 0x0000000084500000, 0x0000000084500000|100%| E|CS|TAMS 0x0000000084400000| PB 0x0000000084400000| Complete 
|  69|0x0000000084500000, 0x0000000084600000, 0x0000000084600000|100%| E|CS|TAMS 0x0000000084500000| PB 0x0000000084500000| Complete 
|  70|0x0000000084600000, 0x0000000084700000, 0x0000000084700000|100%| E|CS|TAMS 0x0000000084600000| PB 0x0000000084600000| Complete 
|  71|0x0000000084700000, 0x0000000084800000, 0x0000000084800000|100%| E|CS|TAMS 0x0000000084700000| PB 0x0000000084700000| Complete 
|  72|0x0000000084800000, 0x0000000084900000, 0x0000000084900000|100%| E|CS|TAMS 0x0000000084800000| PB 0x0000000084800000| Complete 
|  73|0x0000000084900000, 0x0000000084a00000, 0x0000000084a00000|100%| E|CS|TAMS 0x0000000084900000| PB 0x0000000084900000| Complete 
|  74|0x0000000084a00000, 0x0000000084b00000, 0x0000000084b00000|100%| E|CS|TAMS 0x0000000084a00000| PB 0x0000000084a00000| Complete 
|  75|0x0000000084b00000, 0x0000000084c00000, 0x0000000084c00000|100%| E|CS|TAMS 0x0000000084b00000| PB 0x0000000084b00000| Complete 
|  76|0x0000000084c00000, 0x0000000084d00000, 0x0000000084d00000|100%| E|CS|TAMS 0x0000000084c00000| PB 0x0000000084c00000| Complete 
|  77|0x0000000084d00000, 0x0000000084e00000, 0x0000000084e00000|100%| E|CS|TAMS 0x0000000084d00000| PB 0x0000000084d00000| Complete 
|  78|0x0000000084e00000, 0x0000000084f00000, 0x0000000084f00000|100%| E|CS|TAMS 0x0000000084e00000| PB 0x0000000084e00000| Complete 
|  79|0x0000000084f00000, 0x0000000085000000, 0x0000000085000000|100%| E|CS|TAMS 0x0000000084f00000| PB 0x0000000084f00000| Complete 
|  80|0x0000000085000000, 0x0000000085100000, 0x0000000085100000|100%| E|CS|TAMS 0x0000000085000000| PB 0x0000000085000000| Complete 
|  81|0x0000000085100000, 0x0000000085200000, 0x0000000085200000|100%| E|CS|TAMS 0x0000000085100000| PB 0x0000000085100000| Complete 
|  82|0x0000000085200000, 0x0000000085300000, 0x0000000085300000|100%| E|CS|TAMS 0x0000000085200000| PB 0x0000000085200000| Complete 
|  83|0x0000000085300000, 0x0000000085400000, 0x0000000085400000|100%| E|CS|TAMS 0x0000000085300000| PB 0x0000000085300000| Complete 
|  84|0x0000000085400000, 0x0000000085500000, 0x0000000085500000|100%| E|CS|TAMS 0x0000000085400000| PB 0x0000000085400000| Complete 
|  85|0x0000000085500000, 0x0000000085600000, 0x0000000085600000|100%| E|CS|TAMS 0x0000000085500000| PB 0x0000000085500000| Complete 
|  86|0x0000000085600000, 0x0000000085700000, 0x0000000085700000|100%| E|CS|TAMS 0x0000000085600000| PB 0x0000000085600000| Complete 
|  87|0x0000000085700000, 0x0000000085800000, 0x0000000085800000|100%| E|CS|TAMS 0x0000000085700000| PB 0x0000000085700000| Complete 
|  88|0x0000000085800000, 0x0000000085900000, 0x0000000085900000|100%| E|CS|TAMS 0x0000000085800000| PB 0x0000000085800000| Complete 
|  97|0x0000000086100000, 0x0000000086200000, 0x0000000086200000|100%| E|CS|TAMS 0x0000000086100000| PB 0x0000000086100000| Complete 
|  98|0x0000000086200000, 0x0000000086300000, 0x0000000086300000|100%| E|CS|TAMS 0x0000000086200000| PB 0x0000000086200000| Complete 
|  99|0x0000000086300000, 0x0000000086400000, 0x0000000086400000|100%| E|CS|TAMS 0x0000000086300000| PB 0x0000000086300000| Complete 
| 122|0x0000000087a00000, 0x0000000087b00000, 0x0000000087b00000|100%| E|CS|TAMS 0x0000000087a00000| PB 0x0000000087a00000| Complete 
| 123|0x0000000087b00000, 0x0000000087c00000, 0x0000000087c00000|100%| E|CS|TAMS 0x0000000087b00000| PB 0x0000000087b00000| Complete 
|2043|0x00000000ffb00000, 0x00000000ffc00000, 0x00000000ffc00000|100%| O|  |TAMS 0x00000000ffb00000| PB 0x00000000ffb00000| Untracked 
|2044|0x00000000ffc00000, 0x00000000ffd00000, 0x00000000ffd00000|100%| O|  |TAMS 0x00000000ffc00000| PB 0x00000000ffc00000| Untracked 
|2045|0x00000000ffd00000, 0x00000000ffe00000, 0x00000000ffe00000|100%| O|  |TAMS 0x00000000ffd00000| PB 0x00000000ffd00000| Untracked 
|2046|0x00000000ffe00000, 0x00000000fff00000, 0x00000000fff00000|100%| O|  |TAMS 0x00000000ffe00000| PB 0x00000000ffe00000| Untracked 
|2047|0x00000000fff00000, 0x0000000100000000, 0x0000000100000000|100%| O|  |TAMS 0x00000000fff00000| PB 0x00000000fff00000| Untracked 

Card table byte_map: [0x0000021430a80000,0x0000021430e80000] _byte_map_base: 0x0000021430680000

Marking Bits: (CMBitMap*) 0x000002141c321930
 Bits: [0x0000021430e80000, 0x0000021432e80000)

Polling page: 0x000002141c3a0000

Metaspace:

Usage:
  Non-class:     45.08 MB used.
      Class:      7.02 MB used.
       Both:     52.10 MB used.

Virtual space:
  Non-class space:       64.00 MB reserved,      45.81 MB ( 72%) committed,  1 nodes.
      Class space:        1.00 GB reserved,       7.75 MB ( <1%) committed,  1 nodes.
             Both:        1.06 GB reserved,      53.56 MB (  5%) committed. 

Chunk freelists:
   Non-Class:  1.72 MB
       Class:  8.28 MB
        Both:  10.00 MB

MaxMetaspaceSize: unlimited
CompressedClassSpaceSize: 1.00 GB
Initial GC threshold: 21.00 MB
Current GC threshold: 59.62 MB
CDS: off
 - commit_granule_bytes: 65536.
 - commit_granule_words: 8192.
 - virtual_space_node_default_size: 8388608.
 - enlarge_chunks_in_place: 1.
 - use_allocation_guard: 0.


Internal statistics:

num_allocs_failed_limit: 9.
num_arena_births: 2702.
num_arena_deaths: 0.
num_vsnodes_births: 2.
num_vsnodes_deaths: 0.
num_space_committed: 857.
num_space_uncommitted: 0.
num_chunks_returned_to_freelist: 9.
num_chunks_taken_from_freelist: 4808.
num_chunk_merges: 9.
num_chunk_splits: 3091.
num_chunks_enlarged: 1877.
num_inconsistent_stats: 0.

CodeHeap 'non-profiled nmethods': size=120000Kb used=2603Kb max_used=2603Kb free=117396Kb
 bounds [0x00000214286f0000, 0x0000021428980000, 0x000002142fc20000]
CodeHeap 'profiled nmethods': size=120000Kb used=8319Kb max_used=8319Kb free=111681Kb
 bounds [0x0000021420c20000, 0x0000021421440000, 0x0000021428150000]
CodeHeap 'non-nmethods': size=5760Kb used=2112Kb max_used=2130Kb free=3647Kb
 bounds [0x0000021428150000, 0x00000214283c0000, 0x00000214286f0000]
 total_blobs=4972 nmethods=4267 adapters=608
 compilation: enabled
              stopped_count=0, restarted_count=0
 full_count=0

Compilation events (20 events):
Event: 4.813 Thread 0x0000021435b25650 nmethod 4656 0x0000021421439690 code [0x0000021421439840, 0x0000021421439a90]
Event: 4.828 Thread 0x0000021435b25650 4658       3       kotlin.jvm.internal.Lambda::<init> (10 bytes)
Event: 4.828 Thread 0x0000021435b25650 nmethod 4658 0x0000021421439b90 code [0x0000021421439d20, 0x0000021421439e88]
Event: 4.846 Thread 0x0000021435b25650 4659       3       java.util.concurrent.locks.AbstractQueuedSynchronizer$ConditionObject::awaitNanos (207 bytes)
Event: 4.847 Thread 0x0000021435b25650 nmethod 4659 0x0000021421439f90 code [0x000002142143a280, 0x000002142143b198]
Event: 4.889 Thread 0x0000021435b25650 4660       3       java.util.jar.JarFile$JarFileEntry::getRealName (5 bytes)
Event: 4.889 Thread 0x0000021435b25650 nmethod 4660 0x000002142143b790 code [0x000002142143b920, 0x000002142143ba40]
Event: 4.902 Thread 0x0000021435b25650 4661       3       kotlin.reflect.jvm.internal.impl.name.Name::asString (13 bytes)
Event: 4.903 Thread 0x0000021435b25650 nmethod 4661 0x000002142143bb10 code [0x000002142143bcc0, 0x000002142143be40]
Event: 4.904 Thread 0x0000021435b25650 4662       3       kotlin.reflect.jvm.internal.impl.name.FqNameUnsafe::isRoot (8 bytes)
Event: 4.905 Thread 0x0000021435b25650 nmethod 4662 0x000002142143bf10 code [0x000002142143c0c0, 0x000002142143c298]
Event: 4.905 Thread 0x0000021435b25650 4663       3       kotlin.reflect.jvm.internal.impl.name.FqNameUnsafe::hashCode (8 bytes)
Event: 4.905 Thread 0x0000021435b25650 nmethod 4663 0x000002142143c390 code [0x000002142143c540, 0x000002142143c680]
Event: 4.905 Thread 0x0000021435b25650 4664       3       kotlin.reflect.jvm.internal.impl.name.FqNameUnsafe::<init> (28 bytes)
Event: 4.905 Thread 0x0000021435b25650 nmethod 4664 0x000002142143c790 code [0x000002142143c940, 0x000002142143cc48]
Event: 4.908 Thread 0x0000021435b25650 4665       3       kotlin.reflect.jvm.internal.impl.name.Name::<init> (23 bytes)
Event: 4.909 Thread 0x0000021435b25650 nmethod 4665 0x000002142143cd10 code [0x000002142143cec0, 0x000002142143d108]
Event: 4.909 Thread 0x0000021435b25650 4666       3       kotlin.reflect.jvm.internal.impl.name.Name::identifier (18 bytes)
Event: 4.909 Thread 0x0000021435b25650 nmethod 4666 0x000002142143d210 code [0x000002142143d3e0, 0x000002142143d728]
Event: 4.909 Thread 0x0000021435b25650 4667       3       kotlin.reflect.jvm.internal.impl.name.FqName::asString (16 bytes)

GC Heap History (18 events):
Event: 0.457 GC heap before
{Heap before GC invocations=0 (full 0):
 garbage-first heap   total 126976K, used 22528K [0x0000000080000000, 0x0000000100000000)
  region size 1024K, 23 young (23552K), 0 survivors (0K)
 Metaspace       used 7987K, committed 8128K, reserved 1114112K
  class space    used 712K, committed 768K, reserved 1048576K
}
Event: 0.461 GC heap after
{Heap after GC invocations=1 (full 0):
 garbage-first heap   total 126976K, used 4480K [0x0000000080000000, 0x0000000100000000)
  region size 1024K, 3 young (3072K), 3 survivors (3072K)
 Metaspace       used 7987K, committed 8128K, reserved 1114112K
  class space    used 712K, committed 768K, reserved 1048576K
}
Event: 0.922 GC heap before
{Heap before GC invocations=1 (full 0):
 garbage-first heap   total 126976K, used 40320K [0x0000000080000000, 0x0000000100000000)
  region size 1024K, 35 young (35840K), 3 survivors (3072K)
 Metaspace       used 12122K, committed 12352K, reserved 1114112K
  class space    used 1279K, committed 1408K, reserved 1048576K
}
Event: 0.929 GC heap after
{Heap after GC invocations=2 (full 0):
 garbage-first heap   total 126976K, used 12651K [0x0000000080000000, 0x0000000100000000)
  region size 1024K, 4 young (4096K), 4 survivors (4096K)
 Metaspace       used 12122K, committed 12352K, reserved 1114112K
  class space    used 1279K, committed 1408K, reserved 1048576K
}
Event: 1.346 GC heap before
{Heap before GC invocations=2 (full 0):
 garbage-first heap   total 126976K, used 60779K [0x0000000080000000, 0x0000000100000000)
  region size 1024K, 49 young (50176K), 4 survivors (4096K)
 Metaspace       used 14270K, committed 14592K, reserved 1114112K
  class space    used 1565K, committed 1728K, reserved 1048576K
}
Event: 1.355 GC heap after
{Heap after GC invocations=3 (full 0):
 garbage-first heap   total 126976K, used 19029K [0x0000000080000000, 0x0000000100000000)
  region size 1024K, 7 young (7168K), 7 survivors (7168K)
 Metaspace       used 14270K, committed 14592K, reserved 1114112K
  class space    used 1565K, committed 1728K, reserved 1048576K
}
Event: 1.804 GC heap before
{Heap before GC invocations=3 (full 0):
 garbage-first heap   total 126976K, used 39509K [0x0000000080000000, 0x0000000100000000)
  region size 1024K, 29 young (29696K), 7 survivors (7168K)
 Metaspace       used 21160K, committed 21504K, reserved 1114112K
  class space    used 2446K, committed 2624K, reserved 1048576K
}
Event: 1.808 GC heap after
{Heap after GC invocations=4 (full 0):
 garbage-first heap   total 126976K, used 22056K [0x0000000080000000, 0x0000000100000000)
  region size 1024K, 8 young (8192K), 8 survivors (8192K)
 Metaspace       used 21160K, committed 21504K, reserved 1114112K
  class space    used 2446K, committed 2624K, reserved 1048576K
}
Event: 2.567 GC heap before
{Heap before GC invocations=5 (full 0):
 garbage-first heap   total 78848K, used 77352K [0x0000000080000000, 0x0000000100000000)
  region size 1024K, 62 young (63488K), 8 survivors (8192K)
 Metaspace       used 30035K, committed 30656K, reserved 1114112K
  class space    used 3858K, committed 4160K, reserved 1048576K
}
Event: 2.577 GC heap after
{Heap after GC invocations=6 (full 0):
 garbage-first heap   total 91136K, used 25402K [0x0000000080000000, 0x0000000100000000)
  region size 1024K, 7 young (7168K), 7 survivors (7168K)
 Metaspace       used 30035K, committed 30656K, reserved 1114112K
  class space    used 3858K, committed 4160K, reserved 1048576K
}
Event: 3.148 GC heap before
{Heap before GC invocations=6 (full 0):
 garbage-first heap   total 91136K, used 64314K [0x0000000080000000, 0x0000000100000000)
  region size 1024K, 46 young (47104K), 7 survivors (7168K)
 Metaspace       used 35315K, committed 36160K, reserved 1114112K
  class space    used 4738K, committed 5184K, reserved 1048576K
}
Event: 3.157 GC heap after
{Heap after GC invocations=7 (full 0):
 garbage-first heap   total 111616K, used 27813K [0x0000000080000000, 0x0000000100000000)
  region size 1024K, 6 young (6144K), 6 survivors (6144K)
 Metaspace       used 35315K, committed 36160K, reserved 1114112K
  class space    used 4738K, committed 5184K, reserved 1048576K
}
Event: 3.192 GC heap before
{Heap before GC invocations=7 (full 0):
 garbage-first heap   total 111616K, used 30885K [0x0000000080000000, 0x0000000100000000)
  region size 1024K, 10 young (10240K), 6 survivors (6144K)
 Metaspace       used 35644K, committed 36480K, reserved 1114112K
  class space    used 4788K, committed 5184K, reserved 1048576K
}
Event: 3.196 GC heap after
{Heap after GC invocations=8 (full 0):
 garbage-first heap   total 111616K, used 27758K [0x0000000080000000, 0x0000000100000000)
  region size 1024K, 3 young (3072K), 3 survivors (3072K)
 Metaspace       used 35644K, committed 36480K, reserved 1114112K
  class space    used 4788K, committed 5184K, reserved 1048576K
}
Event: 3.962 GC heap before
{Heap before GC invocations=9 (full 0):
 garbage-first heap   total 96256K, used 90222K [0x0000000080000000, 0x0000000100000000)
  region size 1024K, 65 young (66560K), 3 survivors (3072K)
 Metaspace       used 45458K, committed 46656K, reserved 1114112K
  class space    used 6053K, committed 6592K, reserved 1048576K
}
Event: 3.969 GC heap after
{Heap after GC invocations=10 (full 0):
 garbage-first heap   total 101376K, used 33561K [0x0000000080000000, 0x0000000100000000)
  region size 1024K, 9 young (9216K), 9 survivors (9216K)
 Metaspace       used 45458K, committed 46656K, reserved 1114112K
  class space    used 6053K, committed 6592K, reserved 1048576K
}
Event: 4.370 GC heap before
{Heap before GC invocations=10 (full 0):
 garbage-first heap   total 101376K, used 84761K [0x0000000080000000, 0x0000000100000000)
  region size 1024K, 59 young (60416K), 9 survivors (9216K)
 Metaspace       used 48223K, committed 49600K, reserved 1114112K
  class space    used 6506K, committed 7232K, reserved 1048576K
}
Event: 4.380 GC heap after
{Heap after GC invocations=11 (full 0):
 garbage-first heap   total 101376K, used 35659K [0x0000000080000000, 0x0000000100000000)
  region size 1024K, 4 young (4096K), 4 survivors (4096K)
 Metaspace       used 48223K, committed 49600K, reserved 1114112K
  class space    used 6506K, committed 7232K, reserved 1048576K
}

Dll operation events (3 events):
Event: 0.005 Loaded shared library C:\Program Files\Android\Android Studio5\jbr\bin\java.dll
Event: 0.009 Loaded shared library C:\Program Files\Android\Android Studio5\jbr\bin\zip.dll
Event: 0.489 Loaded shared library C:\Program Files\Android\Android Studio5\jbr\bin\verify.dll

Deoptimization events (20 events):
Event: 4.598 Thread 0x000002143bb77660 Uncommon trap: trap_request=0xffffff45 fr.pc=0x0000021428841290 relative=0x0000000000000910
Event: 4.598 Thread 0x000002143bb77660 Uncommon trap: reason=unstable_if action=reinterpret pc=0x0000021428841290 method=java.lang.Class.getPackageName()Ljava/lang/String; @ 55 c2
Event: 4.598 Thread 0x000002143bb77660 DEOPT PACKING pc=0x0000021428841290 sp=0x00000071348f8fe0
Event: 4.598 Thread 0x000002143bb77660 DEOPT UNPACKING pc=0x00000214281a7da2 sp=0x00000071348f8fb0 mode 2
Event: 4.626 Thread 0x000002143bb77660 Uncommon trap: trap_request=0xffffffde fr.pc=0x00000214287d9d54 relative=0x0000000000000854
Event: 4.626 Thread 0x000002143bb77660 Uncommon trap: reason=class_check action=maybe_recompile pc=0x00000214287d9d54 method=jdk.internal.loader.URLClassPath.getLoader(I)Ljdk/internal/loader/URLClassPath$Loader; @ 190 c2
Event: 4.626 Thread 0x000002143bb77660 DEOPT PACKING pc=0x00000214287d9d54 sp=0x00000071348f8e20
Event: 4.626 Thread 0x000002143bb77660 DEOPT UNPACKING pc=0x00000214281a7da2 sp=0x00000071348f8de0 mode 2
Event: 4.626 Thread 0x000002143bb77660 Uncommon trap: trap_request=0xffffffde fr.pc=0x00000214289293b4 relative=0x0000000000000214
Event: 4.626 Thread 0x000002143bb77660 Uncommon trap: reason=class_check action=maybe_recompile pc=0x00000214289293b4 method=jdk.internal.loader.URLClassPath.getResource(Ljava/lang/String;Z)Ljdk/internal/loader/Resource; @ 53 c2
Event: 4.626 Thread 0x000002143bb77660 DEOPT PACKING pc=0x00000214289293b4 sp=0x00000071348f8eb0
Event: 4.626 Thread 0x000002143bb77660 DEOPT UNPACKING pc=0x00000214281a7da2 sp=0x00000071348f8e40 mode 2
Event: 4.633 Thread 0x000002143bb77660 Uncommon trap: trap_request=0xffffffde fr.pc=0x00000214287d9d54 relative=0x0000000000000854
Event: 4.633 Thread 0x000002143bb77660 Uncommon trap: reason=class_check action=maybe_recompile pc=0x00000214287d9d54 method=jdk.internal.loader.URLClassPath.getLoader(I)Ljdk/internal/loader/URLClassPath$Loader; @ 190 c2
Event: 4.633 Thread 0x000002143bb77660 DEOPT PACKING pc=0x00000214287d9d54 sp=0x00000071348f8cf0
Event: 4.633 Thread 0x000002143bb77660 DEOPT UNPACKING pc=0x00000214281a7da2 sp=0x00000071348f8cb0 mode 2
Event: 4.633 Thread 0x000002143bb77660 Uncommon trap: trap_request=0xffffffde fr.pc=0x00000214289293b4 relative=0x0000000000000214
Event: 4.633 Thread 0x000002143bb77660 Uncommon trap: reason=class_check action=maybe_recompile pc=0x00000214289293b4 method=jdk.internal.loader.URLClassPath.getResource(Ljava/lang/String;Z)Ljdk/internal/loader/Resource; @ 53 c2
Event: 4.633 Thread 0x000002143bb77660 DEOPT PACKING pc=0x00000214289293b4 sp=0x00000071348f8d80
Event: 4.633 Thread 0x000002143bb77660 DEOPT UNPACKING pc=0x00000214281a7da2 sp=0x00000071348f8d10 mode 2

Classes loaded (20 events):
Event: 4.619 Loading class java/util/concurrent/atomic/AtomicReferenceFieldUpdater$AtomicReferenceFieldUpdaterImpl$1
Event: 4.619 Loading class java/util/concurrent/atomic/AtomicReferenceFieldUpdater$AtomicReferenceFieldUpdaterImpl$1 done
Event: 4.758 Loading class java/lang/StringIndexOutOfBoundsException
Event: 4.758 Loading class java/lang/StringIndexOutOfBoundsException done
Event: 4.796 Loading class java/util/stream/DistinctOps
Event: 4.796 Loading class java/util/stream/DistinctOps done
Event: 4.796 Loading class java/util/stream/DistinctOps$1
Event: 4.797 Loading class java/util/stream/ReferencePipeline$StatefulOp
Event: 4.797 Loading class java/util/stream/ReferencePipeline$StatefulOp done
Event: 4.797 Loading class java/util/stream/DistinctOps$1 done
Event: 4.798 Loading class java/util/stream/DistinctOps$1$2
Event: 4.798 Loading class java/util/stream/DistinctOps$1$2 done
Event: 4.801 Loading class java/util/stream/SortedOps
Event: 4.801 Loading class java/util/stream/SortedOps done
Event: 4.801 Loading class java/util/stream/SortedOps$OfRef
Event: 4.801 Loading class java/util/stream/SortedOps$OfRef done
Event: 4.802 Loading class java/util/stream/SortedOps$SizedRefSortingSink
Event: 4.802 Loading class java/util/stream/SortedOps$AbstractRefSortingSink
Event: 4.802 Loading class java/util/stream/SortedOps$AbstractRefSortingSink done
Event: 4.802 Loading class java/util/stream/SortedOps$SizedRefSortingSink done

Classes unloaded (0 events):
No events

Classes redefined (0 events):
No events

Internal exceptions (20 events):
Event: 4.441 Thread 0x000002143bb77660 Exception <a 'java/lang/NoSuchMethodError'{0x000000008624e250}: 'int java.lang.invoke.DirectMethodHandle$Holder.invokeInterface(java.lang.Object, java.lang.Object, java.lang.Object, java.lang.Object)'> (0x000000008624e250) 
thrown [s\src\hotspot\share\interpreter\linkResolver.cpp, line 784]
Event: 4.483 Thread 0x000002143bb77660 Exception <a 'java/lang/NoSuchMethodError'{0x00000000858c3530}: 'java.lang.Object java.lang.invoke.DirectMethodHandle$Holder.invokeStatic(java.lang.Object, long, java.lang.Object)'> (0x00000000858c3530) 
thrown [s\src\hotspot\share\interpreter\linkResolver.cpp, line 784]
Event: 4.483 Thread 0x000002143bb77660 Exception <a 'java/lang/NoSuchMethodError'{0x00000000858ca6e8}: 'java.lang.Object java.lang.invoke.DirectMethodHandle$Holder.newInvokeSpecial(java.lang.Object, long)'> (0x00000000858ca6e8) 
thrown [s\src\hotspot\share\interpreter\linkResolver.cpp, line 784]
Event: 4.489 Thread 0x000002143bb77660 Exception <a 'java/lang/NoSuchMethodError'{0x0000000085724f48}: 'java.lang.Object java.lang.invoke.DirectMethodHandle$Holder.newInvokeSpecial(java.lang.Object, java.lang.Object, java.lang.Object, java.lang.Object, java.lang.Object, long)'> (0x0000000085724f48) 
thrown [s\src\hotspot\share\interpreter\linkResolver.cpp, line 784]
Event: 4.489 Thread 0x000002143bb77660 Exception <a 'java/lang/NoSuchMethodError'{0x0000000085729dd8}: 'java.lang.Object java.lang.invoke.DirectMethodHandle$Holder.invokeSpecial(java.lang.Object, java.lang.Object, java.lang.Object, java.lang.Object, java.lang.Object, java.lang.Object, long)'> (0x0000000085729dd8) 
thrown [s\src\hotspot\share\interpreter\linkResolver.cpp, line 784]
Event: 4.490 Thread 0x000002143bb77660 Exception <a 'java/lang/NoSuchMethodError'{0x000000008572e3b8}: 'java.lang.Object java.lang.invoke.Invokers$Holder.linkToTargetMethod(java.lang.Object, java.lang.Object, java.lang.Object, java.lang.Object, long, java.lang.Object)'> (0x000000008572e3b8) 
thrown [s\src\hotspot\share\interpreter\linkResolver.cpp, line 784]
Event: 4.495 Thread 0x000002143bb77660 Exception <a 'java/lang/NoSuchMethodError'{0x0000000085776508}: 'java.lang.Object java.lang.invoke.DirectMethodHandle$Holder.newInvokeSpecial(java.lang.Object, java.lang.Object, java.lang.Object, long)'> (0x0000000085776508) 
thrown [s\src\hotspot\share\interpreter\linkResolver.cpp, line 784]
Event: 4.495 Thread 0x000002143bb77660 Exception <a 'java/lang/NoSuchMethodError'{0x000000008577b018}: 'java.lang.Object java.lang.invoke.DirectMethodHandle$Holder.invokeSpecial(java.lang.Object, java.lang.Object, java.lang.Object, java.lang.Object, long)'> (0x000000008577b018) 
thrown [s\src\hotspot\share\interpreter\linkResolver.cpp, line 784]
Event: 4.495 Thread 0x000002143bb77660 Exception <a 'java/lang/NoSuchMethodError'{0x000000008577f1d8}: 'java.lang.Object java.lang.invoke.Invokers$Holder.linkToTargetMethod(java.lang.Object, java.lang.Object, long, java.lang.Object)'> (0x000000008577f1d8) 
thrown [s\src\hotspot\share\interpreter\linkResolver.cpp, line 784]
Event: 4.531 Thread 0x000002143bb77660 Exception <a 'java/lang/NoSuchMethodError'{0x00000000855c4cd0}: 'java.lang.Object java.lang.invoke.DirectMethodHandle$Holder.newInvokeSpecial(java.lang.Object, java.lang.Object, java.lang.Object, java.lang.Object, java.lang.Object, java.lang.Object, java.lang.Object, java.lang.Object, java.lang.Object, java.lang.Object, java.lang.Object, java.lang.Object, java.lang.Object, java.lang.Object, java.lang.Object, java.lang.Object, java.lang.Object, java.lang.Object, java.lang.Object, java.lang.Object, java.lang
Event: 4.577 Thread 0x000002143bb77660 Implicit null exception at 0x00000214287f22ef to 0x00000214287f23a0
Event: 4.660 Thread 0x000002143bb77660 Exception <a 'java/lang/NoSuchMethodError'{0x0000000084b12c18}: 'java.lang.Object java.lang.invoke.DirectMethodHandle$Holder.newInvokeSpecial(java.lang.Object, java.lang.Object, java.lang.Object, java.lang.Object, java.lang.Object, java.lang.Object, java.lang.Object, java.lang.Object, java.lang.Object, java.lang.Object, java.lang.Object, java.lang.Object, java.lang.Object, java.lang.Object, java.lang.Object, java.lang.Object, java.lang.Object, java.lang.Object, java.lang.Object)'> (0x0000000084b12c18) 
thr
Event: 4.660 Thread 0x000002143bb77660 Exception <a 'java/lang/NoSuchMethodError'{0x0000000084b195d8}: 'java.lang.Object java.lang.invoke.DirectMethodHandle$Holder.invokeSpecial(java.lang.Object, java.lang.Object, java.lang.Object, java.lang.Object, java.lang.Object, java.lang.Object, java.lang.Object, java.lang.Object, java.lang.Object, java.lang.Object, java.lang.Object, java.lang.Object, java.lang.Object, java.lang.Object, java.lang.Object, java.lang.Object, java.lang.Object, java.lang.Object, java.lang.Object, java.lang.Object)'> (0x0000000
Event: 4.661 Thread 0x000002143bb77660 Exception <a 'java/lang/NoSuchMethodError'{0x0000000084b1ee28}: 'java.lang.Object java.lang.invoke.DelegatingMethodHandle$Holder.reinvoke_L(java.lang.Object, java.lang.Object, java.lang.Object, java.lang.Object, java.lang.Object, java.lang.Object, java.lang.Object, java.lang.Object, java.lang.Object, java.lang.Object, java.lang.Object, java.lang.Object, java.lang.Object, java.lang.Object, java.lang.Object, java.lang.Object, java.lang.Object, java.lang.Object, java.lang.Object)'> (0x0000000084b1ee28) 
throw
Event: 4.670 Thread 0x000002143bb77660 Exception <a 'java/lang/IncompatibleClassChangeError'{0x0000000084be6780}: Found class java.lang.Object, but interface was expected> (0x0000000084be6780) 
thrown [s\src\hotspot\share\interpreter\linkResolver.cpp, line 851]
Event: 4.673 Thread 0x000002143bb77660 Exception <a 'java/lang/NoSuchMethodError'{0x0000000084bfc7d8}: 'java.lang.Object java.lang.invoke.DirectMethodHandle$Holder.invokeVirtual(java.lang.Object, java.lang.Object, java.lang.Object, java.lang.Object, java.lang.Object, java.lang.Object, java.lang.Object, java.lang.Object, java.lang.Object, java.lang.Object, java.lang.Object, java.lang.Object, java.lang.Object)'> (0x0000000084bfc7d8) 
thrown [s\src\hotspot\share\interpreter\linkResolver.cpp, line 784]
Event: 4.725 Thread 0x000002143bb77660 Exception <a 'java/lang/NoSuchMethodError'{0x000000008472ef08}: 'java.lang.Object java.lang.invoke.DirectMethodHandle$Holder.newInvokeSpecial(java.lang.Object, int, java.lang.Object)'> (0x000000008472ef08) 
thrown [s\src\hotspot\share\interpreter\linkResolver.cpp, line 784]
Event: 4.768 Thread 0x000002143bb77660 Exception <a 'java/lang/NoSuchMethodError'{0x00000000845456a0}: 'java.lang.Object java.lang.invoke.DirectMethodHandle$Holder.invokeSpecial(java.lang.Object, java.lang.Object, long, java.lang.Object, java.lang.Object)'> (0x00000000845456a0) 
thrown [s\src\hotspot\share\interpreter\linkResolver.cpp, line 784]
Event: 4.783 Thread 0x000002143bb77660 Exception <a 'java/lang/NoSuchMethodError'{0x00000000844153e0}: 'java.lang.Object java.lang.invoke.DirectMethodHandle$Holder.newInvokeSpecial(java.lang.Object, java.lang.Object, int, java.lang.Object)'> (0x00000000844153e0) 
thrown [s\src\hotspot\share\interpreter\linkResolver.cpp, line 784]
Event: 4.783 Thread 0x000002143bb77660 Exception <a 'java/lang/NoSuchMethodError'{0x0000000084419c20}: 'java.lang.Object java.lang.invoke.DirectMethodHandle$Holder.invokeSpecial(java.lang.Object, java.lang.Object, java.lang.Object, int, java.lang.Object)'> (0x0000000084419c20) 
thrown [s\src\hotspot\share\interpreter\linkResolver.cpp, line 784]

ZGC Phase Switch (0 events):
No events

VM Operations (20 events):
Event: 3.942 Executing VM operation: ICBufferFull
Event: 3.942 Executing VM operation: ICBufferFull done
Event: 3.962 Executing VM operation: G1CollectForAllocation (G1 Evacuation Pause)
Event: 3.969 Executing VM operation: G1CollectForAllocation (G1 Evacuation Pause) done
Event: 4.180 Executing VM operation: HandshakeAllThreads (Deoptimize)
Event: 4.180 Executing VM operation: HandshakeAllThreads (Deoptimize) done
Event: 4.204 Executing VM operation: HandshakeAllThreads (Deoptimize)
Event: 4.204 Executing VM operation: HandshakeAllThreads (Deoptimize) done
Event: 4.205 Executing VM operation: HandshakeAllThreads (Deoptimize)
Event: 4.205 Executing VM operation: HandshakeAllThreads (Deoptimize) done
Event: 4.279 Executing VM operation: ICBufferFull
Event: 4.279 Executing VM operation: ICBufferFull done
Event: 4.369 Executing VM operation: G1CollectForAllocation (G1 Evacuation Pause)
Event: 4.380 Executing VM operation: G1CollectForAllocation (G1 Evacuation Pause) done
Event: 4.382 Executing VM operation: HandshakeAllThreads (Deoptimize)
Event: 4.382 Executing VM operation: HandshakeAllThreads (Deoptimize) done
Event: 4.439 Executing VM operation: HandshakeAllThreads (Deoptimize)
Event: 4.440 Executing VM operation: HandshakeAllThreads (Deoptimize) done
Event: 4.798 Executing VM operation: HandshakeAllThreads (Deoptimize)
Event: 4.798 Executing VM operation: HandshakeAllThreads (Deoptimize) done

Memory protections (0 events):
No events

Nmethod flushes (20 events):
Event: 3.210 Thread 0x0000021435936af0 flushing  nmethod 0x0000021420cd8b10
Event: 3.210 Thread 0x0000021435936af0 flushing  nmethod 0x0000021420cd9e90
Event: 3.210 Thread 0x0000021435936af0 flushing  nmethod 0x0000021420cda890
Event: 3.210 Thread 0x0000021435936af0 flushing  nmethod 0x0000021420cdae90
Event: 3.210 Thread 0x0000021435936af0 flushing  nmethod 0x0000021420cdb710
Event: 3.210 Thread 0x0000021435936af0 flushing  nmethod 0x0000021420cdd410
Event: 3.210 Thread 0x0000021435936af0 flushing  nmethod 0x0000021420cde410
Event: 3.210 Thread 0x0000021435936af0 flushing  nmethod 0x0000021420cde790
Event: 3.210 Thread 0x0000021435936af0 flushing  nmethod 0x0000021420cdf510
Event: 3.210 Thread 0x0000021435936af0 flushing  nmethod 0x0000021420d22c10
Event: 3.210 Thread 0x0000021435936af0 flushing  nmethod 0x0000021420d29f10
Event: 3.210 Thread 0x0000021435936af0 flushing  nmethod 0x0000021420dd5110
Event: 3.210 Thread 0x0000021435936af0 flushing  nmethod 0x0000021420dff710
Event: 3.210 Thread 0x0000021435936af0 flushing  nmethod 0x0000021420e38610
Event: 3.210 Thread 0x0000021435936af0 flushing  nmethod 0x0000021420e83190
Event: 3.210 Thread 0x0000021435936af0 flushing  nmethod 0x0000021420e86390
Event: 3.210 Thread 0x0000021435936af0 flushing  nmethod 0x0000021420f3f210
Event: 3.210 Thread 0x0000021435936af0 flushing  nmethod 0x0000021420f42010
Event: 3.210 Thread 0x0000021435936af0 flushing  nmethod 0x0000021420f43610
Event: 3.210 Thread 0x0000021435936af0 flushing  nmethod 0x0000021420f47f90

Events (20 events):
Event: 1.614 Thread 0x000002141c050a20 Thread added: 0x000002143baed210
Event: 1.681 Thread 0x000002141c050a20 Thread added: 0x000002143bae9770
Event: 1.716 Thread 0x000002143baed210 Thread added: 0x000002143ba401b0
Event: 1.718 Thread 0x000002143ba401b0 Thread added: 0x000002143ba40820
Event: 1.740 Thread 0x000002143ba401b0 Thread added: 0x000002143bb76ff0
Event: 1.748 Thread 0x000002143ba401b0 Thread added: 0x000002143bb77660
Event: 1.755 Thread 0x000002143bb77660 Thread added: 0x000002143bc3de30
Event: 1.758 Thread 0x000002143bb77660 Thread added: 0x000002143bc3e4c0
Event: 1.760 Thread 0x000002143bb77660 Thread added: 0x000002143bc3eb50
Event: 2.071 Thread 0x000002143bb77660 Thread added: 0x000002143bc3f1e0
Event: 2.082 Thread 0x000002143bb77660 Thread added: 0x000002143bc3f870
Event: 2.115 Thread 0x000002143bb77660 Thread added: 0x000002143bc3c3f0
Event: 2.775 Thread 0x000002143bb77660 Thread added: 0x000002143bc3d110
Event: 2.785 Thread 0x000002143bb77660 Thread added: 0x000002143bc3d7a0
Event: 2.982 Thread 0x000002143bb77660 Thread added: 0x000002143d0779d0
Event: 2.986 Thread 0x000002143bb77660 Thread added: 0x000002143d078d80
Event: 3.232 Thread 0x000002143bb77660 Thread added: 0x000002143d07c200
Event: 3.262 Thread 0x000002143bb77660 Thread added: 0x000002143d075900
Event: 3.387 Thread 0x000002143bb77660 Thread added: 0x000002143d07c890
Event: 3.470 Thread 0x000002143bb77660 Thread added: 0x000002143d0786f0


Dynamic libraries:
0x00007ff61b530000 - 0x00007ff61b53a000 	C:\Program Files\Android\Android Studio5\jbr\bin\java.exe
0x00007ff9ceac0000 - 0x00007ff9cecc7000 	C:\Windows\SYSTEM32\ntdll.dll
0x00007ff9cda80000 - 0x00007ff9cdb3d000 	C:\Windows\System32\KERNEL32.DLL
0x00007ff9cc230000 - 0x00007ff9cc5a2000 	C:\Windows\System32\KERNELBASE.dll
0x00007ff9cc870000 - 0x00007ff9cc981000 	C:\Windows\System32\ucrtbase.dll
0x00007ff9c72d0000 - 0x00007ff9c72e8000 	C:\Program Files\Android\Android Studio5\jbr\bin\jli.dll
0x00007ff9ba260000 - 0x00007ff9ba27b000 	C:\Program Files\Android\Android Studio5\jbr\bin\VCRUNTIME140.dll
0x00007ff9cd010000 - 0x00007ff9cd1bc000 	C:\Windows\System32\USER32.dll
0x00007ff9cc840000 - 0x00007ff9cc866000 	C:\Windows\System32\win32u.dll
0x00007ff9a7f60000 - 0x00007ff9a8205000 	C:\Windows\WinSxS\amd64_microsoft.windows.common-controls_6595b64144ccf1df_6.0.21996.1_none_7d6b053978bcd706\COMCTL32.dll
0x00007ff9ccfd0000 - 0x00007ff9ccff9000 	C:\Windows\System32\GDI32.dll
0x00007ff9cdee0000 - 0x00007ff9cdf83000 	C:\Windows\System32\msvcrt.dll
0x00007ff9cc720000 - 0x00007ff9cc832000 	C:\Windows\System32\gdi32full.dll
0x00007ff9cbfe0000 - 0x00007ff9cc07d000 	C:\Windows\System32\msvcp_win.dll
0x00007ff9cd260000 - 0x00007ff9cd291000 	C:\Windows\System32\IMM32.DLL
0x00007ff9b9bf0000 - 0x00007ff9b9bfc000 	C:\Program Files\Android\Android Studio5\jbr\bin\vcruntime140_1.dll
0x00007ff9b4e70000 - 0x00007ff9b4efd000 	C:\Program Files\Android\Android Studio5\jbr\bin\msvcp140.dll
0x00007ff951d70000 - 0x00007ff9529f3000 	C:\Program Files\Android\Android Studio5\jbr\bin\server\jvm.dll
0x00007ff9cd7d0000 - 0x00007ff9cd87c000 	C:\Windows\System32\ADVAPI32.dll
0x00007ff9cde40000 - 0x00007ff9cdedd000 	C:\Windows\System32\sechost.dll
0x00007ff9ce860000 - 0x00007ff9ce981000 	C:\Windows\System32\RPCRT4.dll
0x00007ff9ce7f0000 - 0x00007ff9ce85f000 	C:\Windows\System32\WS2_32.dll
0x00007ff9cbc60000 - 0x00007ff9cbcad000 	C:\Windows\SYSTEM32\POWRPROF.dll
0x00007ff9c9dd0000 - 0x00007ff9c9e03000 	C:\Windows\SYSTEM32\WINMM.dll
0x00007ff9c3410000 - 0x00007ff9c341a000 	C:\Windows\SYSTEM32\VERSION.dll
0x00007ff9cbc40000 - 0x00007ff9cbc53000 	C:\Windows\SYSTEM32\UMPDC.dll
0x00007ff9cb110000 - 0x00007ff9cb127000 	C:\Windows\SYSTEM32\kernel.appcore.dll
0x00007ff9b9bd0000 - 0x00007ff9b9bda000 	C:\Program Files\Android\Android Studio5\jbr\bin\jimage.dll
0x00007ff9c9b30000 - 0x00007ff9c9d51000 	C:\Windows\SYSTEM32\DBGHELP.DLL
0x00007ff9c9d90000 - 0x00007ff9c9dc1000 	C:\Windows\SYSTEM32\dbgcore.DLL
0x00007ff9cc140000 - 0x00007ff9cc1c0000 	C:\Windows\System32\bcryptPrimitives.dll
0x00007ff9c55a0000 - 0x00007ff9c55ae000 	C:\Program Files\Android\Android Studio5\jbr\bin\instrument.dll
0x00007ff9b8e20000 - 0x00007ff9b8e40000 	C:\Program Files\Android\Android Studio5\jbr\bin\java.dll
0x00007ff9b0c80000 - 0x00007ff9b0c98000 	C:\Program Files\Android\Android Studio5\jbr\bin\zip.dll
0x00007ff9ce080000 - 0x00007ff9ce7e9000 	C:\Windows\System32\SHELL32.dll
0x00007ff9ca1a0000 - 0x00007ff9ca9f8000 	C:\Windows\SYSTEM32\windows.storage.dll
0x00007ff9cd450000 - 0x00007ff9cd7c5000 	C:\Windows\System32\combase.dll
0x00007ff9ca030000 - 0x00007ff9ca196000 	C:\Windows\SYSTEM32\wintypes.dll
0x00007ff9ce990000 - 0x00007ff9cea7a000 	C:\Windows\System32\SHCORE.dll
0x00007ff9cc990000 - 0x00007ff9cc9ed000 	C:\Windows\System32\shlwapi.dll
0x00007ff9cbf10000 - 0x00007ff9cbf31000 	C:\Windows\SYSTEM32\profapi.dll
0x00007ff9b9710000 - 0x00007ff9b9720000 	C:\Program Files\Android\Android Studio5\jbr\bin\net.dll
0x00007ff9c6440000 - 0x00007ff9c654c000 	C:\Windows\SYSTEM32\WINHTTP.dll
0x00007ff9cb590000 - 0x00007ff9cb5f7000 	C:\Windows\system32\mswsock.dll
0x00007ff994a50000 - 0x00007ff994a66000 	C:\Program Files\Android\Android Studio5\jbr\bin\nio.dll
0x00007ff9a94f0000 - 0x00007ff9a9500000 	C:\Program Files\Android\Android Studio5\jbr\bin\verify.dll
0x00007ff9b4bd0000 - 0x00007ff9b4bf7000 	C:\Users\Gabriel\.gradle\native\c067742578af261105cb4f569cf0c3c89f3d7b1fecec35dd04571415982c5e48\windows-amd64\native-platform.dll
0x00007ff98c1c0000 - 0x00007ff98c304000 	C:\Users\Gabriel\.gradle\native\100fb08df4bc3b14c8652ba06237920a3bd2aa13389f12d3474272988ae205f9\windows-amd64\native-platform-file-events.dll
0x00007ff9b75f0000 - 0x00007ff9b75f9000 	C:\Program Files\Android\Android Studio5\jbr\bin\management.dll
0x00007ff9b28a0000 - 0x00007ff9b28ab000 	C:\Program Files\Android\Android Studio5\jbr\bin\management_ext.dll
0x00007ff9ccfc0000 - 0x00007ff9ccfc8000 	C:\Windows\System32\PSAPI.DLL
0x00007ff9cb7e0000 - 0x00007ff9cb7f8000 	C:\Windows\SYSTEM32\CRYPTSP.dll
0x00007ff9cb070000 - 0x00007ff9cb0a5000 	C:\Windows\system32\rsaenh.dll
0x00007ff9cb680000 - 0x00007ff9cb6a9000 	C:\Windows\SYSTEM32\USERENV.dll
0x00007ff9cb950000 - 0x00007ff9cb977000 	C:\Windows\SYSTEM32\bcrypt.dll
0x00007ff9cb7d0000 - 0x00007ff9cb7dc000 	C:\Windows\SYSTEM32\CRYPTBASE.dll
0x00007ff9cac50000 - 0x00007ff9cac7d000 	C:\Windows\SYSTEM32\IPHLPAPI.DLL
0x00007ff9cd320000 - 0x00007ff9cd329000 	C:\Windows\System32\NSI.dll
0x00007ff9b7a50000 - 0x00007ff9b7a59000 	C:\Program Files\Android\Android Studio5\jbr\bin\extnet.dll
0x00007ff9b5f30000 - 0x00007ff9b5f38000 	C:\Windows\system32\wshunix.dll

dbghelp: loaded successfully - version: 4.0.5 - missing functions: none
symbol engine: initialized successfully - sym options: 0x614 - pdb path: .;C:\Program Files\Android\Android Studio5\jbr\bin;C:\Windows\SYSTEM32;C:\Windows\WinSxS\amd64_microsoft.windows.common-controls_6595b64144ccf1df_6.0.21996.1_none_7d6b053978bcd706;C:\Program Files\Android\Android Studio5\jbr\bin\server;C:\Users\Gabriel\.gradle\native\c067742578af261105cb4f569cf0c3c89f3d7b1fecec35dd04571415982c5e48\windows-amd64;C:\Users\Gabriel\.gradle\native\100fb08df4bc3b14c8652ba06237920a3bd2aa13389f12d3474272988ae205f9\windows-amd64

VM Arguments:
jvm_args: --add-opens=java.base/java.util=ALL-UNNAMED --add-opens=java.base/java.lang=ALL-UNNAMED --add-opens=java.base/java.lang.invoke=ALL-UNNAMED --add-opens=java.prefs/java.util.prefs=ALL-UNNAMED --add-exports=jdk.compiler/com.sun.tools.javac.api=ALL-UNNAMED --add-exports=jdk.compiler/com.sun.tools.javac.util=ALL-UNNAMED --add-opens=java.base/java.nio.charset=ALL-UNNAMED --add-opens=java.base/java.net=ALL-UNNAMED --add-opens=java.base/java.util.concurrent.atomic=ALL-UNNAMED -Xmx2048m -Dfile.encoding=UTF-8 -Duser.country=BR -Duser.language=pt -Duser.variant -javaagent:C:\Users\Gabriel\.gradle\wrapper\dists\gradle-8.10.2-bin\a04bxjujx95o3nb99gddekhwo\gradle-8.10.2\lib\agents\gradle-instrumentation-agent-8.10.2.jar 
java_command: org.gradle.launcher.daemon.bootstrap.GradleDaemon 8.10.2
java_class_path (initial): C:\Users\Gabriel\.gradle\wrapper\dists\gradle-8.10.2-bin\a04bxjujx95o3nb99gddekhwo\gradle-8.10.2\lib\gradle-daemon-main-8.10.2.jar
Launcher Type: SUN_STANDARD

[Global flags]
     intx CICompilerCount                          = 4                                         {product} {ergonomic}
     uint ConcGCThreads                            = 2                                         {product} {ergonomic}
     uint G1ConcRefinementThreads                  = 8                                         {product} {ergonomic}
   size_t G1HeapRegionSize                         = 1048576                                   {product} {ergonomic}
    uintx GCDrainStackTargetSize                   = 64                                        {product} {ergonomic}
   size_t InitialHeapSize                          = 130023424                                 {product} {ergonomic}
   size_t MarkStackSize                            = 4194304                                   {product} {ergonomic}
   size_t MaxHeapSize                              = 2147483648                                {product} {command line}
   size_t MaxNewSize                               = 1287651328                                {product} {ergonomic}
   size_t MinHeapDeltaBytes                        = 1048576                                   {product} {ergonomic}
   size_t MinHeapSize                              = 8388608                                   {product} {ergonomic}
    uintx NonNMethodCodeHeapSize                   = 5839372                                {pd product} {ergonomic}
    uintx NonProfiledCodeHeapSize                  = 122909434                              {pd product} {ergonomic}
    uintx ProfiledCodeHeapSize                     = 122909434                              {pd product} {ergonomic}
    uintx ReservedCodeCacheSize                    = 251658240                              {pd product} {ergonomic}
     bool SegmentedCodeCache                       = true                                      {product} {ergonomic}
   size_t SoftMaxHeapSize                          = 2147483648                             {manageable} {ergonomic}
     bool UseCompressedOops                        = true                           {product lp64_product} {ergonomic}
     bool UseG1GC                                  = true                                      {product} {ergonomic}
     bool UseLargePagesIndividualAllocation        = false                                  {pd product} {ergonomic}

Logging:
Log output configuration:
 #0: stdout all=warning uptime,level,tags foldmultilines=false
 #1: stderr all=off uptime,level,tags foldmultilines=false

Environment Variables:
PATH=C:\Program Files\Common Files\Oracle\Java\javapath;C:\Windows\system32;C:\Windows;C:\Windows\System32\Wbem;C:\Windows\System32\WindowsPowerShell\v1.0\;C:\Windows\System32\OpenSSH\;C:\ProgramData\UNIVALI\Portugol Studio;C:\Program Files\Microsoft SQL Server\150\Tools\Binn\;C:\Program Files\Microsoft SQL Server\Client SDK\ODBC\170\Tools\Binn\;C:\Program Files\dotnet\;C:\Program Files\Git\cmd;C:\Program Files\MySQL\MySQL Shell 8.0\bin\;C:\Users\Gabriel\AppData\Local\Programs\Python\Launcher\;C:\Users\Gabriel\AppData\Local\Microsoft\WindowsApps;C:\Users\Gabriel\AppData\Local\Programs\Microsoft VS Code\bin;C:\Users\Gabriel\.dotnet\tools;C:\Windows\Microsoft.NET\Framework64\v4.0.30319;C:\Users\Gabriel\Documents\aprendizado\Aulas\flutter\bin
USERNAME=Gabriel
OS=Windows_NT
PROCESSOR_IDENTIFIER=Intel64 Family 6 Model 140 Stepping 1, GenuineIntel
TMP=C:\Users\Gabriel\AppData\Local\Temp
TEMP=C:\Users\Gabriel\AppData\Local\Temp




Periodic native trim disabled

JNI global refs:
JNI global refs: 25, weak refs: 1

JNI global refs memory usage: 835, weak refs: 833

Process memory usage:
Resident Set Size: 305100K (3% of 8125220K total physical memory with 681888K free physical memory)

OOME stack traces (most recent first):
Classloader memory used:
Loader org.gradle.internal.classloader.VisitableURLClassLoader                         : 25739K
Loader bootstrap                                                                       : 21550K
Loader org.gradle.initialization.MixInLegacyTypesClassLoader                           : 5400K
Loader jdk.internal.loader.ClassLoaders$PlatformClassLoader                            : 529K
Loader jdk.internal.loader.ClassLoaders$AppClassLoader                                 : 234K
Loader org.gradle.internal.classloader.VisitableURLClassLoader                         : 19136B

Classes loaded by more than one classloader:
Class org.gradle.internal.classloader.FilteringClassLoader                            : loaded 2 times (x 101B)
Class org.gradle.internal.classloader.ClassLoaderHierarchy                            : loaded 2 times (x 66B)
Class org.gradle.api.internal.classpath.ManifestUtil                                  : loaded 2 times (x 67B)
Class org.gradle.internal.classloader.DefaultClassLoaderFactory                       : loaded 2 times (x 78B)
Class org.gradle.internal.classloader.ClassLoaderVisitor                              : loaded 2 times (x 72B)
Class org.gradle.api.internal.classpath.EffectiveClassPath                            : loaded 2 times (x 86B)
Class org.gradle.api.internal.DefaultClassPathProvider                                : loaded 2 times (x 72B)
Class [Lorg.gradle.api.internal.ClassPathProvider;                                    : loaded 2 times (x 65B)
Class org.gradle.api.internal.ClassPathProvider                                       : loaded 2 times (x 66B)
Class org.gradle.internal.service.UnknownServiceException                             : loaded 2 times (x 79B)
Class org.gradle.internal.classpath.TransformedClassPath                              : loaded 2 times (x 92B)
Class org.gradle.internal.classloader.InstrumentingClassLoader                        : loaded 2 times (x 66B)
Class org.gradle.internal.service.ServiceLocator                                      : loaded 2 times (x 66B)
Class org.gradle.internal.InternalTransformer                                         : loaded 2 times (x 66B)
Class org.gradle.internal.classloader.ClasspathUtil$1                                 : loaded 2 times (x 72B)
Class org.gradle.api.internal.classpath.DefaultModuleRegistry$DefaultModule           : loaded 2 times (x 82B)
Class org.gradle.api.internal.classpath.Module                                        : loaded 2 times (x 66B)
Class org.gradle.api.internal.classpath.UnknownModuleException                        : loaded 2 times (x 78B)
Class org.gradle.api.internal.DefaultClassPathRegistry                                : loaded 2 times (x 72B)
Class org.gradle.api.internal.ClassPathRegistry                                       : loaded 2 times (x 66B)
Class org.gradle.internal.classpath.DefaultClassPath$ImmutableUniqueList              : loaded 2 times (x 195B)
Class org.gradle.internal.classpath.ClassPath                                         : loaded 2 times (x 66B)
Class org.gradle.api.UncheckedIOException                                             : loaded 2 times (x 78B)
Class org.gradle.internal.installation.GradleInstallation$1                           : loaded 2 times (x 71B)
Class org.gradle.api.internal.classpath.ModuleRegistry                                : loaded 2 times (x 66B)
Class org.gradle.api.internal.classpath.DefaultModuleRegistry                         : loaded 2 times (x 82B)
Class org.gradle.internal.service.ServiceLookupException                              : loaded 2 times (x 78B)
Class org.gradle.internal.classloader.ClassLoaderFactory                              : loaded 2 times (x 66B)
Class org.gradle.internal.service.CachingServiceLocator                               : loaded 2 times (x 78B)
Class org.gradle.internal.classloader.ClasspathUtil                                   : loaded 2 times (x 67B)
Class org.gradle.api.specs.Spec                                                       : loaded 2 times (x 66B)
Class org.gradle.internal.classloader.VisitableURLClassLoader$InstrumentingVisitableURLClassLoader: loaded 2 times (x 119B)
Class org.gradle.internal.classloader.VisitableURLClassLoader$Spec                    : loaded 2 times (x 70B)
Class org.gradle.internal.classpath.DefaultClassPath                                  : loaded 2 times (x 86B)
Class org.gradle.internal.classloader.ClassLoaderSpec                                 : loaded 2 times (x 67B)
Class org.gradle.internal.classloader.VisitableURLClassLoader                         : loaded 2 times (x 113B)
Class org.gradle.internal.Cast                                                        : loaded 2 times (x 67B)
Class org.gradle.api.Action                                                           : loaded 2 times (x 66B)
Class org.gradle.internal.classpath.DefaultClassPath$ImmutableUniqueList$Builder      : loaded 2 times (x 71B)
Class org.gradle.api.GradleException                                                  : loaded 2 times (x 78B)
Class org.gradle.internal.IoActions                                                   : loaded 2 times (x 67B)
Class org.gradle.internal.classloader.SystemClassLoaderSpec                           : loaded 2 times (x 67B)
Class org.gradle.api.internal.classpath.GlobalCacheRootsProvider                      : loaded 2 times (x 66B)
Class org.gradle.internal.installation.CurrentGradleInstallationLocator               : loaded 2 times (x 67B)
Class org.gradle.internal.service.DefaultServiceLocator                               : loaded 2 times (x 79B)
Class org.gradle.internal.installation.CurrentGradleInstallation                      : loaded 2 times (x 69B)
Class org.gradle.util.internal.GUtil                                                  : loaded 2 times (x 67B)
Class org.gradle.internal.installation.GradleInstallation                             : loaded 2 times (x 71B)

---------------  S Y S T E M  ---------------

OS:
 Windows 10 , 64 bit Build 21996 (10.0.21996.1)
OS uptime: 4 days 0:06 hours

CPU: total 8 (initial active 8) (4 cores per cpu, 2 threads per core) family 6 model 140 stepping 1 microcode 0xba, cx8, cmov, fxsr, ht, mmx, 3dnowpref, sse, sse2, sse3, ssse3, sse4.1, sse4.2, popcnt, lzcnt, tsc, tscinvbit, avx, avx2, aes, erms, clmul, bmi1, bmi2, adx, avx512f, avx512dq, avx512cd, avx512bw, avx512vl, sha, fma, vzeroupper, avx512_vpopcntdq, avx512_vpclmulqdq, avx512_vaes, avx512_vnni, clflush, clflushopt, clwb, avx512_vbmi2, avx512_vbmi, rdtscp, rdpid, fsrm, gfni, avx512_bitalg, f16c, pku, cet_ibt, cet_ss, avx512_ifma
Processor Information for processor 0
  Max Mhz: 2419, Current Mhz: 2419, Mhz Limit: 2419
Processor Information for processor 1
  Max Mhz: 2419, Current Mhz: 2419, Mhz Limit: 2419
Processor Information for processor 2
  Max Mhz: 2419, Current Mhz: 2419, Mhz Limit: 2419
Processor Information for processor 3
  Max Mhz: 2419, Current Mhz: 2419, Mhz Limit: 2419
Processor Information for processor 4
  Max Mhz: 2419, Current Mhz: 1209, Mhz Limit: 2419
Processor Information for processor 5
  Max Mhz: 2419, Current Mhz: 2419, Mhz Limit: 2419
Processor Information for processor 6
  Max Mhz: 2419, Current Mhz: 2419, Mhz Limit: 2419
Processor Information for processor 7
  Max Mhz: 2419, Current Mhz: 2419, Mhz Limit: 2419

Memory: 4k page, system-wide physical 7934M (665M free)
TotalPageFile size 24835M (AvailPageFile size 10M)
current process WorkingSet (physical memory assigned to process): 299M, peak: 300M
current process commit charge ("private bytes"): 337M, peak: 341M

vm_info: OpenJDK 64-Bit Server VM (21.0.4+-12508038-b607.1) for windows-amd64 JRE (21.0.4+-12508038-b607.1), built on 2024-10-16T17:23:34Z by "builder" with MS VC++ 16.10 / 16.11 (VS2019)

END.
