#
# There is insufficient memory for the Java Runtime Environment to continue.
# Native memory allocation (mmap) failed to map 13631488 bytes. Error detail: G1 virtual space
# Possible reasons:
#   The system is out of physical RAM or swap space
#   This process is running with CompressedOops enabled, and the Java Heap may be blocking the growth of the native heap
# Possible solutions:
#   Reduce memory load on the system
#   Increase physical memory or swap space
#   Check if swap backing store is full
#   Decrease Java heap size (-Xmx/-Xms)
#   Decrease number of Java threads
#   Decrease Java thread stack sizes (-Xss)
#   Set larger code cache with -XX:ReservedCodeCacheSize=
#   JVM is running with Unscaled Compressed Oops mode in which the Java heap is
#     placed in the first 4GB address space. The Java Heap base address is the
#     maximum limit for the native heap growth. Please use -XX:HeapBaseMinAddress
#     to set the Java Heap base and to place the Java Heap above 4GB virtual address.
# This output file may be truncated or incomplete.
#
#  Out of Memory Error (os_windows.cpp:3828), pid=15048, tid=2844
#
# JRE version: OpenJDK Runtime Environment (21.0.4) (build 21.0.4+-12508038-b607.1)
# Java VM: OpenJDK 64-Bit Server VM (21.0.4+-12508038-b607.1, mixed mode, tiered, compressed oops, compressed class ptrs, g1 gc, windows-amd64)
# No core dump will be written. Minidumps are not enabled by default on client versions of Windows
#

---------------  S U M M A R Y ------------

Command Line: --add-opens=java.base/java.util=ALL-UNNAMED --add-opens=java.base/java.lang=ALL-UNNAMED --add-opens=java.base/java.lang.invoke=ALL-UNNAMED --add-opens=java.prefs/java.util.prefs=ALL-UNNAMED --add-exports=jdk.compiler/com.sun.tools.javac.api=ALL-UNNAMED --add-exports=jdk.compiler/com.sun.tools.javac.util=ALL-UNNAMED --add-opens=java.base/java.nio.charset=ALL-UNNAMED --add-opens=java.base/java.net=ALL-UNNAMED --add-opens=java.base/java.util.concurrent.atomic=ALL-UNNAMED -Xmx2048m -Dfile.encoding=UTF-8 -Duser.country=BR -Duser.language=pt -Duser.variant -javaagent:C:\Users\Gabriel\.gradle\wrapper\dists\gradle-8.10.2-bin\a04bxjujx95o3nb99gddekhwo\gradle-8.10.2\lib\agents\gradle-instrumentation-agent-8.10.2.jar org.gradle.launcher.daemon.bootstrap.GradleDaemon 8.10.2

Host: 11th Gen Intel(R) Core(TM) i5-1135G7 @ 2.40GHz, 8 cores, 7G,  Windows 10 , 64 bit Build 21996 (10.0.21996.1)
Time: Sun Mar  2 10:25:05 2025 Hora oficial do Brasil elapsed time: 8.353874 seconds (0d 0h 0m 8s)

---------------  T H R E A D  ---------------

Current thread (0x0000014f355704a0):  VMThread "VM Thread"          [id=2844, stack(0x0000003916800000,0x0000003916900000) (1024K)]

Stack: [0x0000003916800000,0x0000003916900000]
Native frames: (J=compiled Java code, j=interpreted, Vv=VM code, C=native code)
V  [jvm.dll+0x6ce539]
V  [jvm.dll+0x85bf03]
V  [jvm.dll+0x85e45e]
V  [jvm.dll+0x85eb43]
V  [jvm.dll+0x27dd06]
V  [jvm.dll+0x6cada5]
V  [jvm.dll+0x6bf27a]
V  [jvm.dll+0x3541fb]
V  [jvm.dll+0x35be36]
V  [jvm.dll+0x3adbc6]
V  [jvm.dll+0x3ade98]
V  [jvm.dll+0x32691c]
V  [jvm.dll+0x3269a7]
V  [jvm.dll+0x36c78c]
V  [jvm.dll+0x36af3e]
V  [jvm.dll+0x326071]
V  [jvm.dll+0x36a968]
V  [jvm.dll+0x8648c8]
V  [jvm.dll+0x865c44]
V  [jvm.dll+0x866180]
V  [jvm.dll+0x866413]
V  [jvm.dll+0x804418]
V  [jvm.dll+0x6cce0d]
C  [ucrtbase.dll+0x26c0c]
C  [KERNEL32.DLL+0x154e0]
C  [ntdll.dll+0x485b]

VM_Operation (0x00000039182f2030): G1TryInitiateConcMark, mode: safepoint, requested by thread 0x0000014f3be66250


---------------  P R O C E S S  ---------------

Threads class SMR info:
_java_thread_list=0x0000014f3cfe3300, length=56, elements={
0x0000014f1de9ae90, 0x0000014f3572ffe0, 0x0000014f35730a40, 0x0000014f35731980,
0x0000014f357323e0, 0x0000014f35742650, 0x0000014f357440c0, 0x0000014f35750070,
0x0000014f35758b20, 0x0000014f35897300, 0x0000014f35a65300, 0x0000014f3a0bdac0,
0x0000014f3bcf4410, 0x0000014f3bd83bc0, 0x0000014f3bd9c520, 0x0000014f3c02d220,
0x0000014f3bb9ddc0, 0x0000014f3be65740, 0x0000014f3be66250, 0x0000014f3bd1fce0,
0x0000014f3bd2ef20, 0x0000014f3bd2f5b0, 0x0000014f3bd2c7c0, 0x0000014f3bd2db70,
0x0000014f3bd2c130, 0x0000014f3bd2d4e0, 0x0000014f3bd2e200, 0x0000014f3bd2e890,
0x0000014f3dcabf40, 0x0000014f3dcb0770, 0x0000014f3dcb0e00, 0x0000014f3dcacc60,
0x0000014f3dcb21b0, 0x0000014f3dcaed30, 0x0000014f3dcaf3c0, 0x0000014f3dcae6a0,
0x0000014f3dcab8b0, 0x0000014f3dcb2ed0, 0x0000014f3dcac5d0, 0x0000014f3dcb00e0,
0x0000014f3dcad2f0, 0x0000014f3dcae010, 0x0000014f413773d0, 0x0000014f41375990,
0x0000014f413745e0, 0x0000014f41376d40, 0x0000014f41373f50, 0x0000014f41374c70,
0x0000014f41375300, 0x0000014f41376020, 0x0000014f413766b0, 0x0000014f3b308790,
0x0000014f3b308e20, 0x0000014f3b306030, 0x0000014f3b309b40, 0x0000014f3b30a1d0
}

Java Threads: ( => current thread )
  0x0000014f1de9ae90 JavaThread "main"                              [_thread_blocked, id=11296, stack(0x0000003916100000,0x0000003916200000) (1024K)]
  0x0000014f3572ffe0 JavaThread "Reference Handler"          daemon [_thread_blocked, id=22200, stack(0x0000003916900000,0x0000003916a00000) (1024K)]
  0x0000014f35730a40 JavaThread "Finalizer"                  daemon [_thread_blocked, id=19044, stack(0x0000003916a00000,0x0000003916b00000) (1024K)]
  0x0000014f35731980 JavaThread "Signal Dispatcher"          daemon [_thread_blocked, id=17792, stack(0x0000003916b00000,0x0000003916c00000) (1024K)]
  0x0000014f357323e0 JavaThread "Attach Listener"            daemon [_thread_blocked, id=11072, stack(0x0000003916c00000,0x0000003916d00000) (1024K)]
  0x0000014f35742650 JavaThread "Service Thread"             daemon [_thread_blocked, id=19072, stack(0x0000003916d00000,0x0000003916e00000) (1024K)]
  0x0000014f357440c0 JavaThread "Monitor Deflation Thread"   daemon [_thread_blocked, id=13764, stack(0x0000003916e00000,0x0000003916f00000) (1024K)]
  0x0000014f35750070 JavaThread "C2 CompilerThread0"         daemon [_thread_in_native, id=8796, stack(0x0000003916f00000,0x0000003917000000) (1024K)]
  0x0000014f35758b20 JavaThread "C1 CompilerThread0"         daemon [_thread_blocked, id=13040, stack(0x0000003917000000,0x0000003917100000) (1024K)]
  0x0000014f35897300 JavaThread "Common-Cleaner"             daemon [_thread_blocked, id=19536, stack(0x0000003917100000,0x0000003917200000) (1024K)]
  0x0000014f35a65300 JavaThread "Notification Thread"        daemon [_thread_blocked, id=13784, stack(0x0000003917200000,0x0000003917300000) (1024K)]
  0x0000014f3a0bdac0 JavaThread "C2 CompilerThread1"         daemon [_thread_blocked, id=19888, stack(0x0000003917300000,0x0000003917400000) (1024K)]
  0x0000014f3bcf4410 JavaThread "Daemon health stats"               [_thread_blocked, id=2660, stack(0x0000003917900000,0x0000003917a00000) (1024K)]
  0x0000014f3bd83bc0 JavaThread "Incoming local TCP Connector on port 51046"        [_thread_in_native, id=22428, stack(0x0000003917d00000,0x0000003917e00000) (1024K)]
  0x0000014f3bd9c520 JavaThread "Daemon periodic checks"            [_thread_blocked, id=20240, stack(0x0000003917e00000,0x0000003917f00000) (1024K)]
  0x0000014f3c02d220 JavaThread "Daemon"                            [_thread_blocked, id=16548, stack(0x0000003917f00000,0x0000003918000000) (1024K)]
  0x0000014f3bb9ddc0 JavaThread "Handler for socket connection from /127.0.0.1:51046 to /127.0.0.1:51047"        [_thread_in_native, id=16672, stack(0x0000003918000000,0x0000003918100000) (1024K)]
  0x0000014f3be65740 JavaThread "Cancel handler"                    [_thread_blocked, id=17820, stack(0x0000003918100000,0x0000003918200000) (1024K)]
  0x0000014f3be66250 JavaThread "Daemon worker"                     [_thread_blocked, id=12100, stack(0x0000003918200000,0x0000003918300000) (1024K)]
  0x0000014f3bd1fce0 JavaThread "Asynchronous log dispatcher for DefaultDaemonConnection: socket connection from /127.0.0.1:51046 to /127.0.0.1:51047"        [_thread_blocked, id=20804, stack(0x0000003918300000,0x0000003918400000) (1024K)]
  0x0000014f3bd2ef20 JavaThread "Stdin handler"                     [_thread_blocked, id=6316, stack(0x0000003918400000,0x0000003918500000) (1024K)]
  0x0000014f3bd2f5b0 JavaThread "Daemon client event forwarder"        [_thread_blocked, id=7588, stack(0x0000003918500000,0x0000003918600000) (1024K)]
  0x0000014f3bd2c7c0 JavaThread "Cache worker for journal cache (C:\Users\Gabriel\.gradle\caches\journal-1)"        [_thread_blocked, id=8324, stack(0x0000003918700000,0x0000003918800000) (1024K)]
  0x0000014f3bd2db70 JavaThread "File lock request listener"        [_thread_in_native, id=21932, stack(0x0000003918800000,0x0000003918900000) (1024K)]
  0x0000014f3bd2c130 JavaThread "Cache worker for file hash cache (C:\Users\Gabriel\.gradle\caches\8.10.2\fileHashes)"        [_thread_blocked, id=11640, stack(0x0000003918900000,0x0000003918a00000) (1024K)]
  0x0000014f3bd2d4e0 JavaThread "Cache worker for file hash cache (C:\Users\Gabriel\Documents\CodigosAndroidStudio\Programa-o-Mobile\MindCraft\.gradle\8.10.2\fileHashes)"        [_thread_blocked, id=3624, stack(0x0000003918a00000,0x0000003918b00000) (1024K)]
  0x0000014f3bd2e200 JavaThread "Cache worker for Build Output Cleanup Cache (C:\Users\Gabriel\Documents\CodigosAndroidStudio\Programa-o-Mobile\MindCraft\.gradle\buildOutputCleanup)"        [_thread_blocked, id=8992, stack(0x0000003918b00000,0x0000003918c00000) (1024K)]
  0x0000014f3bd2e890 JavaThread "File watcher server"        daemon [_thread_blocked, id=19592, stack(0x0000003918c00000,0x0000003918d00000) (1024K)]
  0x0000014f3dcabf40 JavaThread "File watcher consumer"      daemon [_thread_blocked, id=2052, stack(0x0000003918d00000,0x0000003918e00000) (1024K)]
  0x0000014f3dcb0770 JavaThread "Cache worker for checksums cache (C:\Users\Gabriel\Documents\CodigosAndroidStudio\Programa-o-Mobile\MindCraft\.gradle\8.10.2\checksums)"        [_thread_blocked, id=21056, stack(0x0000003918e00000,0x0000003918f00000) (1024K)]
  0x0000014f3dcb0e00 JavaThread "Cache worker for file content cache (C:\Users\Gabriel\.gradle\caches\8.10.2\fileContent)"        [_thread_blocked, id=19660, stack(0x0000003918f00000,0x0000003919000000) (1024K)]
  0x0000014f3dcacc60 JavaThread "Cache worker for cache directory md-rule (C:\Users\Gabriel\.gradle\caches\8.10.2\md-rule)"        [_thread_blocked, id=18072, stack(0x0000003919000000,0x0000003919100000) (1024K)]
  0x0000014f3dcb21b0 JavaThread "Cache worker for cache directory md-supplier (C:\Users\Gabriel\.gradle\caches\8.10.2\md-supplier)"        [_thread_blocked, id=12592, stack(0x0000003919100000,0x0000003919200000) (1024K)]
  0x0000014f3dcaed30 JavaThread "Unconstrained build operations"        [_thread_blocked, id=8428, stack(0x0000003919200000,0x0000003919300000) (1024K)]
  0x0000014f3dcaf3c0 JavaThread "Unconstrained build operations Thread 2"        [_thread_blocked, id=9928, stack(0x0000003919300000,0x0000003919400000) (1024K)]
  0x0000014f3dcae6a0 JavaThread "Unconstrained build operations Thread 3"        [_thread_blocked, id=5916, stack(0x0000003919400000,0x0000003919500000) (1024K)]
  0x0000014f3dcab8b0 JavaThread "Unconstrained build operations Thread 4"        [_thread_blocked, id=19680, stack(0x0000003919500000,0x0000003919600000) (1024K)]
  0x0000014f3dcb2ed0 JavaThread "Unconstrained build operations Thread 5"        [_thread_blocked, id=11020, stack(0x0000003919600000,0x0000003919700000) (1024K)]
  0x0000014f3dcac5d0 JavaThread "Unconstrained build operations Thread 6"        [_thread_blocked, id=9660, stack(0x0000003919700000,0x0000003919800000) (1024K)]
  0x0000014f3dcb00e0 JavaThread "Unconstrained build operations Thread 7"        [_thread_blocked, id=20788, stack(0x0000003919800000,0x0000003919900000) (1024K)]
  0x0000014f3dcad2f0 JavaThread "Unconstrained build operations Thread 8"        [_thread_blocked, id=15084, stack(0x0000003919900000,0x0000003919a00000) (1024K)]
  0x0000014f3dcae010 JavaThread "Unconstrained build operations Thread 9"        [_thread_blocked, id=21684, stack(0x0000003919a00000,0x0000003919b00000) (1024K)]
  0x0000014f413773d0 JavaThread "Unconstrained build operations Thread 10"        [_thread_blocked, id=18024, stack(0x0000003919b00000,0x0000003919c00000) (1024K)]
  0x0000014f41375990 JavaThread "Unconstrained build operations Thread 11"        [_thread_blocked, id=6592, stack(0x0000003919c00000,0x0000003919d00000) (1024K)]
  0x0000014f413745e0 JavaThread "Unconstrained build operations Thread 12"        [_thread_blocked, id=20128, stack(0x0000003919d00000,0x0000003919e00000) (1024K)]
  0x0000014f41376d40 JavaThread "Unconstrained build operations Thread 13"        [_thread_blocked, id=19684, stack(0x0000003919e00000,0x0000003919f00000) (1024K)]
  0x0000014f41373f50 JavaThread "Unconstrained build operations Thread 14"        [_thread_blocked, id=6280, stack(0x0000003919f00000,0x000000391a000000) (1024K)]
  0x0000014f41374c70 JavaThread "Unconstrained build operations Thread 15"        [_thread_blocked, id=8876, stack(0x000000391a000000,0x000000391a100000) (1024K)]
  0x0000014f41375300 JavaThread "Unconstrained build operations Thread 16"        [_thread_blocked, id=16144, stack(0x000000391a100000,0x000000391a200000) (1024K)]
  0x0000014f41376020 JavaThread "Unconstrained build operations Thread 17"        [_thread_blocked, id=18708, stack(0x000000391a200000,0x000000391a300000) (1024K)]
  0x0000014f413766b0 JavaThread "Unconstrained build operations Thread 18"        [_thread_blocked, id=3800, stack(0x000000391a300000,0x000000391a400000) (1024K)]
  0x0000014f3b308790 JavaThread "Unconstrained build operations Thread 19"        [_thread_blocked, id=20972, stack(0x000000391a400000,0x000000391a500000) (1024K)]
  0x0000014f3b308e20 JavaThread "Unconstrained build operations Thread 20"        [_thread_blocked, id=1488, stack(0x000000391a500000,0x000000391a600000) (1024K)]
  0x0000014f3b306030 JavaThread "Unconstrained build operations Thread 21"        [_thread_blocked, id=18704, stack(0x000000391a600000,0x000000391a700000) (1024K)]
  0x0000014f3b309b40 JavaThread "build event listener"              [_thread_blocked, id=10304, stack(0x000000391a700000,0x000000391a800000) (1024K)]
  0x0000014f3b30a1d0 JavaThread "Memory manager"                    [_thread_blocked, id=12348, stack(0x0000003917400000,0x0000003917500000) (1024K)]
Total: 56

Other Threads:
=>0x0000014f355704a0 VMThread "VM Thread"                           [id=2844, stack(0x0000003916800000,0x0000003916900000) (1024K)]
  0x0000014f35511940 WatcherThread "VM Periodic Task Thread"        [id=8672, stack(0x0000003916700000,0x0000003916800000) (1024K)]
  0x0000014f1def35f0 WorkerThread "GC Thread#0"                     [id=6852, stack(0x0000003916200000,0x0000003916300000) (1024K)]
  0x0000014f3a4db540 WorkerThread "GC Thread#1"                     [id=17032, stack(0x0000003917500000,0x0000003917600000) (1024K)]
  0x0000014f3a4e6070 WorkerThread "GC Thread#2"                     [id=1964, stack(0x0000003917600000,0x0000003917700000) (1024K)]
  0x0000014f3a441ef0 WorkerThread "GC Thread#3"                     [id=17532, stack(0x0000003917700000,0x0000003917800000) (1024K)]
  0x0000014f3a442290 WorkerThread "GC Thread#4"                     [id=7824, stack(0x0000003917800000,0x0000003917900000) (1024K)]
  0x0000014f3b185640 WorkerThread "GC Thread#5"                     [id=14288, stack(0x0000003917a00000,0x0000003917b00000) (1024K)]
  0x0000014f3bcd1d50 WorkerThread "GC Thread#6"                     [id=16320, stack(0x0000003917b00000,0x0000003917c00000) (1024K)]
  0x0000014f3bd7a530 WorkerThread "GC Thread#7"                     [id=8724, stack(0x0000003917c00000,0x0000003917d00000) (1024K)]
  0x0000014f1df04640 ConcurrentGCThread "G1 Main Marker"            [id=20196, stack(0x0000003916300000,0x0000003916400000) (1024K)]
  0x0000014f1df057e0 WorkerThread "G1 Conc#0"                       [id=13376, stack(0x0000003916400000,0x0000003916500000) (1024K)]
  0x0000014f3bd7a190 WorkerThread "G1 Conc#1"                       [id=5888, stack(0x0000003918600000,0x0000003918700000) (1024K)]
  0x0000014f1df6ead0 ConcurrentGCThread "G1 Refine#0"               [id=4692, stack(0x0000003916500000,0x0000003916600000) (1024K)]
  0x0000014f353e5b30 ConcurrentGCThread "G1 Service"                [id=1492, stack(0x0000003916600000,0x0000003916700000) (1024K)]
Total: 15

Threads with active compile tasks:
C2 CompilerThread0     8375 8237       4       java.lang.String::split (148 bytes)
C2 CompilerThread1     8375 8236       4       java.util.Arrays::copyOfRange (25 bytes)
Total: 2

VM state: at safepoint (normal execution)

VM Mutex/Monitor currently owned by a thread:  ([mutex/lock_event])
[0x00007ff9529172f8] Threads_lock - owner thread: 0x0000014f355704a0
[0x00007ff9529173f8] Heap_lock - owner thread: 0x0000014f3be66250

Heap address: 0x0000000080000000, size: 2048 MB, Compressed Oops mode: 32-bit

CDS archive(s) not mapped
Compressed class space mapped at: 0x0000000100000000-0x0000000140000000, reserved size: 1073741824
Narrow klass base: 0x0000000000000000, Narrow klass shift: 3, Narrow klass range: 0x140000000

GC Precious Log:
 CardTable entry size: 512
 Card Set container configuration: InlinePtr #cards 5 size 8 Array Of Cards #cards 12 size 40 Howl #buckets 4 coarsen threshold 1843 Howl Bitmap #cards 512 size 80 coarsen threshold 460 Card regions per heap region 1 cards per card region 2048
 CPUs: 8 total, 8 available
 Memory: 7934M
 Large Page Support: Disabled
 NUMA Support: Disabled
 Compressed Oops: Enabled (32-bit)
 Heap Region Size: 1M
 Heap Min Capacity: 8M
 Heap Initial Capacity: 124M
 Heap Max Capacity: 2G
 Pre-touch: Disabled
 Parallel Workers: 8
 Concurrent Workers: 2
 Concurrent Refinement Workers: 8
 Periodic GC: Disabled

Heap:
 garbage-first heap   total 116736K, used 64090K [0x0000000080000000, 0x0000000100000000)
  region size 1024K, 4 young (4096K), 4 survivors (4096K)
 Metaspace       used 76975K, committed 78720K, reserved 1179648K
  class space    used 10408K, committed 11264K, reserved 1048576K

Heap Regions: E=young(eden), S=young(survivor), O=old, HS=humongous(starts), HC=humongous(continues), CS=collection set, F=free, TAMS=top-at-mark-start, PB=parsable bottom
|   0|0x0000000080000000, 0x0000000080100000, 0x0000000080100000|100%| O|  |TAMS 0x0000000080100000| PB 0x0000000080000000| Untracked 
|   1|0x0000000080100000, 0x0000000080200000, 0x0000000080200000|100%| O|  |TAMS 0x0000000080200000| PB 0x0000000080100000| Untracked 
|   2|0x0000000080200000, 0x0000000080300000, 0x0000000080300000|100%|HS|  |TAMS 0x0000000080300000| PB 0x0000000080200000| Complete 
|   3|0x0000000080300000, 0x0000000080400000, 0x0000000080400000|100%|HC|  |TAMS 0x0000000080400000| PB 0x0000000080300000| Complete 
|   4|0x0000000080400000, 0x0000000080500000, 0x0000000080500000|100%|HC|  |TAMS 0x0000000080500000| PB 0x0000000080400000| Complete 
|   5|0x0000000080500000, 0x0000000080600000, 0x0000000080600000|100%|HC|  |TAMS 0x0000000080600000| PB 0x0000000080500000| Complete 
|   6|0x0000000080600000, 0x0000000080700000, 0x0000000080700000|100%| O|  |TAMS 0x0000000080700000| PB 0x0000000080600000| Untracked 
|   7|0x0000000080700000, 0x0000000080800000, 0x0000000080800000|100%| O|  |TAMS 0x0000000080800000| PB 0x0000000080700000| Untracked 
|   8|0x0000000080800000, 0x0000000080900000, 0x0000000080900000|100%| O|  |TAMS 0x0000000080900000| PB 0x0000000080800000| Untracked 
|   9|0x0000000080900000, 0x0000000080a00000, 0x0000000080a00000|100%|HS|  |TAMS 0x0000000080a00000| PB 0x0000000080900000| Complete 
|  10|0x0000000080a00000, 0x0000000080b00000, 0x0000000080b00000|100%| O|  |TAMS 0x0000000080b00000| PB 0x0000000080a00000| Untracked 
|  11|0x0000000080b00000, 0x0000000080c00000, 0x0000000080c00000|100%| O|  |TAMS 0x0000000080c00000| PB 0x0000000080b00000| Untracked 
|  12|0x0000000080c00000, 0x0000000080d00000, 0x0000000080d00000|100%| O|  |TAMS 0x0000000080d00000| PB 0x0000000080c00000| Untracked 
|  13|0x0000000080d00000, 0x0000000080e00000, 0x0000000080e00000|100%| O|  |TAMS 0x0000000080e00000| PB 0x0000000080d00000| Untracked 
|  14|0x0000000080e00000, 0x0000000080f00000, 0x0000000080f00000|100%| O|  |TAMS 0x0000000080f00000| PB 0x0000000080e00000| Untracked 
|  15|0x0000000080f00000, 0x0000000081000000, 0x0000000081000000|100%| O|  |TAMS 0x0000000081000000| PB 0x0000000080f00000| Untracked 
|  16|0x0000000081000000, 0x0000000081100000, 0x0000000081100000|100%| O|  |TAMS 0x0000000081100000| PB 0x0000000081000000| Untracked 
|  17|0x0000000081100000, 0x0000000081200000, 0x0000000081200000|100%| O|  |TAMS 0x0000000081200000| PB 0x0000000081100000| Untracked 
|  18|0x0000000081200000, 0x0000000081300000, 0x0000000081300000|100%| O|  |TAMS 0x0000000081300000| PB 0x0000000081200000| Untracked 
|  19|0x0000000081300000, 0x0000000081400000, 0x0000000081400000|100%| O|  |TAMS 0x0000000081400000| PB 0x0000000081300000| Untracked 
|  20|0x0000000081400000, 0x0000000081500000, 0x0000000081500000|100%| O|  |TAMS 0x0000000081500000| PB 0x0000000081400000| Untracked 
|  21|0x0000000081500000, 0x0000000081600000, 0x0000000081600000|100%| O|  |TAMS 0x0000000081600000| PB 0x0000000081500000| Untracked 
|  22|0x0000000081600000, 0x0000000081700000, 0x0000000081700000|100%| O|  |TAMS 0x0000000081700000| PB 0x0000000081600000| Untracked 
|  23|0x0000000081700000, 0x0000000081800000, 0x0000000081800000|100%| O|  |TAMS 0x0000000081800000| PB 0x0000000081700000| Untracked 
|  24|0x0000000081800000, 0x0000000081900000, 0x0000000081900000|100%| O|  |TAMS 0x0000000081900000| PB 0x0000000081800000| Untracked 
|  25|0x0000000081900000, 0x0000000081a00000, 0x0000000081a00000|100%| O|  |TAMS 0x0000000081a00000| PB 0x0000000081900000| Untracked 
|  26|0x0000000081a00000, 0x0000000081b00000, 0x0000000081b00000|100%| O|  |TAMS 0x0000000081b00000| PB 0x0000000081a00000| Untracked 
|  27|0x0000000081b00000, 0x0000000081c00000, 0x0000000081c00000|100%| O|  |TAMS 0x0000000081c00000| PB 0x0000000081b00000| Untracked 
|  28|0x0000000081c00000, 0x0000000081d00000, 0x0000000081d00000|100%| O|  |TAMS 0x0000000081d00000| PB 0x0000000081c00000| Untracked 
|  29|0x0000000081d00000, 0x0000000081d00000, 0x0000000081e00000|  0%| F|  |TAMS 0x0000000081d00000| PB 0x0000000081d00000| Untracked 
|  30|0x0000000081e00000, 0x0000000081f00000, 0x0000000081f00000|100%| O|  |TAMS 0x0000000081f00000| PB 0x0000000081e00000| Untracked 
|  31|0x0000000081f00000, 0x0000000082000000, 0x0000000082000000|100%| O|  |TAMS 0x0000000082000000| PB 0x0000000081f00000| Untracked 
|  32|0x0000000082000000, 0x0000000082000000, 0x0000000082100000|  0%| F|  |TAMS 0x0000000082000000| PB 0x0000000082000000| Untracked 
|  33|0x0000000082100000, 0x0000000082200000, 0x0000000082200000|100%| O|  |TAMS 0x0000000082200000| PB 0x0000000082100000| Untracked 
|  34|0x0000000082200000, 0x0000000082300000, 0x0000000082300000|100%| O|  |TAMS 0x0000000082300000| PB 0x0000000082200000| Untracked 
|  35|0x0000000082300000, 0x0000000082400000, 0x0000000082400000|100%|HS|  |TAMS 0x0000000082400000| PB 0x0000000082300000| Complete 
|  36|0x0000000082400000, 0x0000000082500000, 0x0000000082500000|100%| O|  |TAMS 0x0000000082500000| PB 0x0000000082400000| Untracked 
|  37|0x0000000082500000, 0x0000000082600000, 0x0000000082600000|100%| O|  |TAMS 0x0000000082600000| PB 0x0000000082500000| Untracked 
|  38|0x0000000082600000, 0x0000000082700000, 0x0000000082700000|100%| O|  |TAMS 0x0000000082700000| PB 0x0000000082600000| Untracked 
|  39|0x0000000082700000, 0x0000000082800000, 0x0000000082800000|100%|HS|  |TAMS 0x0000000082800000| PB 0x0000000082700000| Complete 
|  40|0x0000000082800000, 0x0000000082900000, 0x0000000082900000|100%|HS|  |TAMS 0x0000000082900000| PB 0x0000000082800000| Complete 
|  41|0x0000000082900000, 0x0000000082a00000, 0x0000000082a00000|100%|HS|  |TAMS 0x0000000082a00000| PB 0x0000000082900000| Complete 
|  42|0x0000000082a00000, 0x0000000082b00000, 0x0000000082b00000|100%| O|  |TAMS 0x0000000082b00000| PB 0x0000000082a00000| Untracked 
|  43|0x0000000082b00000, 0x0000000082c00000, 0x0000000082c00000|100%|HS|  |TAMS 0x0000000082c00000| PB 0x0000000082b00000| Complete 
|  44|0x0000000082c00000, 0x0000000082d00000, 0x0000000082d00000|100%|HS|  |TAMS 0x0000000082d00000| PB 0x0000000082c00000| Complete 
|  45|0x0000000082d00000, 0x0000000082e00000, 0x0000000082e00000|100%| O|  |TAMS 0x0000000082e00000| PB 0x0000000082d00000| Untracked 
|  46|0x0000000082e00000, 0x0000000082f00000, 0x0000000082f00000|100%| O|  |TAMS 0x0000000082f00000| PB 0x0000000082e00000| Untracked 
|  47|0x0000000082f00000, 0x0000000083000000, 0x0000000083000000|100%| O|  |TAMS 0x0000000083000000| PB 0x0000000082f00000| Untracked 
|  48|0x0000000083000000, 0x0000000083100000, 0x0000000083100000|100%| O|  |TAMS 0x0000000083100000| PB 0x0000000083000000| Untracked 
|  49|0x0000000083100000, 0x0000000083200000, 0x0000000083200000|100%| O|  |TAMS 0x0000000083200000| PB 0x0000000083100000| Untracked 
|  50|0x0000000083200000, 0x0000000083300000, 0x0000000083300000|100%| O|  |TAMS 0x0000000083300000| PB 0x0000000083200000| Untracked 
|  51|0x0000000083300000, 0x0000000083300000, 0x0000000083400000|  0%| F|  |TAMS 0x0000000083300000| PB 0x0000000083300000| Untracked 
|  52|0x0000000083400000, 0x0000000083400000, 0x0000000083500000|  0%| F|  |TAMS 0x0000000083400000| PB 0x0000000083400000| Untracked 
|  53|0x0000000083500000, 0x0000000083500000, 0x0000000083600000|  0%| F|  |TAMS 0x0000000083500000| PB 0x0000000083500000| Untracked 
|  54|0x0000000083600000, 0x0000000083700000, 0x0000000083700000|100%| O|  |TAMS 0x0000000083700000| PB 0x0000000083600000| Untracked 
|  55|0x0000000083700000, 0x0000000083800000, 0x0000000083800000|100%| O|  |TAMS 0x0000000083800000| PB 0x0000000083700000| Untracked 
|  56|0x0000000083800000, 0x0000000083900000, 0x0000000083900000|100%| O|  |TAMS 0x0000000083900000| PB 0x0000000083800000| Untracked 
|  57|0x0000000083900000, 0x0000000083a00000, 0x0000000083a00000|100%| O|  |TAMS 0x0000000083a00000| PB 0x0000000083900000| Untracked 
|  58|0x0000000083a00000, 0x0000000083b00000, 0x0000000083b00000|100%| O|  |TAMS 0x0000000083b00000| PB 0x0000000083a00000| Untracked 
|  59|0x0000000083b00000, 0x0000000083c00000, 0x0000000083c00000|100%| O|  |TAMS 0x0000000083c00000| PB 0x0000000083b00000| Untracked 
|  60|0x0000000083c00000, 0x0000000083d00000, 0x0000000083d00000|100%| O|  |TAMS 0x0000000083d00000| PB 0x0000000083c00000| Untracked 
|  61|0x0000000083d00000, 0x0000000083d29cd0, 0x0000000083e00000| 16%| O|  |TAMS 0x0000000083d29cd0| PB 0x0000000083d00000| Untracked 
|  62|0x0000000083e00000, 0x0000000083e00000, 0x0000000083f00000|  0%| F|  |TAMS 0x0000000083e00000| PB 0x0000000083e00000| Untracked 
|  63|0x0000000083f00000, 0x0000000083f00000, 0x0000000084000000|  0%| F|  |TAMS 0x0000000083f00000| PB 0x0000000083f00000| Untracked 
|  64|0x0000000084000000, 0x0000000084000000, 0x0000000084100000|  0%| F|  |TAMS 0x0000000084000000| PB 0x0000000084000000| Untracked 
|  65|0x0000000084100000, 0x0000000084100000, 0x0000000084200000|  0%| F|  |TAMS 0x0000000084100000| PB 0x0000000084100000| Untracked 
|  66|0x0000000084200000, 0x0000000084200000, 0x0000000084300000|  0%| F|  |TAMS 0x0000000084200000| PB 0x0000000084200000| Untracked 
|  67|0x0000000084300000, 0x0000000084300000, 0x0000000084400000|  0%| F|  |TAMS 0x0000000084300000| PB 0x0000000084300000| Untracked 
|  68|0x0000000084400000, 0x0000000084400000, 0x0000000084500000|  0%| F|  |TAMS 0x0000000084400000| PB 0x0000000084400000| Untracked 
|  69|0x0000000084500000, 0x0000000084500000, 0x0000000084600000|  0%| F|  |TAMS 0x0000000084500000| PB 0x0000000084500000| Untracked 
|  70|0x0000000084600000, 0x0000000084600000, 0x0000000084700000|  0%| F|  |TAMS 0x0000000084600000| PB 0x0000000084600000| Untracked 
|  71|0x0000000084700000, 0x0000000084700000, 0x0000000084800000|  0%| F|  |TAMS 0x0000000084700000| PB 0x0000000084700000| Untracked 
|  72|0x0000000084800000, 0x0000000084800000, 0x0000000084900000|  0%| F|  |TAMS 0x0000000084800000| PB 0x0000000084800000| Untracked 
|  73|0x0000000084900000, 0x0000000084900000, 0x0000000084a00000|  0%| F|  |TAMS 0x0000000084900000| PB 0x0000000084900000| Untracked 
|  74|0x0000000084a00000, 0x0000000084a00000, 0x0000000084b00000|  0%| F|  |TAMS 0x0000000084a00000| PB 0x0000000084a00000| Untracked 
|  75|0x0000000084b00000, 0x0000000084b00000, 0x0000000084c00000|  0%| F|  |TAMS 0x0000000084b00000| PB 0x0000000084b00000| Untracked 
|  76|0x0000000084c00000, 0x0000000084c00000, 0x0000000084d00000|  0%| F|  |TAMS 0x0000000084c00000| PB 0x0000000084c00000| Untracked 
|  77|0x0000000084d00000, 0x0000000084d00000, 0x0000000084e00000|  0%| F|  |TAMS 0x0000000084d00000| PB 0x0000000084d00000| Untracked 
|  78|0x0000000084e00000, 0x0000000084e00000, 0x0000000084f00000|  0%| F|  |TAMS 0x0000000084e00000| PB 0x0000000084e00000| Untracked 
|  79|0x0000000084f00000, 0x0000000084f00000, 0x0000000085000000|  0%| F|  |TAMS 0x0000000084f00000| PB 0x0000000084f00000| Untracked 
|  80|0x0000000085000000, 0x0000000085000000, 0x0000000085100000|  0%| F|  |TAMS 0x0000000085000000| PB 0x0000000085000000| Untracked 
|  81|0x0000000085100000, 0x0000000085100000, 0x0000000085200000|  0%| F|  |TAMS 0x0000000085100000| PB 0x0000000085100000| Untracked 
|  82|0x0000000085200000, 0x0000000085200000, 0x0000000085300000|  0%| F|  |TAMS 0x0000000085200000| PB 0x0000000085200000| Untracked 
|  83|0x0000000085300000, 0x0000000085300000, 0x0000000085400000|  0%| F|  |TAMS 0x0000000085300000| PB 0x0000000085300000| Untracked 
|  84|0x0000000085400000, 0x0000000085400000, 0x0000000085500000|  0%| F|  |TAMS 0x0000000085400000| PB 0x0000000085400000| Untracked 
|  85|0x0000000085500000, 0x0000000085500000, 0x0000000085600000|  0%| F|  |TAMS 0x0000000085500000| PB 0x0000000085500000| Untracked 
|  86|0x0000000085600000, 0x0000000085600000, 0x0000000085700000|  0%| F|  |TAMS 0x0000000085600000| PB 0x0000000085600000| Untracked 
|  87|0x0000000085700000, 0x0000000085700000, 0x0000000085800000|  0%| F|  |TAMS 0x0000000085700000| PB 0x0000000085700000| Untracked 
|  88|0x0000000085800000, 0x0000000085800000, 0x0000000085900000|  0%| F|  |TAMS 0x0000000085800000| PB 0x0000000085800000| Untracked 
|  89|0x0000000085900000, 0x0000000085900000, 0x0000000085a00000|  0%| F|  |TAMS 0x0000000085900000| PB 0x0000000085900000| Untracked 
|  90|0x0000000085a00000, 0x0000000085a00000, 0x0000000085b00000|  0%| F|  |TAMS 0x0000000085a00000| PB 0x0000000085a00000| Untracked 
|  91|0x0000000085b00000, 0x0000000085b6ce38, 0x0000000085c00000| 42%| S|CS|TAMS 0x0000000085b00000| PB 0x0000000085b00000| Complete 
|  92|0x0000000085c00000, 0x0000000085d00000, 0x0000000085d00000|100%| S|CS|TAMS 0x0000000085c00000| PB 0x0000000085c00000| Complete 
|  93|0x0000000085d00000, 0x0000000085e00000, 0x0000000085e00000|100%| S|CS|TAMS 0x0000000085d00000| PB 0x0000000085d00000| Complete 
|  94|0x0000000085e00000, 0x0000000085f00000, 0x0000000085f00000|100%| S|CS|TAMS 0x0000000085e00000| PB 0x0000000085e00000| Complete 
|  95|0x0000000085f00000, 0x0000000085f00000, 0x0000000086000000|  0%| F|  |TAMS 0x0000000085f00000| PB 0x0000000085f00000| Untracked 
|  96|0x0000000086000000, 0x0000000086000000, 0x0000000086100000|  0%| F|  |TAMS 0x0000000086000000| PB 0x0000000086000000| Untracked 
|  97|0x0000000086100000, 0x0000000086100000, 0x0000000086200000|  0%| F|  |TAMS 0x0000000086100000| PB 0x0000000086100000| Untracked 
|  98|0x0000000086200000, 0x0000000086200000, 0x0000000086300000|  0%| F|  |TAMS 0x0000000086200000| PB 0x0000000086200000| Untracked 
|  99|0x0000000086300000, 0x0000000086300000, 0x0000000086400000|  0%| F|  |TAMS 0x0000000086300000| PB 0x0000000086300000| Untracked 
| 100|0x0000000086400000, 0x0000000086400000, 0x0000000086500000|  0%| F|  |TAMS 0x0000000086400000| PB 0x0000000086400000| Untracked 
| 101|0x0000000086500000, 0x0000000086500000, 0x0000000086600000|  0%| F|  |TAMS 0x0000000086500000| PB 0x0000000086500000| Untracked 
| 102|0x0000000086600000, 0x0000000086600000, 0x0000000086700000|  0%| F|  |TAMS 0x0000000086600000| PB 0x0000000086600000| Untracked 
| 103|0x0000000086700000, 0x0000000086700000, 0x0000000086800000|  0%| F|  |TAMS 0x0000000086700000| PB 0x0000000086700000| Untracked 
| 104|0x0000000086800000, 0x0000000086800000, 0x0000000086900000|  0%| F|  |TAMS 0x0000000086800000| PB 0x0000000086800000| Untracked 
| 105|0x0000000086900000, 0x0000000086900000, 0x0000000086a00000|  0%| F|  |TAMS 0x0000000086900000| PB 0x0000000086900000| Untracked 
| 106|0x0000000086a00000, 0x0000000086a00000, 0x0000000086b00000|  0%| F|  |TAMS 0x0000000086a00000| PB 0x0000000086a00000| Untracked 
| 107|0x0000000086b00000, 0x0000000086b00000, 0x0000000086c00000|  0%| F|  |TAMS 0x0000000086b00000| PB 0x0000000086b00000| Untracked 
| 108|0x0000000086c00000, 0x0000000086c00000, 0x0000000086d00000|  0%| F|  |TAMS 0x0000000086c00000| PB 0x0000000086c00000| Untracked 
| 109|0x0000000086d00000, 0x0000000086d00000, 0x0000000086e00000|  0%| F|  |TAMS 0x0000000086d00000| PB 0x0000000086d00000| Untracked 
| 123|0x0000000087b00000, 0x0000000087b00000, 0x0000000087c00000|  0%| F|  |TAMS 0x0000000087b00000| PB 0x0000000087b00000| Untracked 
|2045|0x00000000ffd00000, 0x00000000ffe00000, 0x00000000ffe00000|100%| O|  |TAMS 0x00000000ffe00000| PB 0x00000000ffd00000| Untracked 
|2046|0x00000000ffe00000, 0x00000000fff00000, 0x00000000fff00000|100%| O|  |TAMS 0x00000000fff00000| PB 0x00000000ffe00000| Untracked 
|2047|0x00000000fff00000, 0x0000000100000000, 0x0000000100000000|100%| O|  |TAMS 0x0000000100000000| PB 0x00000000fff00000| Untracked 

Card table byte_map: [0x0000014f30720000,0x0000014f30b20000] _byte_map_base: 0x0000014f30320000

Marking Bits: (CMBitMap*) 0x0000014f1def3bf0
 Bits: [0x0000014f30b20000, 0x0000014f32b20000)

Polling page: 0x0000014f1d670000

Metaspace:

Usage:
  Non-class:     65.01 MB used.
      Class:     10.16 MB used.
       Both:     75.17 MB used.

Virtual space:
  Non-class space:      128.00 MB reserved,      65.88 MB ( 51%) committed,  2 nodes.
      Class space:        1.00 GB reserved,      11.00 MB (  1%) committed,  1 nodes.
             Both:        1.12 GB reserved,      76.88 MB (  7%) committed. 

Chunk freelists:
   Non-Class:  14.00 MB
       Class:  5.00 MB
        Both:  19.00 MB

MaxMetaspaceSize: unlimited
CompressedClassSpaceSize: 1.00 GB
Initial GC threshold: 21.00 MB
Current GC threshold: 111.69 MB
CDS: off
 - commit_granule_bytes: 65536.
 - commit_granule_words: 8192.
 - virtual_space_node_default_size: 8388608.
 - enlarge_chunks_in_place: 1.
 - use_allocation_guard: 0.


Internal statistics:

num_allocs_failed_limit: 9.
num_arena_births: 3426.
num_arena_deaths: 0.
num_vsnodes_births: 3.
num_vsnodes_deaths: 0.
num_space_committed: 1230.
num_space_uncommitted: 0.
num_chunks_returned_to_freelist: 9.
num_chunks_taken_from_freelist: 6554.
num_chunk_merges: 9.
num_chunk_splits: 4255.
num_chunks_enlarged: 2645.
num_inconsistent_stats: 0.

CodeHeap 'non-profiled nmethods': size=120000Kb used=4641Kb max_used=4641Kb free=115358Kb
 bounds [0x0000014f28ac0000, 0x0000014f28f50000, 0x0000014f2fff0000]
CodeHeap 'profiled nmethods': size=120000Kb used=13432Kb max_used=13432Kb free=106567Kb
 bounds [0x0000014f20ff0000, 0x0000014f21d10000, 0x0000014f28520000]
CodeHeap 'non-nmethods': size=5760Kb used=2237Kb max_used=2260Kb free=3522Kb
 bounds [0x0000014f28520000, 0x0000014f28790000, 0x0000014f28ac0000]
 total_blobs=8171 nmethods=7391 adapters=681
 compilation: enabled
              stopped_count=0, restarted_count=0
 full_count=0

Compilation events (20 events):
Event: 8.334 Thread 0x0000014f3a0bdac0 nmethod 8262 0x0000014f28f46f10 code [0x0000014f28f47080, 0x0000014f28f47110]
Event: 8.334 Thread 0x0000014f3a0bdac0 8246       4       java.math.BigInteger::addOne (77 bytes)
Event: 8.334 Thread 0x0000014f35758b20 nmethod 8275 0x0000014f21d04d10 code [0x0000014f21d05200, 0x0000014f21d07490]
Event: 8.335 Thread 0x0000014f35758b20 8276   !   3       java.net.URLClassLoader$1::run (81 bytes)
Event: 8.335 Thread 0x0000014f3a0bdac0 nmethod 8246 0x0000014f28f47210 code [0x0000014f28f473a0, 0x0000014f28f47518]
Event: 8.335 Thread 0x0000014f3a0bdac0 8245       4       java.math.BigInteger::implMulAddCheck (176 bytes)
Event: 8.336 Thread 0x0000014f3a0bdac0 nmethod 8245 0x0000014f28f47690 code [0x0000014f28f47820, 0x0000014f28f47958]
Event: 8.336 Thread 0x0000014f3a0bdac0 8263       4       java.lang.Character::isWhitespace (5 bytes)
Event: 8.336 Thread 0x0000014f35758b20 nmethod 8276 0x0000014f21d08190 code [0x0000014f21d08560, 0x0000014f21d09ba8]
Event: 8.336 Thread 0x0000014f35758b20 8272   !   3       java.security.Provider::putService (244 bytes)
Event: 8.337 Thread 0x0000014f3a0bdac0 nmethod 8263 0x0000014f28f47a90 code [0x0000014f28f47c20, 0x0000014f28f47d38]
Event: 8.337 Thread 0x0000014f3a0bdac0 8236       4       java.util.Arrays::copyOfRange (25 bytes)
Event: 8.338 Thread 0x0000014f35758b20 nmethod 8272 0x0000014f21d0a490 code [0x0000014f21d0a800, 0x0000014f21d0bcb8]
Event: 8.338 Thread 0x0000014f35758b20 8271       3       java.security.Provider$UString::hashCode (8 bytes)
Event: 8.338 Thread 0x0000014f35758b20 nmethod 8271 0x0000014f21d0c410 code [0x0000014f21d0c5c0, 0x0000014f21d0c700]
Event: 8.338 Thread 0x0000014f35758b20 8273       3       java.security.Provider::check (18 bytes)
Event: 8.338 Thread 0x0000014f35758b20 nmethod 8273 0x0000014f21d0c810 code [0x0000014f21d0c9e0, 0x0000014f21d0cd40]
Event: 8.338 Thread 0x0000014f35758b20 8274       3       java.security.Provider::implRemoveService (149 bytes)
Event: 8.338 Thread 0x0000014f35758b20 nmethod 8274 0x0000014f21d0ce90 code [0x0000014f21d0d120, 0x0000014f21d0dd50]
Event: 8.339 Thread 0x0000014f3a0bdac0 nmethod 8236 0x0000014f28f47e90 code [0x0000014f28f48040, 0x0000014f28f484d8]

GC Heap History (20 events):
Event: 3.609 GC heap after
{Heap after GC invocations=10 (full 0):
 garbage-first heap   total 91136K, used 31178K [0x0000000080000000, 0x0000000100000000)
  region size 1024K, 7 young (7168K), 7 survivors (7168K)
 Metaspace       used 43983K, committed 45248K, reserved 1114112K
  class space    used 5895K, committed 6528K, reserved 1048576K
}
Event: 3.874 GC heap before
{Heap before GC invocations=10 (full 0):
 garbage-first heap   total 91136K, used 77258K [0x0000000080000000, 0x0000000100000000)
  region size 1024K, 53 young (54272K), 7 survivors (7168K)
 Metaspace       used 46481K, committed 47744K, reserved 1114112K
  class space    used 6217K, committed 6848K, reserved 1048576K
}
Event: 3.882 GC heap after
{Heap after GC invocations=11 (full 0):
 garbage-first heap   total 91136K, used 34650K [0x0000000080000000, 0x0000000100000000)
  region size 1024K, 4 young (4096K), 4 survivors (4096K)
 Metaspace       used 46481K, committed 47744K, reserved 1114112K
  class space    used 6217K, committed 6848K, reserved 1048576K
}
Event: 4.609 GC heap before
{Heap before GC invocations=11 (full 0):
 garbage-first heap   total 91136K, used 79706K [0x0000000080000000, 0x0000000100000000)
  region size 1024K, 48 young (49152K), 4 survivors (4096K)
 Metaspace       used 51267K, committed 52736K, reserved 1114112K
  class space    used 7003K, committed 7744K, reserved 1048576K
}
Event: 4.615 GC heap after
{Heap after GC invocations=12 (full 0):
 garbage-first heap   total 109568K, used 36225K [0x0000000080000000, 0x0000000100000000)
  region size 1024K, 5 young (5120K), 5 survivors (5120K)
 Metaspace       used 51267K, committed 52736K, reserved 1114112K
  class space    used 7003K, committed 7744K, reserved 1048576K
}
Event: 5.338 GC heap before
{Heap before GC invocations=12 (full 0):
 garbage-first heap   total 109568K, used 87425K [0x0000000080000000, 0x0000000100000000)
  region size 1024K, 54 young (55296K), 5 survivors (5120K)
 Metaspace       used 59024K, committed 60480K, reserved 1114112K
  class space    used 7981K, committed 8704K, reserved 1048576K
}
Event: 5.346 GC heap after
{Heap after GC invocations=13 (full 0):
 garbage-first heap   total 109568K, used 38649K [0x0000000080000000, 0x0000000100000000)
  region size 1024K, 6 young (6144K), 6 survivors (6144K)
 Metaspace       used 59024K, committed 60480K, reserved 1114112K
  class space    used 7981K, committed 8704K, reserved 1048576K
}
Event: 6.449 GC heap before
{Heap before GC invocations=14 (full 0):
 garbage-first heap   total 109568K, used 95993K [0x0000000080000000, 0x0000000100000000)
  region size 1024K, 62 young (63488K), 6 survivors (6144K)
 Metaspace       used 65150K, committed 66816K, reserved 1114112K
  class space    used 8924K, committed 9728K, reserved 1048576K
}
Event: 6.459 GC heap after
{Heap after GC invocations=15 (full 0):
 garbage-first heap   total 109568K, used 43489K [0x0000000080000000, 0x0000000100000000)
  region size 1024K, 7 young (7168K), 7 survivors (7168K)
 Metaspace       used 65150K, committed 66816K, reserved 1114112K
  class space    used 8924K, committed 9728K, reserved 1048576K
}
Event: 6.805 GC heap before
{Heap before GC invocations=15 (full 0):
 garbage-first heap   total 109568K, used 94689K [0x0000000080000000, 0x0000000100000000)
  region size 1024K, 58 young (59392K), 7 survivors (7168K)
 Metaspace       used 66117K, committed 67776K, reserved 1114112K
  class space    used 9041K, committed 9856K, reserved 1048576K
}
Event: 6.813 GC heap after
{Heap after GC invocations=16 (full 0):
 garbage-first heap   total 109568K, used 46315K [0x0000000080000000, 0x0000000100000000)
  region size 1024K, 4 young (4096K), 4 survivors (4096K)
 Metaspace       used 66117K, committed 67776K, reserved 1114112K
  class space    used 9041K, committed 9856K, reserved 1048576K
}
Event: 6.997 GC heap before
{Heap before GC invocations=16 (full 0):
 garbage-first heap   total 109568K, used 96491K [0x0000000080000000, 0x0000000100000000)
  region size 1024K, 54 young (55296K), 4 survivors (4096K)
 Metaspace       used 66440K, committed 68096K, reserved 1114112K
  class space    used 9042K, committed 9856K, reserved 1048576K
}
Event: 7.001 GC heap after
{Heap after GC invocations=17 (full 0):
 garbage-first heap   total 109568K, used 47042K [0x0000000080000000, 0x0000000100000000)
  region size 1024K, 5 young (5120K), 5 survivors (5120K)
 Metaspace       used 66440K, committed 68096K, reserved 1114112K
  class space    used 9042K, committed 9856K, reserved 1048576K
}
Event: 7.182 GC heap before
{Heap before GC invocations=17 (full 0):
 garbage-first heap   total 109568K, used 81858K [0x0000000080000000, 0x0000000100000000)
  region size 1024K, 41 young (41984K), 5 survivors (5120K)
 Metaspace       used 66690K, committed 68352K, reserved 1114112K
  class space    used 9079K, committed 9920K, reserved 1048576K
}
Event: 7.188 GC heap after
{Heap after GC invocations=18 (full 0):
 garbage-first heap   total 109568K, used 48558K [0x0000000080000000, 0x0000000100000000)
  region size 1024K, 5 young (5120K), 5 survivors (5120K)
 Metaspace       used 66690K, committed 68352K, reserved 1114112K
  class space    used 9079K, committed 9920K, reserved 1048576K
}
Event: 7.668 GC heap before
{Heap before GC invocations=19 (full 0):
 garbage-first heap   total 109568K, used 103854K [0x0000000080000000, 0x0000000100000000)
  region size 1024K, 53 young (54272K), 5 survivors (5120K)
 Metaspace       used 70234K, committed 72000K, reserved 1114112K
  class space    used 9553K, committed 10432K, reserved 1048576K
}
Event: 7.674 GC heap after
{Heap after GC invocations=20 (full 0):
 garbage-first heap   total 116736K, used 60818K [0x0000000080000000, 0x0000000100000000)
  region size 1024K, 7 young (7168K), 7 survivors (7168K)
 Metaspace       used 70234K, committed 72000K, reserved 1114112K
  class space    used 9553K, committed 10432K, reserved 1048576K
}
Event: 8.136 GC heap before
{Heap before GC invocations=20 (full 0):
 garbage-first heap   total 116736K, used 101778K [0x0000000080000000, 0x0000000100000000)
  region size 1024K, 47 young (48128K), 7 survivors (7168K)
 Metaspace       used 74684K, committed 76480K, reserved 1179648K
  class space    used 10104K, committed 11008K, reserved 1048576K
}
Event: 8.142 GC heap after
{Heap after GC invocations=21 (full 0):
 garbage-first heap   total 116736K, used 62349K [0x0000000080000000, 0x0000000100000000)
  region size 1024K, 2 young (2048K), 2 survivors (2048K)
 Metaspace       used 74684K, committed 76480K, reserved 1179648K
  class space    used 10104K, committed 11008K, reserved 1048576K
}
Event: 8.339 GC heap before
{Heap before GC invocations=21 (full 0):
 garbage-first heap   total 116736K, used 77709K [0x0000000080000000, 0x0000000100000000)
  region size 1024K, 18 young (18432K), 2 survivors (2048K)
 Metaspace       used 76975K, committed 78720K, reserved 1179648K
  class space    used 10408K, committed 11264K, reserved 1048576K
}

Dll operation events (3 events):
Event: 0.006 Loaded shared library C:\Program Files\Android\Android Studio5\jbr\bin\java.dll
Event: 0.012 Loaded shared library C:\Program Files\Android\Android Studio5\jbr\bin\zip.dll
Event: 0.403 Loaded shared library C:\Program Files\Android\Android Studio5\jbr\bin\verify.dll

Deoptimization events (20 events):
Event: 8.333 Thread 0x0000014f3be66250 Uncommon trap: trap_request=0xffffffec fr.pc=0x0000014f28c5bd10 relative=0x0000000000000070
Event: 8.333 Thread 0x0000014f3be66250 Uncommon trap: reason=null_assert_or_unreached0 action=make_not_entrant pc=0x0000014f28c5bd10 method=java.security.CodeSource.getCertificates()[Ljava/security/cert/Certificate; @ 22 c2
Event: 8.333 Thread 0x0000014f3be66250 DEOPT PACKING pc=0x0000014f28c5bd10 sp=0x00000039182f2780
Event: 8.333 Thread 0x0000014f3be66250 DEOPT UNPACKING pc=0x0000014f28577da2 sp=0x00000039182f2708 mode 2
Event: 8.334 Thread 0x0000014f3be66250 Uncommon trap: trap_request=0xffffff45 fr.pc=0x0000014f28bd7db0 relative=0x0000000000000090
Event: 8.334 Thread 0x0000014f3be66250 Uncommon trap: reason=unstable_if action=reinterpret pc=0x0000014f28bd7db0 method=java.util.jar.JarFile.maybeInstantiateVerifier()V @ 4 c2
Event: 8.334 Thread 0x0000014f3be66250 DEOPT PACKING pc=0x0000014f28bd7db0 sp=0x00000039182f1060
Event: 8.334 Thread 0x0000014f3be66250 DEOPT UNPACKING pc=0x0000014f28577da2 sp=0x00000039182f0ff0 mode 2
Event: 8.334 Thread 0x0000014f3be66250 Uncommon trap: trap_request=0xffffff45 fr.pc=0x0000014f28d1a510 relative=0x00000000000000d0
Event: 8.334 Thread 0x0000014f3be66250 Uncommon trap: reason=unstable_if action=reinterpret pc=0x0000014f28d1a510 method=java.util.jar.JarFile.maybeInstantiateVerifier()V @ 4 c2
Event: 8.334 Thread 0x0000014f3be66250 DEOPT PACKING pc=0x0000014f28d1a510 sp=0x00000039182f1130
Event: 8.334 Thread 0x0000014f3be66250 DEOPT UNPACKING pc=0x0000014f28577da2 sp=0x00000039182f1060 mode 2
Event: 8.334 Thread 0x0000014f3be66250 Uncommon trap: trap_request=0xffffff45 fr.pc=0x0000014f28dab230 relative=0x00000000000001f0
Event: 8.334 Thread 0x0000014f3be66250 Uncommon trap: reason=unstable_if action=reinterpret pc=0x0000014f28dab230 method=java.security.CodeSource.matchCerts(Ljava/security/CodeSource;Z)Z @ 11 c2
Event: 8.334 Thread 0x0000014f3be66250 DEOPT PACKING pc=0x0000014f28dab230 sp=0x00000039182f0f40
Event: 8.334 Thread 0x0000014f3be66250 DEOPT UNPACKING pc=0x0000014f28577da2 sp=0x00000039182f0e50 mode 2
Event: 8.334 Thread 0x0000014f3be66250 Uncommon trap: trap_request=0xffffff45 fr.pc=0x0000014f28d4121c relative=0x000000000000007c
Event: 8.334 Thread 0x0000014f3be66250 Uncommon trap: reason=unstable_if action=reinterpret pc=0x0000014f28d4121c method=java.lang.ClassLoader.compareCerts([Ljava/security/cert/Certificate;[Ljava/security/cert/Certificate;)Z @ 2 c2
Event: 8.334 Thread 0x0000014f3be66250 DEOPT PACKING pc=0x0000014f28d4121c sp=0x00000039182f0e80
Event: 8.334 Thread 0x0000014f3be66250 DEOPT UNPACKING pc=0x0000014f28577da2 sp=0x00000039182f0dc0 mode 2

Classes loaded (20 events):
Event: 8.329 Loading class java/security/interfaces/ECKey
Event: 8.329 Loading class java/security/interfaces/ECKey done
Event: 8.329 Loading class java/security/interfaces/XECKey
Event: 8.329 Loading class java/security/interfaces/XECKey done
Event: 8.329 Loading class sun/security/util/KeyUtil
Event: 8.329 Loading class sun/security/util/KeyUtil done
Event: 8.329 Loading class sun/security/util/Length
Event: 8.329 Loading class sun/security/util/Length done
Event: 8.329 Loading class javax/crypto/SecretKey
Event: 8.329 Loading class javax/crypto/SecretKey done
Event: 8.330 Loading class java/util/Base64
Event: 8.330 Loading class java/util/Base64 done
Event: 8.330 Loading class java/util/Base64$Decoder
Event: 8.330 Loading class java/util/Base64$Decoder done
Event: 8.330 Loading class java/util/Base64$Encoder
Event: 8.330 Loading class java/util/Base64$Encoder done
Event: 8.332 Loading class java/util/jar/JarVerifier$VerifierStream
Event: 8.332 Loading class java/util/jar/JarVerifier$VerifierStream done
Event: 8.332 Loading class sun/security/util/ManifestEntryVerifier$SunProviderHolder
Event: 8.332 Loading class sun/security/util/ManifestEntryVerifier$SunProviderHolder done

Classes unloaded (0 events):
No events

Classes redefined (0 events):
No events

Internal exceptions (20 events):
Event: 7.130 Thread 0x0000014f3bd2f5b0 Exception <a 'java/lang/NoSuchMethodError'{0x0000000084b9e1b8}: static Lorg/gradle/internal/build/event/types/AbstractProjectConfigurationResult;.<clinit>()V> (0x0000000084b9e1b8) 
thrown [s\src\hotspot\share\prims\jni.cpp, line 1135]
Event: 7.130 Thread 0x0000014f3bd2f5b0 Exception <a 'java/lang/NoSuchMethodError'{0x0000000084b9f770}: static Lorg/gradle/internal/build/event/types/AbstractOperationResult;.<clinit>()V> (0x0000000084b9f770) 
thrown [s\src\hotspot\share\prims\jni.cpp, line 1135]
Event: 7.130 Thread 0x0000014f3bd2f5b0 Exception <a 'java/lang/NoSuchMethodError'{0x0000000084ba0708}: static Lorg/gradle/internal/build/event/types/AbstractResult;.<clinit>()V> (0x0000000084ba0708) 
thrown [s\src\hotspot\share\prims\jni.cpp, line 1135]
Event: 7.132 Thread 0x0000014f3bd2f5b0 Exception <a 'java/lang/NoSuchMethodError'{0x0000000084bb7750}: static Lorg/gradle/internal/build/event/types/DefaultPluginApplicationResult;.<clinit>()V> (0x0000000084bb7750) 
thrown [s\src\hotspot\share\prims\jni.cpp, line 1135]
Event: 7.133 Thread 0x0000014f3bd2f5b0 Exception <a 'java/lang/NoSuchMethodError'{0x0000000084bc2de0}: static Lorg/gradle/internal/build/event/types/DefaultBinaryPluginIdentifier;.<clinit>()V> (0x0000000084bc2de0) 
thrown [s\src\hotspot\share\prims\jni.cpp, line 1135]
Event: 7.136 Thread 0x0000014f3bd2f5b0 Exception <a 'java/lang/NoSuchMethodError'{0x0000000084a05070}: static Lorg/gradle/internal/build/event/types/DefaultScriptPluginIdentifier;.<clinit>()V> (0x0000000084a05070) 
thrown [s\src\hotspot\share\prims\jni.cpp, line 1135]
Event: 7.175 Thread 0x0000014f3be66250 Implicit null exception at 0x0000014f28e1e1dd to 0x0000014f28e1e6c0
Event: 7.175 Thread 0x0000014f3be66250 Implicit null exception at 0x0000014f28e1ff3f to 0x0000014f28e203fc
Event: 7.208 Thread 0x0000014f3be66250 Exception <a 'java/lang/NoSuchMethodError'{0x0000000086911e48}: 'void java.lang.invoke.Invokers$Holder.invoke_MT(java.lang.Object, java.lang.Object, java.lang.Object, java.lang.Object)'> (0x0000000086911e48) 
thrown [s\src\hotspot\share\interpreter\linkResolver.cpp, line 784]
Event: 7.217 Thread 0x0000014f3be66250 Exception <a 'java/lang/NoSuchMethodError'{0x000000008698a038}: 'java.lang.Object java.lang.invoke.DirectMethodHandle$Holder.invokeSpecial(java.lang.Object, java.lang.Object, java.lang.Object, int, java.lang.Object, java.lang.Object)'> (0x000000008698a038) 
thrown [s\src\hotspot\share\interpreter\linkResolver.cpp, line 784]
Event: 7.304 Thread 0x0000014f3be66250 Exception <a 'java/lang/ClassNotFoundException'{0x00000000861a4f58}: sun/misc/SharedSecrets> (0x00000000861a4f58) 
thrown [s\src\hotspot\share\classfile\systemDictionary.cpp, line 312]
Event: 7.304 Thread 0x0000014f3be66250 Exception <a 'java/lang/ClassNotFoundException'{0x00000000861a6570}: org/gradle/api/internal/plugins/DefaultObjectConfigurationActionBeanInfo> (0x00000000861a6570) 
thrown [s\src\hotspot\share\classfile\systemDictionary.cpp, line 312]
Event: 7.305 Thread 0x0000014f3be66250 Exception <a 'java/lang/ClassNotFoundException'{0x00000000861ba0a0}: org/gradle/api/internal/plugins/DefaultObjectConfigurationActionCustomizer> (0x00000000861ba0a0) 
thrown [s\src\hotspot\share\classfile\systemDictionary.cpp, line 312]
Event: 7.307 Thread 0x0000014f3be66250 Implicit null exception at 0x0000014f28bfc465 to 0x0000014f28bfc6f0
Event: 7.307 Thread 0x0000014f3be66250 Exception <a 'java/lang/NoSuchMethodError'{0x00000000861c75c8}: 'int java.lang.invoke.DirectMethodHandle$Holder.invokeSpecial(java.lang.Object, java.lang.Object, java.lang.Object, int)'> (0x00000000861c75c8) 
thrown [s\src\hotspot\share\interpreter\linkResolver.cpp, line 784]
Event: 7.308 Thread 0x0000014f3be66250 Exception <a 'java/lang/NoSuchMethodError'{0x00000000861d84b8}: 'java.lang.Object java.lang.invoke.DirectMethodHandle$Holder.invokeStatic(java.lang.Object, java.lang.Object, java.lang.Object, java.lang.Object, int)'> (0x00000000861d84b8) 
thrown [s\src\hotspot\share\interpreter\linkResolver.cpp, line 784]
Event: 8.118 Thread 0x0000014f3be66250 Exception <a 'java/lang/NoSuchMethodError'{0x0000000084414b38}: 'java.lang.Object java.lang.invoke.DirectMethodHandle$Holder.newInvokeSpecial(java.lang.Object, java.lang.Object, java.lang.Object, java.lang.Object, java.lang.Object, java.lang.Object, java.lang.Object, java.lang.Object, java.lang.Object, java.lang.Object, java.lang.Object, java.lang.Object, java.lang.Object, java.lang.Object, java.lang.Object, java.lang.Object)'> (0x0000000084414b38) 
thrown [s\src\hotspot\share\interpreter\linkResolver.cpp,
Event: 8.118 Thread 0x0000014f3be66250 Exception <a 'java/lang/NoSuchMethodError'{0x000000008441b7a0}: 'java.lang.Object java.lang.invoke.DirectMethodHandle$Holder.invokeSpecial(java.lang.Object, java.lang.Object, java.lang.Object, java.lang.Object, java.lang.Object, java.lang.Object, java.lang.Object, java.lang.Object, java.lang.Object, java.lang.Object, java.lang.Object, java.lang.Object, java.lang.Object, java.lang.Object, java.lang.Object, java.lang.Object, java.lang.Object)'> (0x000000008441b7a0) 
thrown [s\src\hotspot\share\interpreter\li
Event: 8.118 Thread 0x0000014f3be66250 Exception <a 'java/lang/NoSuchMethodError'{0x0000000084421380}: 'java.lang.Object java.lang.invoke.DelegatingMethodHandle$Holder.reinvoke_L(java.lang.Object, java.lang.Object, java.lang.Object, java.lang.Object, java.lang.Object, java.lang.Object, java.lang.Object, java.lang.Object, java.lang.Object, java.lang.Object, java.lang.Object, java.lang.Object, java.lang.Object, java.lang.Object, java.lang.Object, java.lang.Object)'> (0x0000000084421380) 
thrown [s\src\hotspot\share\interpreter\linkResolver.cpp, l
Event: 8.179 Thread 0x0000014f3be66250 Exception <a 'java/lang/NoSuchMethodError'{0x0000000086bcaa20}: 'void java.lang.invoke.DirectMethodHandle$Holder.invokeVirtual(java.lang.Object, java.lang.Object)'> (0x0000000086bcaa20) 
thrown [s\src\hotspot\share\interpreter\linkResolver.cpp, line 784]

ZGC Phase Switch (0 events):
No events

VM Operations (20 events):
Event: 7.168 Executing VM operation: ICBufferFull done
Event: 7.182 Executing VM operation: G1TryInitiateConcMark (G1 Humongous Allocation)
Event: 7.188 Executing VM operation: G1TryInitiateConcMark (G1 Humongous Allocation) done
Event: 7.234 Executing VM operation: G1PauseRemark
Event: 7.240 Executing VM operation: G1PauseRemark done
Event: 7.263 Executing VM operation: G1PauseCleanup
Event: 7.263 Executing VM operation: G1PauseCleanup done
Event: 7.266 Executing VM operation: HandshakeAllThreads (Deoptimize)
Event: 7.266 Executing VM operation: HandshakeAllThreads (Deoptimize) done
Event: 7.668 Executing VM operation: G1CollectForAllocation (G1 Evacuation Pause)
Event: 7.674 Executing VM operation: G1CollectForAllocation (G1 Evacuation Pause) done
Event: 8.125 Executing VM operation: HandshakeAllThreads (Deoptimize)
Event: 8.125 Executing VM operation: HandshakeAllThreads (Deoptimize) done
Event: 8.136 Executing VM operation: G1CollectForAllocation (G1 Evacuation Pause)
Event: 8.142 Executing VM operation: G1CollectForAllocation (G1 Evacuation Pause) done
Event: 8.247 Executing VM operation: HandshakeAllThreads (Deoptimize)
Event: 8.247 Executing VM operation: HandshakeAllThreads (Deoptimize) done
Event: 8.278 Executing VM operation: HandshakeAllThreads (Deoptimize)
Event: 8.278 Executing VM operation: HandshakeAllThreads (Deoptimize) done
Event: 8.339 Executing VM operation: G1TryInitiateConcMark (G1 Humongous Allocation)

Memory protections (0 events):
No events

Nmethod flushes (20 events):
Event: 7.239 Thread 0x0000014f355704a0 flushing  nmethod 0x0000014f213a2d90
Event: 7.239 Thread 0x0000014f355704a0 flushing  nmethod 0x0000014f213e3010
Event: 7.239 Thread 0x0000014f355704a0 flushing  nmethod 0x0000014f2147c510
Event: 7.239 Thread 0x0000014f355704a0 flushing  nmethod 0x0000014f2147e390
Event: 7.239 Thread 0x0000014f355704a0 flushing  nmethod 0x0000014f2147eb90
Event: 7.239 Thread 0x0000014f355704a0 flushing  nmethod 0x0000014f21487810
Event: 7.239 Thread 0x0000014f355704a0 flushing  nmethod 0x0000014f21489190
Event: 7.239 Thread 0x0000014f355704a0 flushing  nmethod 0x0000014f2151a590
Event: 7.239 Thread 0x0000014f355704a0 flushing  nmethod 0x0000014f2151ad90
Event: 7.239 Thread 0x0000014f355704a0 flushing  nmethod 0x0000014f21588a90
Event: 7.239 Thread 0x0000014f355704a0 flushing  nmethod 0x0000014f21589610
Event: 7.239 Thread 0x0000014f355704a0 flushing  nmethod 0x0000014f2158a490
Event: 7.239 Thread 0x0000014f355704a0 flushing  nmethod 0x0000014f2158b410
Event: 7.239 Thread 0x0000014f355704a0 flushing  nmethod 0x0000014f2158f190
Event: 7.239 Thread 0x0000014f355704a0 flushing  nmethod 0x0000014f21591710
Event: 7.239 Thread 0x0000014f355704a0 flushing  nmethod 0x0000014f215d2410
Event: 7.239 Thread 0x0000014f355704a0 flushing  nmethod 0x0000014f215f1690
Event: 7.239 Thread 0x0000014f355704a0 flushing  nmethod 0x0000014f21730c90
Event: 7.239 Thread 0x0000014f355704a0 flushing  nmethod 0x0000014f21732c90
Event: 7.239 Thread 0x0000014f355704a0 flushing  nmethod 0x0000014f2181eb10

Events (20 events):
Event: 6.407 Thread 0x0000014f3be66250 Thread added: 0x0000014f3dcb2ed0
Event: 6.407 Thread 0x0000014f3be66250 Thread added: 0x0000014f3dcac5d0
Event: 6.408 Thread 0x0000014f3be66250 Thread added: 0x0000014f3dcb00e0
Event: 6.518 Thread 0x0000014f3be66250 Thread added: 0x0000014f3dcad2f0
Event: 6.521 Thread 0x0000014f3be66250 Thread added: 0x0000014f3dcae010
Event: 6.522 Thread 0x0000014f3be66250 Thread added: 0x0000014f413773d0
Event: 6.524 Thread 0x0000014f3be66250 Thread added: 0x0000014f41375990
Event: 6.526 Thread 0x0000014f3be66250 Thread added: 0x0000014f413745e0
Event: 6.528 Thread 0x0000014f3be66250 Thread added: 0x0000014f41376d40
Event: 6.531 Thread 0x0000014f3be66250 Thread added: 0x0000014f41373f50
Event: 6.729 Thread 0x0000014f3be66250 Thread added: 0x0000014f41374c70
Event: 6.730 Thread 0x0000014f3be66250 Thread added: 0x0000014f41375300
Event: 6.731 Thread 0x0000014f3be66250 Thread added: 0x0000014f41376020
Event: 6.731 Thread 0x0000014f3be66250 Thread added: 0x0000014f413766b0
Event: 6.732 Thread 0x0000014f3be66250 Thread added: 0x0000014f3b308790
Event: 6.732 Thread 0x0000014f3be66250 Thread added: 0x0000014f3b308e20
Event: 6.733 Thread 0x0000014f3be66250 Thread added: 0x0000014f3b306030
Event: 7.830 Thread 0x0000014f3be66250 Thread added: 0x0000014f3b309b40
Event: 7.950 Thread 0x0000014f3a1e6ed0 Thread exited: 0x0000014f3a1e6ed0
Event: 8.167 Thread 0x0000014f3be66250 Thread added: 0x0000014f3b30a1d0


Dynamic libraries:
0x00007ff61b530000 - 0x00007ff61b53a000 	C:\Program Files\Android\Android Studio5\jbr\bin\java.exe
0x00007ff9ceac0000 - 0x00007ff9cecc7000 	C:\Windows\SYSTEM32\ntdll.dll
0x00007ff9cda80000 - 0x00007ff9cdb3d000 	C:\Windows\System32\KERNEL32.DLL
0x00007ff9cc230000 - 0x00007ff9cc5a2000 	C:\Windows\System32\KERNELBASE.dll
0x00007ff9cc870000 - 0x00007ff9cc981000 	C:\Windows\System32\ucrtbase.dll
0x00007ff9c72d0000 - 0x00007ff9c72e8000 	C:\Program Files\Android\Android Studio5\jbr\bin\jli.dll
0x00007ff9ba260000 - 0x00007ff9ba27b000 	C:\Program Files\Android\Android Studio5\jbr\bin\VCRUNTIME140.dll
0x00007ff9cd010000 - 0x00007ff9cd1bc000 	C:\Windows\System32\USER32.dll
0x00007ff9a7f60000 - 0x00007ff9a8205000 	C:\Windows\WinSxS\amd64_microsoft.windows.common-controls_6595b64144ccf1df_6.0.21996.1_none_7d6b053978bcd706\COMCTL32.dll
0x00007ff9cc840000 - 0x00007ff9cc866000 	C:\Windows\System32\win32u.dll
0x00007ff9cdee0000 - 0x00007ff9cdf83000 	C:\Windows\System32\msvcrt.dll
0x00007ff9ccfd0000 - 0x00007ff9ccff9000 	C:\Windows\System32\GDI32.dll
0x00007ff9cc720000 - 0x00007ff9cc832000 	C:\Windows\System32\gdi32full.dll
0x00007ff9cbfe0000 - 0x00007ff9cc07d000 	C:\Windows\System32\msvcp_win.dll
0x00007ff9cd260000 - 0x00007ff9cd291000 	C:\Windows\System32\IMM32.DLL
0x00007ff9b9bf0000 - 0x00007ff9b9bfc000 	C:\Program Files\Android\Android Studio5\jbr\bin\vcruntime140_1.dll
0x00007ff9b4e70000 - 0x00007ff9b4efd000 	C:\Program Files\Android\Android Studio5\jbr\bin\msvcp140.dll
0x00007ff951d70000 - 0x00007ff9529f3000 	C:\Program Files\Android\Android Studio5\jbr\bin\server\jvm.dll
0x00007ff9cd7d0000 - 0x00007ff9cd87c000 	C:\Windows\System32\ADVAPI32.dll
0x00007ff9cde40000 - 0x00007ff9cdedd000 	C:\Windows\System32\sechost.dll
0x00007ff9ce860000 - 0x00007ff9ce981000 	C:\Windows\System32\RPCRT4.dll
0x00007ff9ce7f0000 - 0x00007ff9ce85f000 	C:\Windows\System32\WS2_32.dll
0x00007ff9cbc60000 - 0x00007ff9cbcad000 	C:\Windows\SYSTEM32\POWRPROF.dll
0x00007ff9c9dd0000 - 0x00007ff9c9e03000 	C:\Windows\SYSTEM32\WINMM.dll
0x00007ff9c3410000 - 0x00007ff9c341a000 	C:\Windows\SYSTEM32\VERSION.dll
0x00007ff9cbc40000 - 0x00007ff9cbc53000 	C:\Windows\SYSTEM32\UMPDC.dll
0x00007ff9cb110000 - 0x00007ff9cb127000 	C:\Windows\SYSTEM32\kernel.appcore.dll
0x00007ff9b9bd0000 - 0x00007ff9b9bda000 	C:\Program Files\Android\Android Studio5\jbr\bin\jimage.dll
0x00007ff9c9b30000 - 0x00007ff9c9d51000 	C:\Windows\SYSTEM32\DBGHELP.DLL
0x00007ff9c9d90000 - 0x00007ff9c9dc1000 	C:\Windows\SYSTEM32\dbgcore.DLL
0x00007ff9cc140000 - 0x00007ff9cc1c0000 	C:\Windows\System32\bcryptPrimitives.dll
0x00007ff9c55a0000 - 0x00007ff9c55ae000 	C:\Program Files\Android\Android Studio5\jbr\bin\instrument.dll
0x00007ff9b8e20000 - 0x00007ff9b8e40000 	C:\Program Files\Android\Android Studio5\jbr\bin\java.dll
0x00007ff9b0c80000 - 0x00007ff9b0c98000 	C:\Program Files\Android\Android Studio5\jbr\bin\zip.dll
0x00007ff9ce080000 - 0x00007ff9ce7e9000 	C:\Windows\System32\SHELL32.dll
0x00007ff9ca1a0000 - 0x00007ff9ca9f8000 	C:\Windows\SYSTEM32\windows.storage.dll
0x00007ff9cd450000 - 0x00007ff9cd7c5000 	C:\Windows\System32\combase.dll
0x00007ff9ca030000 - 0x00007ff9ca196000 	C:\Windows\SYSTEM32\wintypes.dll
0x00007ff9ce990000 - 0x00007ff9cea7a000 	C:\Windows\System32\SHCORE.dll
0x00007ff9cc990000 - 0x00007ff9cc9ed000 	C:\Windows\System32\shlwapi.dll
0x00007ff9cbf10000 - 0x00007ff9cbf31000 	C:\Windows\SYSTEM32\profapi.dll
0x00007ff9b9710000 - 0x00007ff9b9720000 	C:\Program Files\Android\Android Studio5\jbr\bin\net.dll
0x00007ff9c6440000 - 0x00007ff9c654c000 	C:\Windows\SYSTEM32\WINHTTP.dll
0x00007ff9cb590000 - 0x00007ff9cb5f7000 	C:\Windows\system32\mswsock.dll
0x00007ff994a50000 - 0x00007ff994a66000 	C:\Program Files\Android\Android Studio5\jbr\bin\nio.dll
0x00007ff9a94f0000 - 0x00007ff9a9500000 	C:\Program Files\Android\Android Studio5\jbr\bin\verify.dll
0x00007ff9b4bd0000 - 0x00007ff9b4bf7000 	C:\Users\Gabriel\.gradle\native\c067742578af261105cb4f569cf0c3c89f3d7b1fecec35dd04571415982c5e48\windows-amd64\native-platform.dll
0x00007ff98dd40000 - 0x00007ff98de84000 	C:\Users\Gabriel\.gradle\native\100fb08df4bc3b14c8652ba06237920a3bd2aa13389f12d3474272988ae205f9\windows-amd64\native-platform-file-events.dll
0x00007ff9b75f0000 - 0x00007ff9b75f9000 	C:\Program Files\Android\Android Studio5\jbr\bin\management.dll
0x00007ff9b28a0000 - 0x00007ff9b28ab000 	C:\Program Files\Android\Android Studio5\jbr\bin\management_ext.dll
0x00007ff9ccfc0000 - 0x00007ff9ccfc8000 	C:\Windows\System32\PSAPI.DLL
0x00007ff9cb7e0000 - 0x00007ff9cb7f8000 	C:\Windows\SYSTEM32\CRYPTSP.dll
0x00007ff9cb070000 - 0x00007ff9cb0a5000 	C:\Windows\system32\rsaenh.dll
0x00007ff9cb680000 - 0x00007ff9cb6a9000 	C:\Windows\SYSTEM32\USERENV.dll
0x00007ff9cb950000 - 0x00007ff9cb977000 	C:\Windows\SYSTEM32\bcrypt.dll
0x00007ff9cb7d0000 - 0x00007ff9cb7dc000 	C:\Windows\SYSTEM32\CRYPTBASE.dll
0x00007ff9cac50000 - 0x00007ff9cac7d000 	C:\Windows\SYSTEM32\IPHLPAPI.DLL
0x00007ff9cd320000 - 0x00007ff9cd329000 	C:\Windows\System32\NSI.dll
0x00007ff9b7a50000 - 0x00007ff9b7a59000 	C:\Program Files\Android\Android Studio5\jbr\bin\extnet.dll
0x00007ff9b5f30000 - 0x00007ff9b5f38000 	C:\Windows\system32\wshunix.dll

dbghelp: loaded successfully - version: 4.0.5 - missing functions: none
symbol engine: initialized successfully - sym options: 0x614 - pdb path: .;C:\Program Files\Android\Android Studio5\jbr\bin;C:\Windows\SYSTEM32;C:\Windows\WinSxS\amd64_microsoft.windows.common-controls_6595b64144ccf1df_6.0.21996.1_none_7d6b053978bcd706;C:\Program Files\Android\Android Studio5\jbr\bin\server;C:\Users\Gabriel\.gradle\native\c067742578af261105cb4f569cf0c3c89f3d7b1fecec35dd04571415982c5e48\windows-amd64;C:\Users\Gabriel\.gradle\native\100fb08df4bc3b14c8652ba06237920a3bd2aa13389f12d3474272988ae205f9\windows-amd64

VM Arguments:
jvm_args: --add-opens=java.base/java.util=ALL-UNNAMED --add-opens=java.base/java.lang=ALL-UNNAMED --add-opens=java.base/java.lang.invoke=ALL-UNNAMED --add-opens=java.prefs/java.util.prefs=ALL-UNNAMED --add-exports=jdk.compiler/com.sun.tools.javac.api=ALL-UNNAMED --add-exports=jdk.compiler/com.sun.tools.javac.util=ALL-UNNAMED --add-opens=java.base/java.nio.charset=ALL-UNNAMED --add-opens=java.base/java.net=ALL-UNNAMED --add-opens=java.base/java.util.concurrent.atomic=ALL-UNNAMED -Xmx2048m -Dfile.encoding=UTF-8 -Duser.country=BR -Duser.language=pt -Duser.variant -javaagent:C:\Users\Gabriel\.gradle\wrapper\dists\gradle-8.10.2-bin\a04bxjujx95o3nb99gddekhwo\gradle-8.10.2\lib\agents\gradle-instrumentation-agent-8.10.2.jar 
java_command: org.gradle.launcher.daemon.bootstrap.GradleDaemon 8.10.2
java_class_path (initial): C:\Users\Gabriel\.gradle\wrapper\dists\gradle-8.10.2-bin\a04bxjujx95o3nb99gddekhwo\gradle-8.10.2\lib\gradle-daemon-main-8.10.2.jar
Launcher Type: SUN_STANDARD

[Global flags]
     intx CICompilerCount                          = 4                                         {product} {ergonomic}
     uint ConcGCThreads                            = 2                                         {product} {ergonomic}
     uint G1ConcRefinementThreads                  = 8                                         {product} {ergonomic}
   size_t G1HeapRegionSize                         = 1048576                                   {product} {ergonomic}
    uintx GCDrainStackTargetSize                   = 64                                        {product} {ergonomic}
   size_t InitialHeapSize                          = 130023424                                 {product} {ergonomic}
   size_t MarkStackSize                            = 4194304                                   {product} {ergonomic}
   size_t MaxHeapSize                              = 2147483648                                {product} {command line}
   size_t MaxNewSize                               = 1287651328                                {product} {ergonomic}
   size_t MinHeapDeltaBytes                        = 1048576                                   {product} {ergonomic}
   size_t MinHeapSize                              = 8388608                                   {product} {ergonomic}
    uintx NonNMethodCodeHeapSize                   = 5839372                                {pd product} {ergonomic}
    uintx NonProfiledCodeHeapSize                  = 122909434                              {pd product} {ergonomic}
    uintx ProfiledCodeHeapSize                     = 122909434                              {pd product} {ergonomic}
    uintx ReservedCodeCacheSize                    = 251658240                              {pd product} {ergonomic}
     bool SegmentedCodeCache                       = true                                      {product} {ergonomic}
   size_t SoftMaxHeapSize                          = 2147483648                             {manageable} {ergonomic}
     bool UseCompressedOops                        = true                           {product lp64_product} {ergonomic}
     bool UseG1GC                                  = true                                      {product} {ergonomic}
     bool UseLargePagesIndividualAllocation        = false                                  {pd product} {ergonomic}

Logging:
Log output configuration:
 #0: stdout all=warning uptime,level,tags foldmultilines=false
 #1: stderr all=off uptime,level,tags foldmultilines=false

Environment Variables:
PATH=C:\Program Files\Common Files\Oracle\Java\javapath;C:\Windows\system32;C:\Windows;C:\Windows\System32\Wbem;C:\Windows\System32\WindowsPowerShell\v1.0\;C:\Windows\System32\OpenSSH\;C:\ProgramData\UNIVALI\Portugol Studio;C:\Program Files\Microsoft SQL Server\150\Tools\Binn\;C:\Program Files\Microsoft SQL Server\Client SDK\ODBC\170\Tools\Binn\;C:\Program Files\dotnet\;C:\Program Files\Git\cmd;C:\Program Files\MySQL\MySQL Shell 8.0\bin\;C:\Users\Gabriel\AppData\Local\Programs\Python\Launcher\;C:\Users\Gabriel\AppData\Local\Microsoft\WindowsApps;C:\Users\Gabriel\AppData\Local\Programs\Microsoft VS Code\bin;C:\Users\Gabriel\.dotnet\tools;C:\Windows\Microsoft.NET\Framework64\v4.0.30319;C:\Users\Gabriel\Documents\aprendizado\Aulas\flutter\bin
USERNAME=Gabriel
OS=Windows_NT
PROCESSOR_IDENTIFIER=Intel64 Family 6 Model 140 Stepping 1, GenuineIntel
TMP=C:\Users\Gabriel\AppData\Local\Temp
TEMP=C:\Users\Gabriel\AppData\Local\Temp




Periodic native trim disabled

JNI global refs:
JNI global refs: 27, weak refs: 0

JNI global refs memory usage: 835, weak refs: 833

Process memory usage:
Resident Set Size: 370584K (4% of 8125220K total physical memory with 509528K free physical memory)

OOME stack traces (most recent first):
Classloader memory used:
Loader org.gradle.internal.classloader.VisitableURLClassLoader                         : 34951K
Loader bootstrap                                                                       : 24924K
Loader org.gradle.initialization.MixInLegacyTypesClassLoader                           : 10238K
Loader org.gradle.internal.classloader.VisitableURLClassLoader$InstrumentingVisitableURLClassLoader: 5829K
Loader jdk.internal.loader.ClassLoaders$PlatformClassLoader                            : 529K
Loader jdk.internal.loader.ClassLoaders$AppClassLoader                                 : 232K
Loader jdk.internal.reflect.DelegatingClassLoader                                      : 154K
Loader org.gradle.internal.classloader.VisitableURLClassLoader                         : 116K

Classes loaded by more than one classloader:
Class Program                                                                         : loaded 4 times (x 70B)
Class com.google.common.base.Equivalence$Identity                                     : loaded 2 times (x 78B)
Class com.google.common.collect.RegularImmutableMap$KeySet                            : loaded 2 times (x 146B)
Class org.gradle.internal.classloader.FilteringClassLoader                            : loaded 2 times (x 101B)
Class [Lcom.google.common.base.AbstractIterator$State;                                : loaded 2 times (x 65B)
Class com.google.common.base.CharMatcher$IsEither                                     : loaded 2 times (x 107B)
Class org.gradle.internal.classloader.ClassLoaderHierarchy                            : loaded 2 times (x 66B)
Class com.google.common.util.concurrent.ExecutionError                                : loaded 2 times (x 78B)
Class com.google.common.collect.ImmutableList$1                                       : loaded 2 times (x 93B)
Class org.gradle.api.internal.classpath.ManifestUtil                                  : loaded 2 times (x 67B)
Class com.google.common.collect.RegularImmutableMap                                   : loaded 2 times (x 117B)
Class com.google.common.collect.ImmutableMap$MapViewOfValuesAsSingletonSets           : loaded 2 times (x 121B)
Class com.google.common.collect.UnmodifiableListIterator                              : loaded 2 times (x 91B)
Class [Lcom.google.common.cache.CacheBuilder$OneWeigher;                              : loaded 2 times (x 65B)
Class com.google.common.base.Suppliers                                                : loaded 2 times (x 67B)
Class org.gradle.internal.classloader.DefaultClassLoaderFactory                       : loaded 2 times (x 78B)
Class com.google.common.base.CharMatcher$None                                         : loaded 2 times (x 108B)
Class org.gradle.internal.classloader.ClassLoaderVisitor                              : loaded 2 times (x 72B)
Class [Lcom.google.common.collect.ImmutableMapEntry;                                  : loaded 2 times (x 65B)
Class org.gradle.api.internal.classpath.EffectiveClassPath                            : loaded 2 times (x 86B)
Class com.google.common.collect.ImmutableEnumMap                                      : loaded 2 times (x 121B)
Class com.google.common.collect.ListMultimap                                          : loaded 2 times (x 66B)
Class com.google.common.base.Splitter                                                 : loaded 2 times (x 68B)
Class org.gradle.api.internal.DefaultClassPathProvider                                : loaded 2 times (x 72B)
Class [Lorg.gradle.api.internal.ClassPathProvider;                                    : loaded 2 times (x 65B)
Class org.gradle.api.internal.ClassPathProvider                                       : loaded 2 times (x 66B)
Class com.google.common.cache.LocalCache$LocalLoadingCache                            : loaded 2 times (x 130B)
Class com.google.common.base.AbstractIterator$State                                   : loaded 2 times (x 75B)
Class org.gradle.internal.service.UnknownServiceException                             : loaded 2 times (x 79B)
Class com.google.common.cache.LocalCache$Strength$1                                   : loaded 2 times (x 77B)
Class com.google.common.cache.LocalCache$Strength$2                                   : loaded 2 times (x 77B)
Class com.google.common.cache.LocalCache$Strength$3                                   : loaded 2 times (x 77B)
Class com.google.common.collect.MapDifference                                         : loaded 2 times (x 66B)
Class com.google.common.base.Splitter$1                                               : loaded 2 times (x 73B)
Class com.google.common.cache.CacheBuilder$NullListener                               : loaded 2 times (x 78B)
Class org.gradle.internal.classpath.TransformedClassPath                              : loaded 2 times (x 92B)
Class org.gradle.internal.classloader.InstrumentingClassLoader                        : loaded 2 times (x 66B)
Class com.google.common.cache.CacheLoader$FunctionToCacheLoader                       : loaded 2 times (x 71B)
Class com.google.common.collect.Iterators$ArrayItr                                    : loaded 2 times (x 93B)
Class com.google.common.collect.ImmutableCollection$Builder                           : loaded 2 times (x 72B)
Class com.google.common.base.MoreObjects                                              : loaded 2 times (x 67B)
Class com.google.common.collect.Platform                                              : loaded 2 times (x 67B)
Class com.google.common.collect.UnmodifiableIterator                                  : loaded 2 times (x 76B)
Class org.gradle.internal.service.ServiceLocator                                      : loaded 2 times (x 66B)
Class com.google.common.collect.SingletonImmutableBiMap                               : loaded 2 times (x 139B)
Class com.google.common.cache.LocalCache$1                                            : loaded 2 times (x 85B)
Class com.google.common.collect.AbstractMapEntry                                      : loaded 2 times (x 77B)
Class com.google.common.cache.LocalCache$2                                            : loaded 2 times (x 138B)
Class com.google.common.collect.AbstractMultimap                                      : loaded 2 times (x 119B)
Class com.google.common.collect.RegularImmutableAsList                                : loaded 2 times (x 212B)
Class com.google.common.collect.Iterators                                             : loaded 2 times (x 67B)
Class com.google.common.base.CharMatcher$RangesMatcher                                : loaded 2 times (x 108B)
Class com.google.common.util.concurrent.UncheckedExecutionException                   : loaded 2 times (x 78B)
Class com.google.common.collect.Lists$StringAsImmutableList                           : loaded 2 times (x 203B)
Class org.gradle.kotlin.dsl.VersionCatalogAccessorsKt                                 : loaded 2 times (x 67B)
Class com.google.common.base.CharMatcher$JavaLetterOrDigit                            : loaded 2 times (x 107B)
Class org.gradle.internal.InternalTransformer                                         : loaded 2 times (x 66B)
Class com.google.common.cache.CacheLoader$UnsupportedLoadingOperationException        : loaded 2 times (x 78B)
Class com.google.common.base.CharMatcher$And                                          : loaded 2 times (x 108B)
Class org.gradle.internal.classloader.ClasspathUtil$1                                 : loaded 2 times (x 72B)
Class com.google.common.collect.IndexedImmutableSet                                   : loaded 2 times (x 146B)
Class com.google.common.collect.ImmutableMap$1                                        : loaded 2 times (x 77B)
Class com.google.common.collect.BiMap                                                 : loaded 2 times (x 66B)
Class org.gradle.api.internal.classpath.DefaultModuleRegistry$DefaultModule           : loaded 2 times (x 82B)
Class com.google.common.collect.AbstractIterator                                      : loaded 2 times (x 78B)
Class com.google.common.math.MathPreconditions                                        : loaded 2 times (x 67B)
Class com.google.common.collect.Multiset                                              : loaded 2 times (x 66B)
Class com.google.common.collect.ArrayListMultimapGwtSerializationDependencies         : loaded 2 times (x 168B)
Class com.google.common.collect.ObjectArrays                                          : loaded 2 times (x 67B)
Class com.google.common.collect.AbstractIndexedListIterator                           : loaded 2 times (x 92B)
Class com.google.common.collect.ImmutableMapEntrySet                                  : loaded 2 times (x 147B)
Class org.gradle.api.internal.classpath.Module                                        : loaded 2 times (x 66B)
Class com.google.common.cache.Weigher                                                 : loaded 2 times (x 66B)
Class org.gradle.api.internal.classpath.UnknownModuleException                        : loaded 2 times (x 78B)
Class com.google.common.cache.LocalCache$Strength                                     : loaded 2 times (x 77B)
Class com.google.common.cache.Cache                                                   : loaded 2 times (x 66B)
Class com.google.common.collect.ImmutableMap$Builder                                  : loaded 2 times (x 78B)
Class com.google.common.base.NullnessCasts                                            : loaded 2 times (x 67B)
Class com.google.common.cache.RemovalListener                                         : loaded 2 times (x 66B)
Class org.gradle.api.internal.DefaultClassPathRegistry                                : loaded 2 times (x 72B)
Class com.google.common.collect.Multimap                                              : loaded 2 times (x 66B)
Class org.gradle.api.internal.ClassPathRegistry                                       : loaded 2 times (x 66B)
Class org.gradle.internal.classpath.DefaultClassPath$ImmutableUniqueList              : loaded 2 times (x 195B)
Class com.google.common.cache.CacheBuilder                                            : loaded 2 times (x 68B)
Class com.google.common.collect.SingletonImmutableList                                : loaded 2 times (x 203B)
Class com.google.common.base.PairwiseEquivalence                                      : loaded 2 times (x 79B)
Class Settings_gradle$1                                                               : loaded 2 times (x 70B)
Class org.gradle.internal.classpath.ClassPath                                         : loaded 2 times (x 66B)
Class org.gradle.api.UncheckedIOException                                             : loaded 2 times (x 78B)
Class com.google.common.collect.ImmutableList$ReverseImmutableList                    : loaded 2 times (x 204B)
Class com.google.common.base.JdkPattern                                               : loaded 2 times (x 71B)
Class com.google.common.base.Suppliers$SupplierOfInstance                             : loaded 2 times (x 75B)
Class com.google.common.collect.Iterators$1                                           : loaded 2 times (x 77B)
Class com.google.common.cache.LocalCache$ComputingValueReference                      : loaded 2 times (x 92B)
Class com.google.common.collect.SingletonImmutableSet                                 : loaded 2 times (x 142B)
Class com.google.common.collect.ImmutableMap$IteratorBasedImmutableMap                : loaded 2 times (x 121B)
Class com.google.common.cache.LocalCache$Segment                                      : loaded 2 times (x 150B)
Class com.google.common.cache.CacheLoader                                             : loaded 2 times (x 70B)
Class com.google.common.collect.Iterators$4                                           : loaded 2 times (x 78B)
Class com.google.common.collect.ImmutableBiMap                                        : loaded 2 times (x 139B)
Class com.google.common.collect.AbstractListMultimap                                  : loaded 2 times (x 168B)
Class org.gradle.internal.installation.GradleInstallation$1                           : loaded 2 times (x 71B)
Class org.gradle.api.internal.classpath.ModuleRegistry                                : loaded 2 times (x 66B)
Class com.google.common.collect.Iterators$5                                           : loaded 2 times (x 78B)
Class com.google.common.collect.ImmutableSet$JdkBackedSetBuilderImpl                  : loaded 2 times (x 72B)
Class com.google.common.base.Splitter$SplittingIterator                               : loaded 2 times (x 80B)
Class com.google.common.cache.LocalCache$LocalManualCache$1                           : loaded 2 times (x 71B)
Class com.google.common.base.CharMatcher$ForPredicate                                 : loaded 2 times (x 108B)
Class com.google.common.collect.ImmutableCollection                                   : loaded 2 times (x 121B)
Class com.google.common.base.CharMatcher$AnyOf                                        : loaded 2 times (x 108B)
Class org.gradle.api.internal.classpath.DefaultModuleRegistry                         : loaded 2 times (x 82B)
Class com.google.common.cache.ReferenceEntry                                          : loaded 2 times (x 66B)
Class com.google.common.collect.ImmutableSet$CachingAsList                            : loaded 2 times (x 143B)
Class com.google.common.base.Converter                                                : loaded 2 times (x 86B)
Class com.google.common.collect.Lists                                                 : loaded 2 times (x 67B)
Class com.google.common.base.CharMatcher$Any                                          : loaded 2 times (x 108B)
Class com.google.common.base.FunctionalEquivalence                                    : loaded 2 times (x 79B)
Class com.google.common.collect.Iterators$9                                           : loaded 2 times (x 77B)
Class com.google.common.collect.AbstractMapBasedMultimap                              : loaded 2 times (x 135B)
Class com.google.common.collect.ImmutableAsList                                       : loaded 2 times (x 205B)
Class com.google.common.cache.CacheLoader$SupplierToCacheLoader                       : loaded 2 times (x 71B)
Class com.google.common.collect.Maps$EntryTransformer                                 : loaded 2 times (x 66B)
Class org.gradle.internal.service.ServiceLookupException                              : loaded 2 times (x 78B)
Class [Lcom.google.common.cache.LocalCache$EntryFactory;                              : loaded 2 times (x 65B)
Class com.google.common.base.CharMatcher$JavaLetter                                   : loaded 2 times (x 107B)
Class org.gradle.internal.classloader.ClassLoaderFactory                              : loaded 2 times (x 66B)
Class com.google.common.cache.LocalCache$LocalManualCache                             : loaded 2 times (x 95B)
Class com.google.common.base.CharMatcher$IsNot                                        : loaded 2 times (x 107B)
Class com.google.common.base.CommonPattern                                            : loaded 2 times (x 70B)
Class org.gradle.internal.service.CachingServiceLocator                               : loaded 2 times (x 78B)
Class com.google.common.math.IntMath                                                  : loaded 2 times (x 67B)
Class com.google.common.collect.Iterators$10                                          : loaded 2 times (x 77B)
Class com.google.common.collect.ImmutableMapEntry                                     : loaded 2 times (x 81B)
Class com.google.common.base.CharMatcher$JavaDigit                                    : loaded 2 times (x 107B)
Class com.google.common.base.Equivalence                                              : loaded 2 times (x 78B)
Class com.google.common.collect.ImmutableMapEntry$NonTerminalImmutableMapEntry        : loaded 2 times (x 81B)
Class com.google.common.base.Function                                                 : loaded 2 times (x 66B)
Class com.google.common.cache.CacheBuilder$OneWeigher                                 : loaded 2 times (x 78B)
Class com.google.common.collect.RegularImmutableList                                  : loaded 2 times (x 208B)
Class com.google.common.collect.ImmutableBiMapFauxverideShim                          : loaded 2 times (x 116B)
Class org.gradle.internal.classloader.ClasspathUtil                                   : loaded 2 times (x 67B)
Class com.google.common.collect.Maps                                                  : loaded 2 times (x 67B)
Class com.google.common.base.CharMatcher$JavaUpperCase                                : loaded 2 times (x 107B)
Class org.gradle.api.specs.Spec                                                       : loaded 2 times (x 66B)
Class [Lcom.google.common.collect.ImmutableEntry;                                     : loaded 2 times (x 65B)
Class com.google.common.cache.LocalCache$LoadingValueReference                        : loaded 2 times (x 92B)
Class Build_gradle$1                                                                  : loaded 2 times (x 74B)
Class com.google.common.collect.Maps$8                                                : loaded 2 times (x 78B)
Class com.google.common.base.CharMatcher$Invisible                                    : loaded 2 times (x 108B)
Class org.gradle.internal.classloader.VisitableURLClassLoader$InstrumentingVisitableURLClassLoader: loaded 2 times (x 119B)
Class [Lcom.google.common.cache.CacheBuilder$NullListener;                            : loaded 2 times (x 65B)
Class com.google.common.math.IntMath$1                                                : loaded 2 times (x 67B)
Class org.gradle.internal.classloader.VisitableURLClassLoader$Spec                    : loaded 2 times (x 70B)
Class org.gradle.internal.classpath.DefaultClassPath                                  : loaded 2 times (x 86B)
Class com.google.common.base.AbstractIterator                                         : loaded 2 times (x 76B)
Class com.google.common.collect.RegularImmutableMap$Values                            : loaded 2 times (x 203B)
Class com.google.common.collect.ImmutableSet                                          : loaded 2 times (x 141B)
Class com.google.common.base.CharMatcher$BitSetMatcher                                : loaded 2 times (x 108B)
Class com.google.common.base.CharMatcher$Ascii                                        : loaded 2 times (x 108B)
Class org.gradle.internal.classloader.ClassLoaderSpec                                 : loaded 2 times (x 67B)
Class com.google.common.cache.CacheStats                                              : loaded 2 times (x 67B)
Class com.google.common.base.CharMatcher$Or                                           : loaded 2 times (x 108B)
Class Settings_gradle$1$1                                                             : loaded 2 times (x 70B)
Class com.google.common.base.Supplier                                                 : loaded 2 times (x 66B)
Class org.gradle.internal.classloader.VisitableURLClassLoader                         : loaded 2 times (x 113B)
Class Settings_gradle                                                                 : loaded 2 times (x 124B)
Class org.gradle.internal.Cast                                                        : loaded 2 times (x 67B)
Class org.gradle.api.Action                                                           : loaded 2 times (x 66B)
Class com.google.common.base.Ticker                                                   : loaded 2 times (x 68B)
Class com.google.common.base.CharMatcher$FastMatcher                                  : loaded 2 times (x 107B)
Class [Lcom.google.common.cache.LocalCache$Segment;                                   : loaded 2 times (x 65B)
Class [Lcom.google.common.cache.LocalCache$Strength;                                  : loaded 2 times (x 65B)
Class com.google.common.cache.CacheBuilder$1                                          : loaded 2 times (x 81B)
Class com.google.common.collect.ImmutableMap                                          : loaded 2 times (x 116B)
Class com.google.common.base.Predicate                                                : loaded 2 times (x 66B)
Class org.gradle.internal.classpath.DefaultClassPath$ImmutableUniqueList$Builder      : loaded 2 times (x 71B)
Class com.google.common.cache.LocalCache                                              : loaded 2 times (x 183B)
Class com.google.common.cache.CacheBuilder$2                                          : loaded 2 times (x 68B)
Class com.google.common.base.CharMatcher$NegatedFastMatcher                           : loaded 2 times (x 109B)
Class [Lcom.google.common.collect.AbstractMapEntry;                                   : loaded 2 times (x 65B)
Class com.google.common.collect.ImmutableEntry                                        : loaded 2 times (x 78B)
Class com.google.common.collect.ArrayListMultimap                                     : loaded 2 times (x 168B)
Class com.google.common.base.AbstractIterator$1                                       : loaded 2 times (x 67B)
Class com.google.common.base.CharMatcher$Digit                                        : loaded 2 times (x 108B)
Class org.gradle.api.GradleException                                                  : loaded 2 times (x 78B)
Class com.google.common.collect.CollectPreconditions                                  : loaded 2 times (x 67B)
Class com.google.common.base.CharMatcher$JavaIsoControl                               : loaded 2 times (x 108B)
Class com.google.common.collect.SortedMapDifference                                   : loaded 2 times (x 66B)
Class com.google.common.base.CharMatcher$JavaLowerCase                                : loaded 2 times (x 107B)
Class com.google.common.cache.LocalCache$EntryFactory                                 : loaded 2 times (x 79B)
Class com.google.common.base.Splitter$1$1                                             : loaded 2 times (x 82B)
Class com.google.common.base.CharMatcher$Whitespace                                   : loaded 2 times (x 108B)
Class org.gradle.internal.IoActions                                                   : loaded 2 times (x 67B)
Class com.google.common.cache.CacheLoader$InvalidCacheLoadException                   : loaded 2 times (x 78B)
Class com.google.common.collect.ImmutableSet$RegularSetBuilderImpl                    : loaded 2 times (x 73B)
Class com.google.common.base.CharMatcher$SingleWidth                                  : loaded 2 times (x 108B)
Class org.gradle.internal.classloader.SystemClassLoaderSpec                           : loaded 2 times (x 67B)
Class com.google.common.cache.LoadingCache                                            : loaded 2 times (x 66B)
Class [Lcom.google.common.cache.Weigher;                                              : loaded 2 times (x 65B)
Class com.google.common.collect.RegularImmutableMap$BucketOverflowException           : loaded 2 times (x 78B)
Class com.google.common.collect.RegularImmutableBiMap                                 : loaded 2 times (x 144B)
Class com.google.common.cache.LocalCache$ValueReference                               : loaded 2 times (x 66B)
Class com.google.common.base.CharMatcher$Negated                                      : loaded 2 times (x 109B)
Class com.google.common.base.CharMatcher$Is                                           : loaded 2 times (x 107B)
Class com.google.common.base.Equivalence$Equals                                       : loaded 2 times (x 78B)
Class com.google.common.collect.Hashing                                               : loaded 2 times (x 67B)
Class com.google.common.base.Preconditions                                            : loaded 2 times (x 67B)
Class com.google.common.collect.PeekingIterator                                       : loaded 2 times (x 66B)
Class com.google.common.base.CharMatcher                                              : loaded 2 times (x 107B)
Class com.google.common.cache.LocalCache$EntryFactory$1                               : loaded 2 times (x 79B)
Class [Lcom.google.common.cache.RemovalListener;                                      : loaded 2 times (x 65B)
Class com.google.common.base.CharMatcher$1                                            : loaded 2 times (x 109B)
Class com.google.common.base.CharMatcher$NamedFastMatcher                             : loaded 2 times (x 108B)
Class com.google.common.cache.LocalCache$EntryFactory$2                               : loaded 2 times (x 79B)
Class org.gradle.api.internal.classpath.GlobalCacheRootsProvider                      : loaded 2 times (x 66B)
Class com.google.common.cache.LocalCache$EntryFactory$3                               : loaded 2 times (x 79B)
Class com.google.common.base.Ticker$1                                                 : loaded 2 times (x 68B)
Class com.google.common.collect.ImmutableMapEntrySet$RegularEntrySet                  : loaded 2 times (x 147B)
Class com.google.common.collect.Maps$BiMapConverter                                   : loaded 2 times (x 86B)
Class com.google.common.cache.LocalCache$EntryFactory$4                               : loaded 2 times (x 79B)
Class com.google.common.collect.ImmutableSet$Builder                                  : loaded 2 times (x 81B)
Class com.google.common.base.CharMatcher$InRange                                      : loaded 2 times (x 107B)
Class com.google.common.cache.LocalCache$EntryFactory$5                               : loaded 2 times (x 79B)
Class com.google.common.cache.LocalCache$EntryFactory$6                               : loaded 2 times (x 79B)
Class Build_gradle                                                                    : loaded 2 times (x 68B)
Class org.gradle.internal.installation.CurrentGradleInstallationLocator               : loaded 2 times (x 67B)
Class com.google.common.cache.LocalCache$EntryFactory$7                               : loaded 2 times (x 79B)
Class com.google.common.collect.ImmutableSet$EmptySetBuilderImpl                      : loaded 2 times (x 72B)
Class com.google.common.collect.ImmutableList                                         : loaded 2 times (x 202B)
Class org.gradle.internal.service.DefaultServiceLocator                               : loaded 2 times (x 79B)
Class com.google.common.cache.LocalCache$EntryFactory$8                               : loaded 2 times (x 79B)
Class com.google.common.collect.ImmutableSet$SetBuilderImpl                           : loaded 2 times (x 72B)
Class org.gradle.internal.installation.CurrentGradleInstallation                      : loaded 2 times (x 69B)
Class com.google.common.cache.CacheLoader$1                                           : loaded 2 times (x 71B)
Class com.google.common.collect.ImmutableList$SubList                                 : loaded 2 times (x 204B)
Class org.gradle.util.internal.GUtil                                                  : loaded 2 times (x 67B)
Class com.google.common.cache.AbstractCache$StatsCounter                              : loaded 2 times (x 66B)
Class com.google.common.collect.Iterators$MergingIterator                             : loaded 2 times (x 77B)
Class com.google.common.collect.RegularImmutableSet                                   : loaded 2 times (x 144B)
Class org.gradle.internal.installation.GradleInstallation                             : loaded 2 times (x 71B)
Class com.google.common.collect.Iterables                                             : loaded 2 times (x 67B)
Class com.google.common.base.Splitter$Strategy                                        : loaded 2 times (x 66B)

---------------  S Y S T E M  ---------------

OS:
 Windows 10 , 64 bit Build 21996 (10.0.21996.1)
OS uptime: 4 days 0:05 hours

CPU: total 8 (initial active 8) (4 cores per cpu, 2 threads per core) family 6 model 140 stepping 1 microcode 0xba, cx8, cmov, fxsr, ht, mmx, 3dnowpref, sse, sse2, sse3, ssse3, sse4.1, sse4.2, popcnt, lzcnt, tsc, tscinvbit, avx, avx2, aes, erms, clmul, bmi1, bmi2, adx, avx512f, avx512dq, avx512cd, avx512bw, avx512vl, sha, fma, vzeroupper, avx512_vpopcntdq, avx512_vpclmulqdq, avx512_vaes, avx512_vnni, clflush, clflushopt, clwb, avx512_vbmi2, avx512_vbmi, rdtscp, rdpid, fsrm, gfni, avx512_bitalg, f16c, pku, cet_ibt, cet_ss, avx512_ifma
Processor Information for processor 0
  Max Mhz: 2419, Current Mhz: 2419, Mhz Limit: 2419
Processor Information for processor 1
  Max Mhz: 2419, Current Mhz: 2419, Mhz Limit: 2419
Processor Information for processor 2
  Max Mhz: 2419, Current Mhz: 2419, Mhz Limit: 2419
Processor Information for processor 3
  Max Mhz: 2419, Current Mhz: 2419, Mhz Limit: 2419
Processor Information for processor 4
  Max Mhz: 2419, Current Mhz: 1209, Mhz Limit: 2419
Processor Information for processor 5
  Max Mhz: 2419, Current Mhz: 2419, Mhz Limit: 2419
Processor Information for processor 6
  Max Mhz: 2419, Current Mhz: 2419, Mhz Limit: 2419
Processor Information for processor 7
  Max Mhz: 2419, Current Mhz: 1209, Mhz Limit: 2419

Memory: 4k page, system-wide physical 7934M (497M free)
TotalPageFile size 24835M (AvailPageFile size 14M)
current process WorkingSet (physical memory assigned to process): 361M, peak: 363M
current process commit charge ("private bytes"): 397M, peak: 412M

vm_info: OpenJDK 64-Bit Server VM (21.0.4+-12508038-b607.1) for windows-amd64 JRE (21.0.4+-12508038-b607.1), built on 2024-10-16T17:23:34Z by "builder" with MS VC++ 16.10 / 16.11 (VS2019)

END.
