#
# There is insufficient memory for the Java Runtime Environment to continue.
# Native memory allocation (malloc) failed to allocate 737136 bytes. Error detail: Chunk::new
# Possible reasons:
#   The system is out of physical RAM or swap space
#   This process is running with CompressedOops enabled, and the Java Heap may be blocking the growth of the native heap
# Possible solutions:
#   Reduce memory load on the system
#   Increase physical memory or swap space
#   Check if swap backing store is full
#   Decrease Java heap size (-Xmx/-Xms)
#   Decrease number of Java threads
#   Decrease Java thread stack sizes (-Xss)
#   Set larger code cache with -XX:ReservedCodeCacheSize=
#   JVM is running with Unscaled Compressed Oops mode in which the Java heap is
#     placed in the first 4GB address space. The Java Heap base address is the
#     maximum limit for the native heap growth. Please use -XX:HeapBaseMinAddress
#     to set the Java Heap base and to place the Java Heap above 4GB virtual address.
# This output file may be truncated or incomplete.
#
#  Out of Memory Error (arena.cpp:168), pid=12348, tid=8416
#
# JRE version: OpenJDK Runtime Environment (21.0.4) (build 21.0.4+-12508038-b607.1)
# Java VM: OpenJDK 64-Bit Server VM (21.0.4+-12508038-b607.1, mixed mode, tiered, compressed oops, compressed class ptrs, g1 gc, windows-amd64)
# No core dump will be written. Minidumps are not enabled by default on client versions of Windows
#

---------------  S U M M A R Y ------------

Command Line: --add-opens=java.base/java.util=ALL-UNNAMED --add-opens=java.base/java.lang=ALL-UNNAMED --add-opens=java.base/java.lang.invoke=ALL-UNNAMED --add-opens=java.prefs/java.util.prefs=ALL-UNNAMED --add-exports=jdk.compiler/com.sun.tools.javac.api=ALL-UNNAMED --add-exports=jdk.compiler/com.sun.tools.javac.util=ALL-UNNAMED --add-opens=java.base/java.nio.charset=ALL-UNNAMED --add-opens=java.base/java.net=ALL-UNNAMED --add-opens=java.base/java.util.concurrent.atomic=ALL-UNNAMED -Xmx2048m -Dfile.encoding=UTF-8 -Duser.country=BR -Duser.language=pt -Duser.variant -javaagent:C:\Users\Gabriel\.gradle\wrapper\dists\gradle-8.10.2-bin\a04bxjujx95o3nb99gddekhwo\gradle-8.10.2\lib\agents\gradle-instrumentation-agent-8.10.2.jar org.gradle.launcher.daemon.bootstrap.GradleDaemon 8.10.2

Host: 11th Gen Intel(R) Core(TM) i5-1135G7 @ 2.40GHz, 8 cores, 7G,  Windows 10 , 64 bit Build 21996 (10.0.21996.1)
Time: Sun Mar  2 10:27:00 2025 Hora oficial do Brasil elapsed time: 3.980592 seconds (0d 0h 0m 3s)

---------------  T H R E A D  ---------------

Current thread (0x0000022e2727b1f0):  JavaThread "C2 CompilerThread2" daemon [_thread_in_native, id=8416, stack(0x00000080a7000000,0x00000080a7100000) (1024K)]


Current CompileTask:
C2:   3980 4131       4       jdk.internal.jimage.ImageLocation::getFullName (109 bytes)

Stack: [0x00000080a7000000,0x00000080a7100000]
Native frames: (J=compiled Java code, j=interpreted, Vv=VM code, C=native code)
V  [jvm.dll+0x6ce539]
V  [jvm.dll+0x85bf03]
V  [jvm.dll+0x85e45e]
V  [jvm.dll+0x85eb43]
V  [jvm.dll+0x27dd06]
V  [jvm.dll+0xbf9cd]
V  [jvm.dll+0xbff03]
V  [jvm.dll+0x2f19c1]
V  [jvm.dll+0x5f8d79]
V  [jvm.dll+0x2503d2]
V  [jvm.dll+0x25078f]
V  [jvm.dll+0x249065]
V  [jvm.dll+0x2468be]
V  [jvm.dll+0x1c58a4]
V  [jvm.dll+0x255fec]
V  [jvm.dll+0x254536]
V  [jvm.dll+0x3efab6]
V  [jvm.dll+0x804418]
V  [jvm.dll+0x6cce0d]
C  [ucrtbase.dll+0x26c0c]
C  [KERNEL32.DLL+0x154e0]
C  [ntdll.dll+0x485b]


---------------  P R O C E S S  ---------------

Threads class SMR info:
_java_thread_list=0x0000022e284dfb60, length=34, elements={
0x0000022e08dcbd40, 0x0000022e206832c0, 0x0000022e20683e80, 0x0000022e20686050,
0x0000022e206a03b0, 0x0000022e206649e0, 0x0000022e20665440, 0x0000022e2066f1f0,
0x0000022e2066fc90, 0x0000022e2079f750, 0x0000022e250231e0, 0x0000022e2508a6b0,
0x0000022e25cbef70, 0x0000022e26a085f0, 0x0000022e26bf7540, 0x0000022e269fa320,
0x0000022e269f1f10, 0x0000022e26bb67d0, 0x0000022e26b30220, 0x0000022e26b2b6d0,
0x0000022e26b2a320, 0x0000022e26b29600, 0x0000022e26b29c90, 0x0000022e26b28250,
0x0000022e26b288e0, 0x0000022e2727b1f0, 0x0000022e26b2b040, 0x0000022e26b28f70,
0x0000022e29642a10, 0x0000022e2963f590, 0x0000022e2963fc20, 0x0000022e2963e1e0,
0x0000022e29644450, 0x0000022e29640940
}

Java Threads: ( => current thread )
  0x0000022e08dcbd40 JavaThread "main"                              [_thread_blocked, id=15996, stack(0x00000080a4800000,0x00000080a4900000) (1024K)]
  0x0000022e206832c0 JavaThread "Reference Handler"          daemon [_thread_blocked, id=22156, stack(0x00000080a5000000,0x00000080a5100000) (1024K)]
  0x0000022e20683e80 JavaThread "Finalizer"                  daemon [_thread_blocked, id=10284, stack(0x00000080a5100000,0x00000080a5200000) (1024K)]
  0x0000022e20686050 JavaThread "Signal Dispatcher"          daemon [_thread_blocked, id=12252, stack(0x00000080a5200000,0x00000080a5300000) (1024K)]
  0x0000022e206a03b0 JavaThread "Attach Listener"            daemon [_thread_blocked, id=13980, stack(0x00000080a5300000,0x00000080a5400000) (1024K)]
  0x0000022e206649e0 JavaThread "Service Thread"             daemon [_thread_blocked, id=16756, stack(0x00000080a5400000,0x00000080a5500000) (1024K)]
  0x0000022e20665440 JavaThread "Monitor Deflation Thread"   daemon [_thread_blocked, id=20740, stack(0x00000080a5500000,0x00000080a5600000) (1024K)]
  0x0000022e2066f1f0 JavaThread "C2 CompilerThread0"         daemon [_thread_in_native, id=3484, stack(0x00000080a5600000,0x00000080a5700000) (1024K)]
  0x0000022e2066fc90 JavaThread "C1 CompilerThread0"         daemon [_thread_blocked, id=17152, stack(0x00000080a5700000,0x00000080a5800000) (1024K)]
  0x0000022e2079f750 JavaThread "Common-Cleaner"             daemon [_thread_blocked, id=10812, stack(0x00000080a5800000,0x00000080a5900000) (1024K)]
  0x0000022e250231e0 JavaThread "Notification Thread"        daemon [_thread_blocked, id=22212, stack(0x00000080a5900000,0x00000080a5a00000) (1024K)]
  0x0000022e2508a6b0 JavaThread "C2 CompilerThread1"         daemon [_thread_in_native, id=16112, stack(0x00000080a5a00000,0x00000080a5b00000) (1024K)]
  0x0000022e25cbef70 JavaThread "Daemon health stats"               [_thread_blocked, id=21324, stack(0x00000080a6200000,0x00000080a6300000) (1024K)]
  0x0000022e26a085f0 JavaThread "Incoming local TCP Connector on port 51094"        [_thread_in_native, id=3292, stack(0x00000080a6300000,0x00000080a6400000) (1024K)]
  0x0000022e26bf7540 JavaThread "Daemon periodic checks"            [_thread_blocked, id=19748, stack(0x00000080a6400000,0x00000080a6500000) (1024K)]
  0x0000022e269fa320 JavaThread "Daemon"                            [_thread_blocked, id=13144, stack(0x00000080a6500000,0x00000080a6600000) (1024K)]
  0x0000022e269f1f10 JavaThread "Handler for socket connection from /127.0.0.1:51094 to /127.0.0.1:51095"        [_thread_in_native, id=13324, stack(0x00000080a6600000,0x00000080a6700000) (1024K)]
  0x0000022e26bb67d0 JavaThread "Cancel handler"                    [_thread_blocked, id=15648, stack(0x00000080a6700000,0x00000080a6800000) (1024K)]
  0x0000022e26b30220 JavaThread "Daemon worker"                     [_thread_in_Java, id=2084, stack(0x00000080a6800000,0x00000080a6900000) (1024K)]
  0x0000022e26b2b6d0 JavaThread "Asynchronous log dispatcher for DefaultDaemonConnection: socket connection from /127.0.0.1:51094 to /127.0.0.1:51095"        [_thread_blocked, id=17040, stack(0x00000080a6900000,0x00000080a6a00000) (1024K)]
  0x0000022e26b2a320 JavaThread "Stdin handler"                     [_thread_blocked, id=21396, stack(0x00000080a6a00000,0x00000080a6b00000) (1024K)]
  0x0000022e26b29600 JavaThread "Daemon client event forwarder"        [_thread_blocked, id=20968, stack(0x00000080a6b00000,0x00000080a6c00000) (1024K)]
  0x0000022e26b29c90 JavaThread "Cache worker for journal cache (C:\Users\Gabriel\.gradle\caches\journal-1)"        [_thread_blocked, id=14068, stack(0x00000080a5b00000,0x00000080a5c00000) (1024K)]
  0x0000022e26b28250 JavaThread "File lock request listener"        [_thread_in_native, id=10636, stack(0x00000080a6e00000,0x00000080a6f00000) (1024K)]
  0x0000022e26b288e0 JavaThread "Cache worker for file hash cache (C:\Users\Gabriel\.gradle\caches\8.10.2\fileHashes)"        [_thread_blocked, id=7900, stack(0x00000080a6f00000,0x00000080a7000000) (1024K)]
=>0x0000022e2727b1f0 JavaThread "C2 CompilerThread2"         daemon [_thread_in_native, id=8416, stack(0x00000080a7000000,0x00000080a7100000) (1024K)]
  0x0000022e26b2b040 JavaThread "Cache worker for file hash cache (C:\Users\Gabriel\Documents\CodigosAndroidStudio\Programa-o-Mobile\MindCraft\.gradle\8.10.2\fileHashes)"        [_thread_blocked, id=4580, stack(0x00000080a7100000,0x00000080a7200000) (1024K)]
  0x0000022e26b28f70 JavaThread "Cache worker for Build Output Cleanup Cache (C:\Users\Gabriel\Documents\CodigosAndroidStudio\Programa-o-Mobile\MindCraft\.gradle\buildOutputCleanup)"        [_thread_blocked, id=13884, stack(0x00000080a7200000,0x00000080a7300000) (1024K)]
  0x0000022e29642a10 JavaThread "File watcher server"        daemon [_thread_in_native, id=13804, stack(0x00000080a7300000,0x00000080a7400000) (1024K)]
  0x0000022e2963f590 JavaThread "File watcher consumer"      daemon [_thread_blocked, id=20508, stack(0x00000080a7400000,0x00000080a7500000) (1024K)]
  0x0000022e2963fc20 JavaThread "Cache worker for checksums cache (C:\Users\Gabriel\Documents\CodigosAndroidStudio\Programa-o-Mobile\MindCraft\.gradle\8.10.2\checksums)"        [_thread_blocked, id=21552, stack(0x00000080a7500000,0x00000080a7600000) (1024K)]
  0x0000022e2963e1e0 JavaThread "Cache worker for file content cache (C:\Users\Gabriel\.gradle\caches\8.10.2\fileContent)"        [_thread_blocked, id=17332, stack(0x00000080a7600000,0x00000080a7700000) (1024K)]
  0x0000022e29644450 JavaThread "Cache worker for cache directory md-rule (C:\Users\Gabriel\.gradle\caches\8.10.2\md-rule)"        [_thread_blocked, id=5900, stack(0x00000080a7700000,0x00000080a7800000) (1024K)]
  0x0000022e29640940 JavaThread "Cache worker for cache directory md-supplier (C:\Users\Gabriel\.gradle\caches\8.10.2\md-supplier)"        [_thread_blocked, id=9192, stack(0x00000080a7800000,0x00000080a7900000) (1024K)]
Total: 34

Other Threads:
  0x0000022e204f1760 VMThread "VM Thread"                           [id=19900, stack(0x00000080a4f00000,0x00000080a5000000) (1024K)]
  0x0000022e20460030 WatcherThread "VM Periodic Task Thread"        [id=11012, stack(0x00000080a4e00000,0x00000080a4f00000) (1024K)]
  0x0000022e08e24240 WorkerThread "GC Thread#0"                     [id=12000, stack(0x00000080a4900000,0x00000080a4a00000) (1024K)]
  0x0000022e2564e800 WorkerThread "GC Thread#1"                     [id=5048, stack(0x00000080a5c00000,0x00000080a5d00000) (1024K)]
  0x0000022e256fc1b0 WorkerThread "GC Thread#2"                     [id=3024, stack(0x00000080a5d00000,0x00000080a5e00000) (1024K)]
  0x0000022e26086370 WorkerThread "GC Thread#3"                     [id=22140, stack(0x00000080a5e00000,0x00000080a5f00000) (1024K)]
  0x0000022e25943ea0 WorkerThread "GC Thread#4"                     [id=6508, stack(0x00000080a5f00000,0x00000080a6000000) (1024K)]
  0x0000022e26a85350 WorkerThread "GC Thread#5"                     [id=20724, stack(0x00000080a6000000,0x00000080a6100000) (1024K)]
  0x0000022e268c3420 WorkerThread "GC Thread#6"                     [id=4012, stack(0x00000080a6100000,0x00000080a6200000) (1024K)]
  0x0000022e26b6ab60 WorkerThread "GC Thread#7"                     [id=18356, stack(0x00000080a6c00000,0x00000080a6d00000) (1024K)]
  0x0000022e08e35120 ConcurrentGCThread "G1 Main Marker"            [id=22492, stack(0x00000080a4a00000,0x00000080a4b00000) (1024K)]
  0x0000022e08e35b20 WorkerThread "G1 Conc#0"                       [id=9576, stack(0x00000080a4b00000,0x00000080a4c00000) (1024K)]
  0x0000022e26c20d10 WorkerThread "G1 Conc#1"                       [id=13668, stack(0x00000080a6d00000,0x00000080a6e00000) (1024K)]
  0x0000022e08e9e5a0 ConcurrentGCThread "G1 Refine#0"               [id=18128, stack(0x00000080a4c00000,0x00000080a4d00000) (1024K)]
  0x0000022e20337260 ConcurrentGCThread "G1 Service"                [id=2072, stack(0x00000080a4d00000,0x00000080a4e00000) (1024K)]
Total: 15

Threads with active compile tasks:
C2 CompilerThread0     3993 4137       4       java.util.regex.Pattern::split (325 bytes)
C2 CompilerThread1     3993 4135       4       java.util.regex.Pattern::compile (537 bytes)
C2 CompilerThread2     3993 4131       4       jdk.internal.jimage.ImageLocation::getFullName (109 bytes)
Total: 3

VM state: not at safepoint (normal execution)

VM Mutex/Monitor currently owned by a thread: None

Heap address: 0x0000000080000000, size: 2048 MB, Compressed Oops mode: 32-bit

CDS archive(s) not mapped
Compressed class space mapped at: 0x0000000100000000-0x0000000140000000, reserved size: 1073741824
Narrow klass base: 0x0000000000000000, Narrow klass shift: 3, Narrow klass range: 0x140000000

GC Precious Log:
 CardTable entry size: 512
 Card Set container configuration: InlinePtr #cards 5 size 8 Array Of Cards #cards 12 size 40 Howl #buckets 4 coarsen threshold 1843 Howl Bitmap #cards 512 size 80 coarsen threshold 460 Card regions per heap region 1 cards per card region 2048
 CPUs: 8 total, 8 available
 Memory: 7934M
 Large Page Support: Disabled
 NUMA Support: Disabled
 Compressed Oops: Enabled (32-bit)
 Heap Region Size: 1M
 Heap Min Capacity: 8M
 Heap Initial Capacity: 124M
 Heap Max Capacity: 2G
 Pre-touch: Disabled
 Parallel Workers: 8
 Concurrent Workers: 2
 Concurrent Refinement Workers: 8
 Periodic GC: Disabled

Heap:
 garbage-first heap   total 96256K, used 51174K [0x0000000080000000, 0x0000000100000000)
  region size 1024K, 27 young (27648K), 8 survivors (8192K)
 Metaspace       used 46106K, committed 47360K, reserved 1114112K
  class space    used 6154K, committed 6784K, reserved 1048576K

Heap Regions: E=young(eden), S=young(survivor), O=old, HS=humongous(starts), HC=humongous(continues), CS=collection set, F=free, TAMS=top-at-mark-start, PB=parsable bottom
|   0|0x0000000080000000, 0x0000000080100000, 0x0000000080100000|100%| O|  |TAMS 0x0000000080000000| PB 0x0000000080000000| Untracked 
|   1|0x0000000080100000, 0x0000000080200000, 0x0000000080200000|100%| O|  |TAMS 0x0000000080100000| PB 0x0000000080100000| Untracked 
|   2|0x0000000080200000, 0x0000000080300000, 0x0000000080300000|100%|HS|  |TAMS 0x0000000080200000| PB 0x0000000080200000| Complete 
|   3|0x0000000080300000, 0x0000000080400000, 0x0000000080400000|100%|HC|  |TAMS 0x0000000080300000| PB 0x0000000080300000| Complete 
|   4|0x0000000080400000, 0x0000000080500000, 0x0000000080500000|100%|HC|  |TAMS 0x0000000080400000| PB 0x0000000080400000| Complete 
|   5|0x0000000080500000, 0x0000000080600000, 0x0000000080600000|100%|HC|  |TAMS 0x0000000080500000| PB 0x0000000080500000| Complete 
|   6|0x0000000080600000, 0x0000000080700000, 0x0000000080700000|100%| O|  |TAMS 0x0000000080600000| PB 0x0000000080600000| Untracked 
|   7|0x0000000080700000, 0x0000000080800000, 0x0000000080800000|100%| O|  |TAMS 0x0000000080700000| PB 0x0000000080700000| Untracked 
|   8|0x0000000080800000, 0x0000000080900000, 0x0000000080900000|100%| O|  |TAMS 0x0000000080800000| PB 0x0000000080800000| Untracked 
|   9|0x0000000080900000, 0x0000000080a00000, 0x0000000080a00000|100%|HS|  |TAMS 0x0000000080900000| PB 0x0000000080900000| Complete 
|  10|0x0000000080a00000, 0x0000000080b00000, 0x0000000080b00000|100%| O|  |TAMS 0x0000000080a00000| PB 0x0000000080a00000| Untracked 
|  11|0x0000000080b00000, 0x0000000080c00000, 0x0000000080c00000|100%| O|  |TAMS 0x0000000080b00000| PB 0x0000000080b00000| Untracked 
|  12|0x0000000080c00000, 0x0000000080d00000, 0x0000000080d00000|100%| O|  |TAMS 0x0000000080c00000| PB 0x0000000080c00000| Untracked 
|  13|0x0000000080d00000, 0x0000000080dce950, 0x0000000080e00000| 80%| O|  |TAMS 0x0000000080d00000| PB 0x0000000080d00000| Untracked 
|  14|0x0000000080e00000, 0x0000000080f00000, 0x0000000080f00000|100%| O|  |TAMS 0x0000000080e00000| PB 0x0000000080e00000| Untracked 
|  15|0x0000000080f00000, 0x0000000081000000, 0x0000000081000000|100%| O|  |TAMS 0x0000000080f00000| PB 0x0000000080f00000| Untracked 
|  16|0x0000000081000000, 0x0000000081100000, 0x0000000081100000|100%| O|  |TAMS 0x0000000081000000| PB 0x0000000081000000| Untracked 
|  17|0x0000000081100000, 0x0000000081200000, 0x0000000081200000|100%| O|  |TAMS 0x0000000081100000| PB 0x0000000081100000| Untracked 
|  18|0x0000000081200000, 0x0000000081300000, 0x0000000081300000|100%| O|  |TAMS 0x0000000081200000| PB 0x0000000081200000| Untracked 
|  19|0x0000000081300000, 0x000000008133fb20, 0x0000000081400000| 24%| O|Cm|TAMS 0x0000000081300000| PB 0x0000000081300000| Complete 
|  20|0x0000000081400000, 0x00000000814eb640, 0x0000000081500000| 91%| S|CS|TAMS 0x0000000081400000| PB 0x0000000081400000| Complete 
|  21|0x0000000081500000, 0x0000000081600000, 0x0000000081600000|100%| S|CS|TAMS 0x0000000081500000| PB 0x0000000081500000| Complete 
|  22|0x0000000081600000, 0x0000000081700000, 0x0000000081700000|100%| S|CS|TAMS 0x0000000081600000| PB 0x0000000081600000| Complete 
|  23|0x0000000081700000, 0x0000000081800000, 0x0000000081800000|100%| S|CS|TAMS 0x0000000081700000| PB 0x0000000081700000| Complete 
|  24|0x0000000081800000, 0x0000000081900000, 0x0000000081900000|100%| S|CS|TAMS 0x0000000081800000| PB 0x0000000081800000| Complete 
|  25|0x0000000081900000, 0x0000000081a00000, 0x0000000081a00000|100%| S|CS|TAMS 0x0000000081900000| PB 0x0000000081900000| Complete 
|  26|0x0000000081a00000, 0x0000000081b00000, 0x0000000081b00000|100%| S|CS|TAMS 0x0000000081a00000| PB 0x0000000081a00000| Complete 
|  27|0x0000000081b00000, 0x0000000081c00000, 0x0000000081c00000|100%| S|CS|TAMS 0x0000000081b00000| PB 0x0000000081b00000| Complete 
|  28|0x0000000081c00000, 0x0000000081c00000, 0x0000000081d00000|  0%| F|  |TAMS 0x0000000081c00000| PB 0x0000000081c00000| Untracked 
|  29|0x0000000081d00000, 0x0000000081d00000, 0x0000000081e00000|  0%| F|  |TAMS 0x0000000081d00000| PB 0x0000000081d00000| Untracked 
|  30|0x0000000081e00000, 0x0000000081e00000, 0x0000000081f00000|  0%| F|  |TAMS 0x0000000081e00000| PB 0x0000000081e00000| Untracked 
|  31|0x0000000081f00000, 0x0000000081f00000, 0x0000000082000000|  0%| F|  |TAMS 0x0000000081f00000| PB 0x0000000081f00000| Untracked 
|  32|0x0000000082000000, 0x0000000082000000, 0x0000000082100000|  0%| F|  |TAMS 0x0000000082000000| PB 0x0000000082000000| Untracked 
|  33|0x0000000082100000, 0x0000000082100000, 0x0000000082200000|  0%| F|  |TAMS 0x0000000082100000| PB 0x0000000082100000| Untracked 
|  34|0x0000000082200000, 0x0000000082200000, 0x0000000082300000|  0%| F|  |TAMS 0x0000000082200000| PB 0x0000000082200000| Untracked 
|  35|0x0000000082300000, 0x0000000082300000, 0x0000000082400000|  0%| F|  |TAMS 0x0000000082300000| PB 0x0000000082300000| Untracked 
|  36|0x0000000082400000, 0x0000000082400000, 0x0000000082500000|  0%| F|  |TAMS 0x0000000082400000| PB 0x0000000082400000| Untracked 
|  37|0x0000000082500000, 0x0000000082500000, 0x0000000082600000|  0%| F|  |TAMS 0x0000000082500000| PB 0x0000000082500000| Untracked 
|  38|0x0000000082600000, 0x0000000082600000, 0x0000000082700000|  0%| F|  |TAMS 0x0000000082600000| PB 0x0000000082600000| Untracked 
|  39|0x0000000082700000, 0x0000000082700000, 0x0000000082800000|  0%| F|  |TAMS 0x0000000082700000| PB 0x0000000082700000| Untracked 
|  40|0x0000000082800000, 0x0000000082800000, 0x0000000082900000|  0%| F|  |TAMS 0x0000000082800000| PB 0x0000000082800000| Untracked 
|  41|0x0000000082900000, 0x0000000082900000, 0x0000000082a00000|  0%| F|  |TAMS 0x0000000082900000| PB 0x0000000082900000| Untracked 
|  42|0x0000000082a00000, 0x0000000082a00000, 0x0000000082b00000|  0%| F|  |TAMS 0x0000000082a00000| PB 0x0000000082a00000| Untracked 
|  43|0x0000000082b00000, 0x0000000082b00000, 0x0000000082c00000|  0%| F|  |TAMS 0x0000000082b00000| PB 0x0000000082b00000| Untracked 
|  44|0x0000000082c00000, 0x0000000082c00000, 0x0000000082d00000|  0%| F|  |TAMS 0x0000000082c00000| PB 0x0000000082c00000| Untracked 
|  45|0x0000000082d00000, 0x0000000082d00000, 0x0000000082e00000|  0%| F|  |TAMS 0x0000000082d00000| PB 0x0000000082d00000| Untracked 
|  46|0x0000000082e00000, 0x0000000082e00000, 0x0000000082f00000|  0%| F|  |TAMS 0x0000000082e00000| PB 0x0000000082e00000| Untracked 
|  47|0x0000000082f00000, 0x0000000082f00000, 0x0000000083000000|  0%| F|  |TAMS 0x0000000082f00000| PB 0x0000000082f00000| Untracked 
|  48|0x0000000083000000, 0x0000000083000000, 0x0000000083100000|  0%| F|  |TAMS 0x0000000083000000| PB 0x0000000083000000| Untracked 
|  49|0x0000000083100000, 0x0000000083100000, 0x0000000083200000|  0%| F|  |TAMS 0x0000000083100000| PB 0x0000000083100000| Untracked 
|  50|0x0000000083200000, 0x0000000083200000, 0x0000000083300000|  0%| F|  |TAMS 0x0000000083200000| PB 0x0000000083200000| Untracked 
|  51|0x0000000083300000, 0x0000000083300000, 0x0000000083400000|  0%| F|  |TAMS 0x0000000083300000| PB 0x0000000083300000| Untracked 
|  52|0x0000000083400000, 0x0000000083400000, 0x0000000083500000|  0%| F|  |TAMS 0x0000000083400000| PB 0x0000000083400000| Untracked 
|  53|0x0000000083500000, 0x0000000083500000, 0x0000000083600000|  0%| F|  |TAMS 0x0000000083500000| PB 0x0000000083500000| Untracked 
|  54|0x0000000083600000, 0x0000000083600000, 0x0000000083700000|  0%| F|  |TAMS 0x0000000083600000| PB 0x0000000083600000| Untracked 
|  55|0x0000000083700000, 0x0000000083700000, 0x0000000083800000|  0%| F|  |TAMS 0x0000000083700000| PB 0x0000000083700000| Untracked 
|  56|0x0000000083800000, 0x0000000083800000, 0x0000000083900000|  0%| F|  |TAMS 0x0000000083800000| PB 0x0000000083800000| Untracked 
|  57|0x0000000083900000, 0x0000000083900000, 0x0000000083a00000|  0%| F|  |TAMS 0x0000000083900000| PB 0x0000000083900000| Untracked 
|  58|0x0000000083a00000, 0x0000000083a00000, 0x0000000083b00000|  0%| F|  |TAMS 0x0000000083a00000| PB 0x0000000083a00000| Untracked 
|  59|0x0000000083b00000, 0x0000000083b00000, 0x0000000083c00000|  0%| F|  |TAMS 0x0000000083b00000| PB 0x0000000083b00000| Untracked 
|  60|0x0000000083c00000, 0x0000000083c00000, 0x0000000083d00000|  0%| F|  |TAMS 0x0000000083c00000| PB 0x0000000083c00000| Untracked 
|  61|0x0000000083d00000, 0x0000000083d00000, 0x0000000083e00000|  0%| F|  |TAMS 0x0000000083d00000| PB 0x0000000083d00000| Untracked 
|  62|0x0000000083e00000, 0x0000000083e00000, 0x0000000083f00000|  0%| F|  |TAMS 0x0000000083e00000| PB 0x0000000083e00000| Untracked 
|  63|0x0000000083f00000, 0x0000000083f00000, 0x0000000084000000|  0%| F|  |TAMS 0x0000000083f00000| PB 0x0000000083f00000| Untracked 
|  64|0x0000000084000000, 0x0000000084000000, 0x0000000084100000|  0%| F|  |TAMS 0x0000000084000000| PB 0x0000000084000000| Untracked 
|  65|0x0000000084100000, 0x0000000084100000, 0x0000000084200000|  0%| F|  |TAMS 0x0000000084100000| PB 0x0000000084100000| Untracked 
|  66|0x0000000084200000, 0x0000000084200000, 0x0000000084300000|  0%| F|  |TAMS 0x0000000084200000| PB 0x0000000084200000| Untracked 
|  67|0x0000000084300000, 0x0000000084300000, 0x0000000084400000|  0%| F|  |TAMS 0x0000000084300000| PB 0x0000000084300000| Untracked 
|  68|0x0000000084400000, 0x0000000084400000, 0x0000000084500000|  0%| F|  |TAMS 0x0000000084400000| PB 0x0000000084400000| Untracked 
|  69|0x0000000084500000, 0x0000000084500000, 0x0000000084600000|  0%| F|  |TAMS 0x0000000084500000| PB 0x0000000084500000| Untracked 
|  70|0x0000000084600000, 0x0000000084700000, 0x0000000084700000|100%| E|  |TAMS 0x0000000084600000| PB 0x0000000084600000| Complete 
|  71|0x0000000084700000, 0x0000000084800000, 0x0000000084800000|100%| E|CS|TAMS 0x0000000084700000| PB 0x0000000084700000| Complete 
|  72|0x0000000084800000, 0x0000000084900000, 0x0000000084900000|100%| E|CS|TAMS 0x0000000084800000| PB 0x0000000084800000| Complete 
|  73|0x0000000084900000, 0x0000000084a00000, 0x0000000084a00000|100%| E|CS|TAMS 0x0000000084900000| PB 0x0000000084900000| Complete 
|  74|0x0000000084a00000, 0x0000000084b00000, 0x0000000084b00000|100%| E|CS|TAMS 0x0000000084a00000| PB 0x0000000084a00000| Complete 
|  75|0x0000000084b00000, 0x0000000084c00000, 0x0000000084c00000|100%| E|CS|TAMS 0x0000000084b00000| PB 0x0000000084b00000| Complete 
|  76|0x0000000084c00000, 0x0000000084d00000, 0x0000000084d00000|100%| E|CS|TAMS 0x0000000084c00000| PB 0x0000000084c00000| Complete 
|  77|0x0000000084d00000, 0x0000000084e00000, 0x0000000084e00000|100%| E|CS|TAMS 0x0000000084d00000| PB 0x0000000084d00000| Complete 
|  78|0x0000000084e00000, 0x0000000084f00000, 0x0000000084f00000|100%| E|CS|TAMS 0x0000000084e00000| PB 0x0000000084e00000| Complete 
|  79|0x0000000084f00000, 0x0000000085000000, 0x0000000085000000|100%| E|CS|TAMS 0x0000000084f00000| PB 0x0000000084f00000| Complete 
|  80|0x0000000085000000, 0x0000000085100000, 0x0000000085100000|100%| E|CS|TAMS 0x0000000085000000| PB 0x0000000085000000| Complete 
|  81|0x0000000085100000, 0x0000000085200000, 0x0000000085200000|100%| E|CS|TAMS 0x0000000085100000| PB 0x0000000085100000| Complete 
|  82|0x0000000085200000, 0x0000000085300000, 0x0000000085300000|100%| E|CS|TAMS 0x0000000085200000| PB 0x0000000085200000| Complete 
|  83|0x0000000085300000, 0x0000000085400000, 0x0000000085400000|100%| E|CS|TAMS 0x0000000085300000| PB 0x0000000085300000| Complete 
|  97|0x0000000086100000, 0x0000000086200000, 0x0000000086200000|100%| E|CS|TAMS 0x0000000086100000| PB 0x0000000086100000| Complete 
|  98|0x0000000086200000, 0x0000000086300000, 0x0000000086300000|100%| E|CS|TAMS 0x0000000086200000| PB 0x0000000086200000| Complete 
|  99|0x0000000086300000, 0x0000000086400000, 0x0000000086400000|100%| E|CS|TAMS 0x0000000086300000| PB 0x0000000086300000| Complete 
| 122|0x0000000087a00000, 0x0000000087b00000, 0x0000000087b00000|100%| E|CS|TAMS 0x0000000087a00000| PB 0x0000000087a00000| Complete 
| 123|0x0000000087b00000, 0x0000000087c00000, 0x0000000087c00000|100%| E|CS|TAMS 0x0000000087b00000| PB 0x0000000087b00000| Complete 
|2043|0x00000000ffb00000, 0x00000000ffc00000, 0x00000000ffc00000|100%| O|  |TAMS 0x00000000ffb00000| PB 0x00000000ffb00000| Untracked 
|2044|0x00000000ffc00000, 0x00000000ffd00000, 0x00000000ffd00000|100%| O|  |TAMS 0x00000000ffc00000| PB 0x00000000ffc00000| Untracked 
|2045|0x00000000ffd00000, 0x00000000ffe00000, 0x00000000ffe00000|100%| O|  |TAMS 0x00000000ffd00000| PB 0x00000000ffd00000| Untracked 
|2046|0x00000000ffe00000, 0x00000000fff00000, 0x00000000fff00000|100%| O|  |TAMS 0x00000000ffe00000| PB 0x00000000ffe00000| Untracked 
|2047|0x00000000fff00000, 0x0000000100000000, 0x0000000100000000|100%| O|  |TAMS 0x00000000fff00000| PB 0x00000000fff00000| Untracked 

Card table byte_map: [0x0000022e1b660000,0x0000022e1ba60000] _byte_map_base: 0x0000022e1b260000

Marking Bits: (CMBitMap*) 0x0000022e08e24840
 Bits: [0x0000022e1ba60000, 0x0000022e1da60000)

Polling page: 0x0000022e06de0000

Metaspace:

Usage:
  Non-class:     39.06 MB used.
      Class:      6.02 MB used.
       Both:     45.08 MB used.

Virtual space:
  Non-class space:       64.00 MB reserved,      39.69 MB ( 62%) committed,  1 nodes.
      Class space:        1.00 GB reserved,       6.62 MB ( <1%) committed,  1 nodes.
             Both:        1.06 GB reserved,      46.31 MB (  4%) committed. 

Chunk freelists:
   Non-Class:  7.66 MB
       Class:  9.38 MB
        Both:  17.04 MB

MaxMetaspaceSize: unlimited
CompressedClassSpaceSize: 1.00 GB
Initial GC threshold: 21.00 MB
Current GC threshold: 59.50 MB
CDS: off
 - commit_granule_bytes: 65536.
 - commit_granule_words: 8192.
 - virtual_space_node_default_size: 8388608.
 - enlarge_chunks_in_place: 1.
 - use_allocation_guard: 0.


Internal statistics:

num_allocs_failed_limit: 9.
num_arena_births: 2298.
num_arena_deaths: 0.
num_vsnodes_births: 2.
num_vsnodes_deaths: 0.
num_space_committed: 741.
num_space_uncommitted: 0.
num_chunks_returned_to_freelist: 9.
num_chunks_taken_from_freelist: 3983.
num_chunk_merges: 9.
num_chunk_splits: 2582.
num_chunks_enlarged: 1569.
num_inconsistent_stats: 0.

CodeHeap 'non-profiled nmethods': size=120000Kb used=2059Kb max_used=2059Kb free=117940Kb
 bounds [0x0000022e139f0000, 0x0000022e13c60000, 0x0000022e1af20000]
CodeHeap 'profiled nmethods': size=120000Kb used=7340Kb max_used=7340Kb free=112660Kb
 bounds [0x0000022e0bf20000, 0x0000022e0c650000, 0x0000022e13450000]
CodeHeap 'non-nmethods': size=5760Kb used=2082Kb max_used=2112Kb free=3677Kb
 bounds [0x0000022e13450000, 0x0000022e136c0000, 0x0000022e139f0000]
 total_blobs=4486 nmethods=3801 adapters=589
 compilation: enabled
              stopped_count=0, restarted_count=0
 full_count=0

Compilation events (20 events):
Event: 3.957 Thread 0x0000022e2066fc90 4190       3       java.lang.reflect.Constructor::acquireConstructorAccessor (75 bytes)
Event: 3.958 Thread 0x0000022e2066fc90 nmethod 4190 0x0000022e0c63dd10 code [0x0000022e0c63df20, 0x0000022e0c63e5b8]
Event: 3.958 Thread 0x0000022e2066fc90 4191       1       org.codehaus.groovy.util.ComplexKeyHashMap$Entry::getValue (5 bytes)
Event: 3.958 Thread 0x0000022e2066fc90 nmethod 4191 0x0000022e13bf2990 code [0x0000022e13bf2b20, 0x0000022e13bf2be8]
Event: 3.960 Thread 0x0000022e2066fc90 4192       3       java.lang.invoke.InvokerBytecodeGenerator::emitImplicitConversion (161 bytes)
Event: 3.961 Thread 0x0000022e2066fc90 nmethod 4192 0x0000022e0c63e810 code [0x0000022e0c63eb40, 0x0000022e0c63f928]
Event: 3.961 Thread 0x0000022e2066fc90 4193   !   3       java.lang.invoke.InnerClassLambdaMetafactory::buildCallSite (150 bytes)
Event: 3.962 Thread 0x0000022e2066fc90 nmethod 4193 0x0000022e0c63fe10 code [0x0000022e0c640200, 0x0000022e0c641b60]
Event: 3.966 Thread 0x0000022e2066fc90 4195   !   2       jdk.internal.loader.Resource::getBytes (244 bytes)
Event: 3.967 Thread 0x0000022e2066fc90 nmethod 4195 0x0000022e0c642910 code [0x0000022e0c642ba0, 0x0000022e0c6435f0]
Event: 3.967 Thread 0x0000022e2066fc90 4196  s    2       jdk.internal.loader.Resource::cachedInputStream (20 bytes)
Event: 3.967 Thread 0x0000022e2066fc90 nmethod 4196 0x0000022e0c643d90 code [0x0000022e0c643f40, 0x0000022e0c6441b0]
Event: 3.969 Thread 0x0000022e2066fc90 4197       3       java.lang.ClassLoader::getClassLoadingLock (35 bytes)
Event: 3.969 Thread 0x0000022e2066fc90 nmethod 4197 0x0000022e0c644290 code [0x0000022e0c644440, 0x0000022e0c644728]
Event: 3.971 Thread 0x0000022e2066fc90 4198   !   3       java.lang.ClassLoader::loadClass (121 bytes)
Event: 3.972 Thread 0x0000022e2066fc90 nmethod 4198 0x0000022e0c644890 code [0x0000022e0c644b60, 0x0000022e0c6457d8]
Event: 3.972 Thread 0x0000022e2066fc90 4199       3       java.lang.Class::getEnclosingMethodInfo (20 bytes)
Event: 3.972 Thread 0x0000022e2066fc90 nmethod 4199 0x0000022e0c645e90 code [0x0000022e0c646060, 0x0000022e0c646298]
Event: 3.976 Thread 0x0000022e2066fc90 4200       3       java.lang.invoke.LambdaFormBuffer::nameArray (15 bytes)
Event: 3.976 Thread 0x0000022e2066fc90 nmethod 4200 0x0000022e0c646390 code [0x0000022e0c646540, 0x0000022e0c6467f8]

GC Heap History (16 events):
Event: 0.402 GC heap before
{Heap before GC invocations=0 (full 0):
 garbage-first heap   total 126976K, used 22528K [0x0000000080000000, 0x0000000100000000)
  region size 1024K, 23 young (23552K), 0 survivors (0K)
 Metaspace       used 7987K, committed 8128K, reserved 1114112K
  class space    used 712K, committed 768K, reserved 1048576K
}
Event: 0.406 GC heap after
{Heap after GC invocations=1 (full 0):
 garbage-first heap   total 126976K, used 4480K [0x0000000080000000, 0x0000000100000000)
  region size 1024K, 3 young (3072K), 3 survivors (3072K)
 Metaspace       used 7987K, committed 8128K, reserved 1114112K
  class space    used 712K, committed 768K, reserved 1048576K
}
Event: 0.828 GC heap before
{Heap before GC invocations=1 (full 0):
 garbage-first heap   total 126976K, used 40320K [0x0000000080000000, 0x0000000100000000)
  region size 1024K, 35 young (35840K), 3 survivors (3072K)
 Metaspace       used 12129K, committed 12352K, reserved 1114112K
  class space    used 1276K, committed 1408K, reserved 1048576K
}
Event: 0.835 GC heap after
{Heap after GC invocations=2 (full 0):
 garbage-first heap   total 126976K, used 12539K [0x0000000080000000, 0x0000000100000000)
  region size 1024K, 4 young (4096K), 4 survivors (4096K)
 Metaspace       used 12129K, committed 12352K, reserved 1114112K
  class space    used 1276K, committed 1408K, reserved 1048576K
}
Event: 1.242 GC heap before
{Heap before GC invocations=2 (full 0):
 garbage-first heap   total 126976K, used 60667K [0x0000000080000000, 0x0000000100000000)
  region size 1024K, 49 young (50176K), 4 survivors (4096K)
 Metaspace       used 14281K, committed 14528K, reserved 1114112K
  class space    used 1561K, committed 1664K, reserved 1048576K
}
Event: 1.250 GC heap after
{Heap after GC invocations=3 (full 0):
 garbage-first heap   total 126976K, used 18689K [0x0000000080000000, 0x0000000100000000)
  region size 1024K, 7 young (7168K), 7 survivors (7168K)
 Metaspace       used 14281K, committed 14528K, reserved 1114112K
  class space    used 1561K, committed 1664K, reserved 1048576K
}
Event: 1.684 GC heap before
{Heap before GC invocations=3 (full 0):
 garbage-first heap   total 126976K, used 40193K [0x0000000080000000, 0x0000000100000000)
  region size 1024K, 29 young (29696K), 7 survivors (7168K)
 Metaspace       used 21184K, committed 21504K, reserved 1114112K
  class space    used 2443K, committed 2624K, reserved 1048576K
}
Event: 1.689 GC heap after
{Heap after GC invocations=4 (full 0):
 garbage-first heap   total 126976K, used 21941K [0x0000000080000000, 0x0000000100000000)
  region size 1024K, 8 young (8192K), 8 survivors (8192K)
 Metaspace       used 21184K, committed 21504K, reserved 1114112K
  class space    used 2443K, committed 2624K, reserved 1048576K
}
Event: 2.439 GC heap before
{Heap before GC invocations=5 (full 0):
 garbage-first heap   total 75776K, used 75189K [0x0000000080000000, 0x0000000100000000)
  region size 1024K, 60 young (61440K), 8 survivors (8192K)
 Metaspace       used 29762K, committed 30400K, reserved 1114112K
  class space    used 3810K, committed 4096K, reserved 1048576K
}
Event: 2.447 GC heap after
{Heap after GC invocations=6 (full 0):
 garbage-first heap   total 87040K, used 25036K [0x0000000080000000, 0x0000000100000000)
  region size 1024K, 6 young (6144K), 6 survivors (6144K)
 Metaspace       used 29762K, committed 30400K, reserved 1114112K
  class space    used 3810K, committed 4096K, reserved 1048576K
}
Event: 2.953 GC heap before
{Heap before GC invocations=6 (full 0):
 garbage-first heap   total 87040K, used 63948K [0x0000000080000000, 0x0000000100000000)
  region size 1024K, 45 young (46080K), 6 survivors (6144K)
 Metaspace       used 35295K, committed 36096K, reserved 1114112K
  class space    used 4725K, committed 5120K, reserved 1048576K
}
Event: 2.958 GC heap after
{Heap after GC invocations=7 (full 0):
 garbage-first heap   total 104448K, used 27332K [0x0000000080000000, 0x0000000100000000)
  region size 1024K, 6 young (6144K), 6 survivors (6144K)
 Metaspace       used 35295K, committed 36096K, reserved 1114112K
  class space    used 4725K, committed 5120K, reserved 1048576K
}
Event: 2.985 GC heap before
{Heap before GC invocations=7 (full 0):
 garbage-first heap   total 104448K, used 30404K [0x0000000080000000, 0x0000000100000000)
  region size 1024K, 10 young (10240K), 6 survivors (6144K)
 Metaspace       used 35618K, committed 36416K, reserved 1114112K
  class space    used 4772K, committed 5184K, reserved 1048576K
}
Event: 2.989 GC heap after
{Heap after GC invocations=8 (full 0):
 garbage-first heap   total 104448K, used 27493K [0x0000000080000000, 0x0000000100000000)
  region size 1024K, 3 young (3072K), 3 survivors (3072K)
 Metaspace       used 35618K, committed 36416K, reserved 1114112K
  class space    used 4772K, committed 5184K, reserved 1048576K
}
Event: 3.904 GC heap before
{Heap before GC invocations=9 (full 0):
 garbage-first heap   total 96256K, used 85861K [0x0000000080000000, 0x0000000100000000)
  region size 1024K, 61 young (62464K), 3 survivors (3072K)
 Metaspace       used 45462K, committed 46656K, reserved 1114112K
  class space    used 6046K, committed 6656K, reserved 1048576K
}
Event: 3.912 GC heap after
{Heap after GC invocations=10 (full 0):
 garbage-first heap   total 96256K, used 32742K [0x0000000080000000, 0x0000000100000000)
  region size 1024K, 8 young (8192K), 8 survivors (8192K)
 Metaspace       used 45462K, committed 46656K, reserved 1114112K
  class space    used 6046K, committed 6656K, reserved 1048576K
}

Dll operation events (3 events):
Event: 0.007 Loaded shared library C:\Program Files\Android\Android Studio5\jbr\bin\java.dll
Event: 0.011 Loaded shared library C:\Program Files\Android\Android Studio5\jbr\bin\zip.dll
Event: 0.434 Loaded shared library C:\Program Files\Android\Android Studio5\jbr\bin\verify.dll

Deoptimization events (20 events):
Event: 3.814 Thread 0x0000022e26b30220 DEOPT PACKING pc=0x0000022e0c5c00ab sp=0x00000080a68f8b20
Event: 3.814 Thread 0x0000022e26b30220 DEOPT UNPACKING pc=0x0000022e134a88e2 sp=0x00000080a68f80b8 mode 0
Event: 3.815 Thread 0x0000022e26b30220 DEOPT PACKING pc=0x0000022e0c5c00ab sp=0x00000080a68f8b20
Event: 3.815 Thread 0x0000022e26b30220 DEOPT UNPACKING pc=0x0000022e134a88e2 sp=0x00000080a68f80b8 mode 0
Event: 3.815 Thread 0x0000022e26b30220 DEOPT PACKING pc=0x0000022e0c5c00ab sp=0x00000080a68f8b20
Event: 3.815 Thread 0x0000022e26b30220 DEOPT UNPACKING pc=0x0000022e134a88e2 sp=0x00000080a68f80b8 mode 0
Event: 3.815 Thread 0x0000022e26b30220 DEOPT PACKING pc=0x0000022e0c5c00ab sp=0x00000080a68f8b20
Event: 3.815 Thread 0x0000022e26b30220 DEOPT UNPACKING pc=0x0000022e134a88e2 sp=0x00000080a68f80b8 mode 0
Event: 3.815 Thread 0x0000022e26b30220 DEOPT PACKING pc=0x0000022e0c5c00ab sp=0x00000080a68f8b20
Event: 3.815 Thread 0x0000022e26b30220 DEOPT UNPACKING pc=0x0000022e134a88e2 sp=0x00000080a68f80b8 mode 0
Event: 3.815 Thread 0x0000022e26b30220 DEOPT PACKING pc=0x0000022e0c5c00ab sp=0x00000080a68f8b20
Event: 3.815 Thread 0x0000022e26b30220 DEOPT UNPACKING pc=0x0000022e134a88e2 sp=0x00000080a68f80b8 mode 0
Event: 3.850 Thread 0x0000022e26b30220 Uncommon trap: trap_request=0xffffff45 fr.pc=0x0000022e13b02498 relative=0x00000000000000f8
Event: 3.850 Thread 0x0000022e26b30220 Uncommon trap: reason=unstable_if action=reinterpret pc=0x0000022e13b02498 method=java.lang.ClassLoader.getClassLoadingLock(Ljava/lang/String;)Ljava/lang/Object; @ 6 c2
Event: 3.850 Thread 0x0000022e26b30220 DEOPT PACKING pc=0x0000022e13b02498 sp=0x00000080a68f8fb0
Event: 3.850 Thread 0x0000022e26b30220 DEOPT UNPACKING pc=0x0000022e134a7da2 sp=0x00000080a68f8f40 mode 2
Event: 3.853 Thread 0x0000022e26b30220 Uncommon trap: trap_request=0xffffff6e fr.pc=0x0000022e13be1e00 relative=0x0000000000000840
Event: 3.853 Thread 0x0000022e26b30220 Uncommon trap: reason=loop_limit_check action=maybe_recompile pc=0x0000022e13be1e00 method=java.util.regex.Pattern$Start.match(Ljava/util/regex/Matcher;ILjava/lang/CharSequence;)Z @ 34 c2
Event: 3.853 Thread 0x0000022e26b30220 DEOPT PACKING pc=0x0000022e13be1e00 sp=0x00000080a68f8d10
Event: 3.853 Thread 0x0000022e26b30220 DEOPT UNPACKING pc=0x0000022e134a7da2 sp=0x00000080a68f8c80 mode 2

Classes loaded (20 events):
Event: 3.858 Loading class jdk/internal/jrtfs/JrtFileAttributes
Event: 3.858 Loading class jdk/internal/jrtfs/JrtFileAttributes done
Event: 3.858 Loading class jdk/internal/jrtfs/JrtDirectoryStream
Event: 3.858 Loading class jdk/internal/jrtfs/JrtDirectoryStream done
Event: 3.858 Loading class jdk/internal/jrtfs/JrtDirectoryStream$1
Event: 3.858 Loading class jdk/internal/jrtfs/JrtDirectoryStream$1 done
Event: 3.859 Loading class java/util/function/BooleanSupplier
Event: 3.859 Loading class java/util/function/BooleanSupplier done
Event: 3.859 Loading class jdk/internal/jimage/ImageReader$Resource
Event: 3.859 Loading class jdk/internal/jimage/ImageReader$Resource done
Event: 3.952 Loading class java/util/WeakHashMap$KeyIterator
Event: 3.952 Loading class java/util/WeakHashMap$HashIterator
Event: 3.952 Loading class java/util/WeakHashMap$HashIterator done
Event: 3.952 Loading class java/util/WeakHashMap$KeyIterator done
Event: 3.961 Loading class java/lang/ThreadLocal$SuppliedThreadLocal
Event: 3.962 Loading class java/lang/ThreadLocal$SuppliedThreadLocal done
Event: 3.971 Loading class sun/nio/fs/WindowsPath$1
Event: 3.971 Loading class sun/nio/fs/WindowsPath$1 done
Event: 3.971 Loading class sun/nio/fs/WindowsException
Event: 3.971 Loading class sun/nio/fs/WindowsException done

Classes unloaded (0 events):
No events

Classes redefined (0 events):
No events

Internal exceptions (20 events):
Event: 3.490 Thread 0x0000022e26b30220 Exception <a 'java/lang/NoSuchMethodError'{0x000000008323f0e8}: 'java.lang.reflect.Method[] java.lang.Class.getDeclaredMethods(java.lang.Class)'> (0x000000008323f0e8) 
thrown [s\src\hotspot\share\interpreter\linkResolver.cpp, line 784]
Event: 3.515 Thread 0x0000022e26b30220 Exception <a 'java/lang/NoSuchMethodError'{0x000000008317e708}: 'void java.lang.invoke.DirectMethodHandle$Holder.invokeStaticInit(java.lang.Object, java.lang.Object, java.lang.Object)'> (0x000000008317e708) 
thrown [s\src\hotspot\share\interpreter\linkResolver.cpp, line 784]
Event: 3.518 Thread 0x0000022e26b30220 Exception <a 'java/lang/NoSuchMethodError'{0x00000000831a2ac8}: 'void java.lang.invoke.DirectMethodHandle$Holder.invokeStaticInit(java.lang.Object, java.lang.Object, java.lang.Object, java.lang.Object, java.lang.Object)'> (0x00000000831a2ac8) 
thrown [s\src\hotspot\share\interpreter\linkResolver.cpp, line 784]
Event: 3.531 Thread 0x0000022e26b30220 Exception <a 'java/lang/NoSuchMethodError'{0x00000000831fa3d8}: 'int java.lang.invoke.DirectMethodHandle$Holder.invokeStaticInit(java.lang.Object, java.lang.Object, java.lang.Object, java.lang.Object)'> (0x00000000831fa3d8) 
thrown [s\src\hotspot\share\interpreter\linkResolver.cpp, line 784]
Event: 3.728 Thread 0x0000022e26b30220 Exception <a 'java/lang/ClassNotFoundException'{0x00000000828ee6a0}: groovy/lang/ExpandoMetaClassBeanInfo> (0x00000000828ee6a0) 
thrown [s\src\hotspot\share\classfile\systemDictionary.cpp, line 312]
Event: 3.728 Thread 0x0000022e26b30220 Exception <a 'java/lang/ClassNotFoundException'{0x00000000828f6698}: groovy/lang/MetaClassImplBeanInfo> (0x00000000828f6698) 
thrown [s\src\hotspot\share\classfile\systemDictionary.cpp, line 312]
Event: 3.729 Thread 0x0000022e26b30220 Exception <a 'java/lang/ClassNotFoundException'{0x00000000828faec0}: java/lang/ObjectBeanInfo> (0x00000000828faec0) 
thrown [s\src\hotspot\share\classfile\systemDictionary.cpp, line 312]
Event: 3.729 Thread 0x0000022e26b30220 Exception <a 'java/lang/ClassNotFoundException'{0x0000000082700c98}: java/lang/ObjectCustomizer> (0x0000000082700c98) 
thrown [s\src\hotspot\share\classfile\systemDictionary.cpp, line 312]
Event: 3.732 Thread 0x0000022e26b30220 Exception <a 'java/lang/IncompatibleClassChangeError'{0x000000008270f0a8}: Found class java.lang.Object, but interface was expected> (0x000000008270f0a8) 
thrown [s\src\hotspot\share\interpreter\linkResolver.cpp, line 851]
Event: 3.736 Thread 0x0000022e26b30220 Exception <a 'java/lang/ClassNotFoundException'{0x0000000082728c50}: groovy/lang/MetaClassImplCustomizer> (0x0000000082728c50) 
thrown [s\src\hotspot\share\classfile\systemDictionary.cpp, line 312]
Event: 3.739 Thread 0x0000022e26b30220 Exception <a 'java/lang/ClassNotFoundException'{0x0000000082750890}: groovy/lang/ExpandoMetaClassCustomizer> (0x0000000082750890) 
thrown [s\src\hotspot\share\classfile\systemDictionary.cpp, line 312]
Event: 3.955 Thread 0x0000022e26b30220 Exception <a 'java/lang/ClassNotFoundException'{0x0000000084a9cce8}: org/gradle/internal/extensibility/DefaultExtraPropertiesExtensionBeanInfo> (0x0000000084a9cce8) 
thrown [s\src\hotspot\share\classfile\systemDictionary.cpp, line 312]
Event: 3.955 Thread 0x0000022e26b30220 Exception <a 'java/lang/ClassNotFoundException'{0x0000000084aa4dd0}: groovy/lang/GroovyObjectSupportBeanInfo> (0x0000000084aa4dd0) 
thrown [s\src\hotspot\share\classfile\systemDictionary.cpp, line 312]
Event: 3.955 Thread 0x0000022e26b30220 Exception <a 'java/lang/ClassNotFoundException'{0x0000000084aacec0}: groovy/lang/GroovyObjectSupportCustomizer> (0x0000000084aacec0) 
thrown [s\src\hotspot\share\classfile\systemDictionary.cpp, line 312]
Event: 3.957 Thread 0x0000022e26b30220 Exception <a 'java/lang/ClassNotFoundException'{0x0000000084ac6a00}: org/gradle/internal/extensibility/DefaultExtraPropertiesExtensionCustomizer> (0x0000000084ac6a00) 
thrown [s\src\hotspot\share\classfile\systemDictionary.cpp, line 312]
Event: 3.959 Thread 0x0000022e26b30220 Exception <a 'java/lang/IncompatibleClassChangeError'{0x0000000084ae1990}: Found class java.lang.Object, but interface was expected> (0x0000000084ae1990) 
thrown [s\src\hotspot\share\interpreter\linkResolver.cpp, line 851]
Event: 3.971 Thread 0x0000022e26b30220 Exception <a 'sun/nio/fs/WindowsException'{0x00000000849c1d98}> (0x00000000849c1d98) 
thrown [s\src\hotspot\share\prims\jni.cpp, line 535]
Event: 3.971 Thread 0x0000022e26b30220 Exception <a 'sun/nio/fs/WindowsException'{0x00000000849c32c0}> (0x00000000849c32c0) 
thrown [s\src\hotspot\share\prims\jni.cpp, line 535]
Event: 3.972 Thread 0x0000022e26b30220 Exception <a 'sun/nio/fs/WindowsException'{0x00000000849c4790}> (0x00000000849c4790) 
thrown [s\src\hotspot\share\prims\jni.cpp, line 535]
Event: 3.972 Thread 0x0000022e26b30220 Exception <a 'sun/nio/fs/WindowsException'{0x00000000849c5898}> (0x00000000849c5898) 
thrown [s\src\hotspot\share\prims\jni.cpp, line 535]

ZGC Phase Switch (0 events):
No events

VM Operations (20 events):
Event: 3.088 Executing VM operation: HandshakeAllThreads (Deoptimize)
Event: 3.088 Executing VM operation: HandshakeAllThreads (Deoptimize) done
Event: 3.232 Executing VM operation: HandshakeAllThreads (Deoptimize)
Event: 3.232 Executing VM operation: HandshakeAllThreads (Deoptimize) done
Event: 3.480 Executing VM operation: HandshakeAllThreads (Deoptimize)
Event: 3.481 Executing VM operation: HandshakeAllThreads (Deoptimize) done
Event: 3.493 Executing VM operation: ICBufferFull
Event: 3.493 Executing VM operation: ICBufferFull done
Event: 3.627 Executing VM operation: HandshakeAllThreads (Deoptimize)
Event: 3.627 Executing VM operation: HandshakeAllThreads (Deoptimize) done
Event: 3.788 Executing VM operation: HandshakeAllThreads (Deoptimize)
Event: 3.788 Executing VM operation: HandshakeAllThreads (Deoptimize) done
Event: 3.788 Executing VM operation: HandshakeAllThreads (Deoptimize)
Event: 3.788 Executing VM operation: HandshakeAllThreads (Deoptimize) done
Event: 3.791 Executing VM operation: HandshakeAllThreads (Deoptimize)
Event: 3.791 Executing VM operation: HandshakeAllThreads (Deoptimize) done
Event: 3.857 Executing VM operation: HandshakeAllThreads (Deoptimize)
Event: 3.857 Executing VM operation: HandshakeAllThreads (Deoptimize) done
Event: 3.904 Executing VM operation: G1CollectForAllocation (G1 Evacuation Pause)
Event: 3.912 Executing VM operation: G1CollectForAllocation (G1 Evacuation Pause) done

Memory protections (0 events):
No events

Nmethod flushes (20 events):
Event: 3.004 Thread 0x0000022e204f1760 flushing  nmethod 0x0000022e0bff7a10
Event: 3.004 Thread 0x0000022e204f1760 flushing  nmethod 0x0000022e0c02a990
Event: 3.004 Thread 0x0000022e204f1760 flushing  nmethod 0x0000022e0c02e190
Event: 3.004 Thread 0x0000022e204f1760 flushing  nmethod 0x0000022e0c030f90
Event: 3.004 Thread 0x0000022e204f1760 flushing  nmethod 0x0000022e0c074390
Event: 3.004 Thread 0x0000022e204f1760 flushing  nmethod 0x0000022e0c074a90
Event: 3.004 Thread 0x0000022e204f1760 flushing  nmethod 0x0000022e0c075090
Event: 3.004 Thread 0x0000022e204f1760 flushing  nmethod 0x0000022e0c076910
Event: 3.004 Thread 0x0000022e204f1760 flushing  nmethod 0x0000022e0c078310
Event: 3.004 Thread 0x0000022e204f1760 flushing  nmethod 0x0000022e0c078f90
Event: 3.004 Thread 0x0000022e204f1760 flushing  nmethod 0x0000022e0c07d910
Event: 3.004 Thread 0x0000022e204f1760 flushing  nmethod 0x0000022e0c07e890
Event: 3.004 Thread 0x0000022e204f1760 flushing  nmethod 0x0000022e0c0b5e90
Event: 3.004 Thread 0x0000022e204f1760 flushing  nmethod 0x0000022e0c0d2f90
Event: 3.004 Thread 0x0000022e204f1760 flushing  nmethod 0x0000022e0c0e0590
Event: 3.004 Thread 0x0000022e204f1760 flushing  nmethod 0x0000022e0c0e1690
Event: 3.004 Thread 0x0000022e204f1760 flushing  nmethod 0x0000022e0c132410
Event: 3.004 Thread 0x0000022e204f1760 flushing  nmethod 0x0000022e0c137690
Event: 3.004 Thread 0x0000022e204f1760 flushing  nmethod 0x0000022e0c1bcf10
Event: 3.004 Thread 0x0000022e204f1760 flushing  nmethod 0x0000022e0c351c90

Events (20 events):
Event: 1.595 Thread 0x0000022e26a085f0 Thread added: 0x0000022e269fa320
Event: 1.598 Thread 0x0000022e269fa320 Thread added: 0x0000022e269f1f10
Event: 1.619 Thread 0x0000022e269fa320 Thread added: 0x0000022e26bb67d0
Event: 1.627 Thread 0x0000022e269fa320 Thread added: 0x0000022e26b30220
Event: 1.634 Thread 0x0000022e26b30220 Thread added: 0x0000022e26b2b6d0
Event: 1.637 Thread 0x0000022e26b30220 Thread added: 0x0000022e26b2a320
Event: 1.639 Thread 0x0000022e26b30220 Thread added: 0x0000022e26b29600
Event: 1.732 Thread 0x0000022e251412d0 Thread exited: 0x0000022e251412d0
Event: 1.945 Thread 0x0000022e26b30220 Thread added: 0x0000022e26b29c90
Event: 1.951 Thread 0x0000022e26b30220 Thread added: 0x0000022e26b28250
Event: 1.970 Thread 0x0000022e26b30220 Thread added: 0x0000022e26b288e0
Event: 2.110 Thread 0x0000022e2066fc90 Thread added: 0x0000022e2727b1f0
Event: 2.652 Thread 0x0000022e26b30220 Thread added: 0x0000022e26b2b040
Event: 2.661 Thread 0x0000022e26b30220 Thread added: 0x0000022e26b28f70
Event: 2.832 Thread 0x0000022e26b30220 Thread added: 0x0000022e29642a10
Event: 2.836 Thread 0x0000022e26b30220 Thread added: 0x0000022e2963f590
Event: 3.024 Thread 0x0000022e26b30220 Thread added: 0x0000022e2963fc20
Event: 3.045 Thread 0x0000022e26b30220 Thread added: 0x0000022e2963e1e0
Event: 3.161 Thread 0x0000022e26b30220 Thread added: 0x0000022e29644450
Event: 3.291 Thread 0x0000022e26b30220 Thread added: 0x0000022e29640940


Dynamic libraries:
0x00007ff61b530000 - 0x00007ff61b53a000 	C:\Program Files\Android\Android Studio5\jbr\bin\java.exe
0x00007ff9ceac0000 - 0x00007ff9cecc7000 	C:\Windows\SYSTEM32\ntdll.dll
0x00007ff9cda80000 - 0x00007ff9cdb3d000 	C:\Windows\System32\KERNEL32.DLL
0x00007ff9cc230000 - 0x00007ff9cc5a2000 	C:\Windows\System32\KERNELBASE.dll
0x00007ff9cc870000 - 0x00007ff9cc981000 	C:\Windows\System32\ucrtbase.dll
0x00007ff9bff70000 - 0x00007ff9bff88000 	C:\Program Files\Android\Android Studio5\jbr\bin\jli.dll
0x00007ff9ba260000 - 0x00007ff9ba27b000 	C:\Program Files\Android\Android Studio5\jbr\bin\VCRUNTIME140.dll
0x00007ff9cd010000 - 0x00007ff9cd1bc000 	C:\Windows\System32\USER32.dll
0x00007ff9a7f60000 - 0x00007ff9a8205000 	C:\Windows\WinSxS\amd64_microsoft.windows.common-controls_6595b64144ccf1df_6.0.21996.1_none_7d6b053978bcd706\COMCTL32.dll
0x00007ff9cc840000 - 0x00007ff9cc866000 	C:\Windows\System32\win32u.dll
0x00007ff9cdee0000 - 0x00007ff9cdf83000 	C:\Windows\System32\msvcrt.dll
0x00007ff9ccfd0000 - 0x00007ff9ccff9000 	C:\Windows\System32\GDI32.dll
0x00007ff9cc720000 - 0x00007ff9cc832000 	C:\Windows\System32\gdi32full.dll
0x00007ff9cbfe0000 - 0x00007ff9cc07d000 	C:\Windows\System32\msvcp_win.dll
0x00007ff9cd260000 - 0x00007ff9cd291000 	C:\Windows\System32\IMM32.DLL
0x00007ff9b9bf0000 - 0x00007ff9b9bfc000 	C:\Program Files\Android\Android Studio5\jbr\bin\vcruntime140_1.dll
0x00007ff9b0a50000 - 0x00007ff9b0add000 	C:\Program Files\Android\Android Studio5\jbr\bin\msvcp140.dll
0x00007ff951d70000 - 0x00007ff9529f3000 	C:\Program Files\Android\Android Studio5\jbr\bin\server\jvm.dll
0x00007ff9cd7d0000 - 0x00007ff9cd87c000 	C:\Windows\System32\ADVAPI32.dll
0x00007ff9cde40000 - 0x00007ff9cdedd000 	C:\Windows\System32\sechost.dll
0x00007ff9ce860000 - 0x00007ff9ce981000 	C:\Windows\System32\RPCRT4.dll
0x00007ff9ce7f0000 - 0x00007ff9ce85f000 	C:\Windows\System32\WS2_32.dll
0x00007ff9cbc60000 - 0x00007ff9cbcad000 	C:\Windows\SYSTEM32\POWRPROF.dll
0x00007ff9c3410000 - 0x00007ff9c341a000 	C:\Windows\SYSTEM32\VERSION.dll
0x00007ff9c9dd0000 - 0x00007ff9c9e03000 	C:\Windows\SYSTEM32\WINMM.dll
0x00007ff9cbc40000 - 0x00007ff9cbc53000 	C:\Windows\SYSTEM32\UMPDC.dll
0x00007ff9cb110000 - 0x00007ff9cb127000 	C:\Windows\SYSTEM32\kernel.appcore.dll
0x00007ff9b9bd0000 - 0x00007ff9b9bda000 	C:\Program Files\Android\Android Studio5\jbr\bin\jimage.dll
0x00007ff9c9b30000 - 0x00007ff9c9d51000 	C:\Windows\SYSTEM32\DBGHELP.DLL
0x00007ff9c9d90000 - 0x00007ff9c9dc1000 	C:\Windows\SYSTEM32\dbgcore.DLL
0x00007ff9cc140000 - 0x00007ff9cc1c0000 	C:\Windows\System32\bcryptPrimitives.dll
0x00007ff9c55a0000 - 0x00007ff9c55ae000 	C:\Program Files\Android\Android Studio5\jbr\bin\instrument.dll
0x00007ff9b8e20000 - 0x00007ff9b8e40000 	C:\Program Files\Android\Android Studio5\jbr\bin\java.dll
0x00007ff9b0c80000 - 0x00007ff9b0c98000 	C:\Program Files\Android\Android Studio5\jbr\bin\zip.dll
0x00007ff9ce080000 - 0x00007ff9ce7e9000 	C:\Windows\System32\SHELL32.dll
0x00007ff9ca1a0000 - 0x00007ff9ca9f8000 	C:\Windows\SYSTEM32\windows.storage.dll
0x00007ff9cd450000 - 0x00007ff9cd7c5000 	C:\Windows\System32\combase.dll
0x00007ff9ca030000 - 0x00007ff9ca196000 	C:\Windows\SYSTEM32\wintypes.dll
0x00007ff9ce990000 - 0x00007ff9cea7a000 	C:\Windows\System32\SHCORE.dll
0x00007ff9cc990000 - 0x00007ff9cc9ed000 	C:\Windows\System32\shlwapi.dll
0x00007ff9cbf10000 - 0x00007ff9cbf31000 	C:\Windows\SYSTEM32\profapi.dll
0x00007ff9b9710000 - 0x00007ff9b9720000 	C:\Program Files\Android\Android Studio5\jbr\bin\net.dll
0x00007ff9c6440000 - 0x00007ff9c654c000 	C:\Windows\SYSTEM32\WINHTTP.dll
0x00007ff9cb590000 - 0x00007ff9cb5f7000 	C:\Windows\system32\mswsock.dll
0x00007ff994a50000 - 0x00007ff994a66000 	C:\Program Files\Android\Android Studio5\jbr\bin\nio.dll
0x00007ff9a94f0000 - 0x00007ff9a9500000 	C:\Program Files\Android\Android Studio5\jbr\bin\verify.dll
0x00007ff9b4bd0000 - 0x00007ff9b4bf7000 	C:\Users\Gabriel\.gradle\native\c067742578af261105cb4f569cf0c3c89f3d7b1fecec35dd04571415982c5e48\windows-amd64\native-platform.dll
0x00007ff98c1c0000 - 0x00007ff98c304000 	C:\Users\Gabriel\.gradle\native\100fb08df4bc3b14c8652ba06237920a3bd2aa13389f12d3474272988ae205f9\windows-amd64\native-platform-file-events.dll
0x00007ff9b75f0000 - 0x00007ff9b75f9000 	C:\Program Files\Android\Android Studio5\jbr\bin\management.dll
0x00007ff9b28a0000 - 0x00007ff9b28ab000 	C:\Program Files\Android\Android Studio5\jbr\bin\management_ext.dll
0x00007ff9ccfc0000 - 0x00007ff9ccfc8000 	C:\Windows\System32\PSAPI.DLL
0x00007ff9cb7e0000 - 0x00007ff9cb7f8000 	C:\Windows\SYSTEM32\CRYPTSP.dll
0x00007ff9cb070000 - 0x00007ff9cb0a5000 	C:\Windows\system32\rsaenh.dll
0x00007ff9cb680000 - 0x00007ff9cb6a9000 	C:\Windows\SYSTEM32\USERENV.dll
0x00007ff9cb950000 - 0x00007ff9cb977000 	C:\Windows\SYSTEM32\bcrypt.dll
0x00007ff9cb7d0000 - 0x00007ff9cb7dc000 	C:\Windows\SYSTEM32\CRYPTBASE.dll
0x00007ff9cac50000 - 0x00007ff9cac7d000 	C:\Windows\SYSTEM32\IPHLPAPI.DLL
0x00007ff9cd320000 - 0x00007ff9cd329000 	C:\Windows\System32\NSI.dll
0x00007ff9b7a50000 - 0x00007ff9b7a59000 	C:\Program Files\Android\Android Studio5\jbr\bin\extnet.dll
0x00007ff9b5f30000 - 0x00007ff9b5f38000 	C:\Windows\system32\wshunix.dll

dbghelp: loaded successfully - version: 4.0.5 - missing functions: none
symbol engine: initialized successfully - sym options: 0x614 - pdb path: .;C:\Program Files\Android\Android Studio5\jbr\bin;C:\Windows\SYSTEM32;C:\Windows\WinSxS\amd64_microsoft.windows.common-controls_6595b64144ccf1df_6.0.21996.1_none_7d6b053978bcd706;C:\Program Files\Android\Android Studio5\jbr\bin\server;C:\Users\Gabriel\.gradle\native\c067742578af261105cb4f569cf0c3c89f3d7b1fecec35dd04571415982c5e48\windows-amd64;C:\Users\Gabriel\.gradle\native\100fb08df4bc3b14c8652ba06237920a3bd2aa13389f12d3474272988ae205f9\windows-amd64

VM Arguments:
jvm_args: --add-opens=java.base/java.util=ALL-UNNAMED --add-opens=java.base/java.lang=ALL-UNNAMED --add-opens=java.base/java.lang.invoke=ALL-UNNAMED --add-opens=java.prefs/java.util.prefs=ALL-UNNAMED --add-exports=jdk.compiler/com.sun.tools.javac.api=ALL-UNNAMED --add-exports=jdk.compiler/com.sun.tools.javac.util=ALL-UNNAMED --add-opens=java.base/java.nio.charset=ALL-UNNAMED --add-opens=java.base/java.net=ALL-UNNAMED --add-opens=java.base/java.util.concurrent.atomic=ALL-UNNAMED -Xmx2048m -Dfile.encoding=UTF-8 -Duser.country=BR -Duser.language=pt -Duser.variant -javaagent:C:\Users\Gabriel\.gradle\wrapper\dists\gradle-8.10.2-bin\a04bxjujx95o3nb99gddekhwo\gradle-8.10.2\lib\agents\gradle-instrumentation-agent-8.10.2.jar 
java_command: org.gradle.launcher.daemon.bootstrap.GradleDaemon 8.10.2
java_class_path (initial): C:\Users\Gabriel\.gradle\wrapper\dists\gradle-8.10.2-bin\a04bxjujx95o3nb99gddekhwo\gradle-8.10.2\lib\gradle-daemon-main-8.10.2.jar
Launcher Type: SUN_STANDARD

[Global flags]
     intx CICompilerCount                          = 4                                         {product} {ergonomic}
     uint ConcGCThreads                            = 2                                         {product} {ergonomic}
     uint G1ConcRefinementThreads                  = 8                                         {product} {ergonomic}
   size_t G1HeapRegionSize                         = 1048576                                   {product} {ergonomic}
    uintx GCDrainStackTargetSize                   = 64                                        {product} {ergonomic}
   size_t InitialHeapSize                          = 130023424                                 {product} {ergonomic}
   size_t MarkStackSize                            = 4194304                                   {product} {ergonomic}
   size_t MaxHeapSize                              = 2147483648                                {product} {command line}
   size_t MaxNewSize                               = 1287651328                                {product} {ergonomic}
   size_t MinHeapDeltaBytes                        = 1048576                                   {product} {ergonomic}
   size_t MinHeapSize                              = 8388608                                   {product} {ergonomic}
    uintx NonNMethodCodeHeapSize                   = 5839372                                {pd product} {ergonomic}
    uintx NonProfiledCodeHeapSize                  = 122909434                              {pd product} {ergonomic}
    uintx ProfiledCodeHeapSize                     = 122909434                              {pd product} {ergonomic}
    uintx ReservedCodeCacheSize                    = 251658240                              {pd product} {ergonomic}
     bool SegmentedCodeCache                       = true                                      {product} {ergonomic}
   size_t SoftMaxHeapSize                          = 2147483648                             {manageable} {ergonomic}
     bool UseCompressedOops                        = true                           {product lp64_product} {ergonomic}
     bool UseG1GC                                  = true                                      {product} {ergonomic}
     bool UseLargePagesIndividualAllocation        = false                                  {pd product} {ergonomic}

Logging:
Log output configuration:
 #0: stdout all=warning uptime,level,tags foldmultilines=false
 #1: stderr all=off uptime,level,tags foldmultilines=false

Environment Variables:
PATH=C:\Program Files\Common Files\Oracle\Java\javapath;C:\Windows\system32;C:\Windows;C:\Windows\System32\Wbem;C:\Windows\System32\WindowsPowerShell\v1.0\;C:\Windows\System32\OpenSSH\;C:\ProgramData\UNIVALI\Portugol Studio;C:\Program Files\Microsoft SQL Server\150\Tools\Binn\;C:\Program Files\Microsoft SQL Server\Client SDK\ODBC\170\Tools\Binn\;C:\Program Files\dotnet\;C:\Program Files\Git\cmd;C:\Program Files\MySQL\MySQL Shell 8.0\bin\;C:\Users\Gabriel\AppData\Local\Programs\Python\Launcher\;C:\Users\Gabriel\AppData\Local\Microsoft\WindowsApps;C:\Users\Gabriel\AppData\Local\Programs\Microsoft VS Code\bin;C:\Users\Gabriel\.dotnet\tools;C:\Windows\Microsoft.NET\Framework64\v4.0.30319;C:\Users\Gabriel\Documents\aprendizado\Aulas\flutter\bin
USERNAME=Gabriel
OS=Windows_NT
PROCESSOR_IDENTIFIER=Intel64 Family 6 Model 140 Stepping 1, GenuineIntel
TMP=C:\Users\Gabriel\AppData\Local\Temp
TEMP=C:\Users\Gabriel\AppData\Local\Temp




Periodic native trim disabled

JNI global refs:
JNI global refs: 25, weak refs: 0

JNI global refs memory usage: 835, weak refs: 833

Process memory usage:
Resident Set Size: 268760K (3% of 8125220K total physical memory with 636728K free physical memory)

OOME stack traces (most recent first):
Classloader memory used:
Loader bootstrap                                                                       : 20918K
Loader org.gradle.internal.classloader.VisitableURLClassLoader                         : 20355K
Loader org.gradle.initialization.MixInLegacyTypesClassLoader                           : 4215K
Loader jdk.internal.loader.ClassLoaders$PlatformClassLoader                            : 529K
Loader jdk.internal.loader.ClassLoaders$AppClassLoader                                 : 234K

Classes loaded by more than one classloader:
Class org.gradle.internal.classloader.FilteringClassLoader                            : loaded 2 times (x 101B)
Class org.gradle.internal.classloader.ClassLoaderHierarchy                            : loaded 2 times (x 66B)
Class org.gradle.api.internal.classpath.ManifestUtil                                  : loaded 2 times (x 67B)
Class org.gradle.internal.classloader.DefaultClassLoaderFactory                       : loaded 2 times (x 78B)
Class org.gradle.internal.classloader.ClassLoaderVisitor                              : loaded 2 times (x 72B)
Class org.gradle.api.internal.classpath.EffectiveClassPath                            : loaded 2 times (x 86B)
Class org.gradle.api.internal.DefaultClassPathProvider                                : loaded 2 times (x 72B)
Class [Lorg.gradle.api.internal.ClassPathProvider;                                    : loaded 2 times (x 65B)
Class org.gradle.api.internal.ClassPathProvider                                       : loaded 2 times (x 66B)
Class org.gradle.internal.service.UnknownServiceException                             : loaded 2 times (x 79B)
Class org.gradle.internal.classpath.TransformedClassPath                              : loaded 2 times (x 92B)
Class org.gradle.internal.classloader.InstrumentingClassLoader                        : loaded 2 times (x 66B)
Class org.gradle.internal.service.ServiceLocator                                      : loaded 2 times (x 66B)
Class org.gradle.internal.InternalTransformer                                         : loaded 2 times (x 66B)
Class org.gradle.internal.classloader.ClasspathUtil$1                                 : loaded 2 times (x 72B)
Class org.gradle.api.internal.classpath.DefaultModuleRegistry$DefaultModule           : loaded 2 times (x 82B)
Class org.gradle.api.internal.classpath.Module                                        : loaded 2 times (x 66B)
Class org.gradle.api.internal.classpath.UnknownModuleException                        : loaded 2 times (x 78B)
Class org.gradle.api.internal.DefaultClassPathRegistry                                : loaded 2 times (x 72B)
Class org.gradle.api.internal.ClassPathRegistry                                       : loaded 2 times (x 66B)
Class org.gradle.internal.classpath.DefaultClassPath$ImmutableUniqueList              : loaded 2 times (x 195B)
Class org.gradle.internal.classpath.ClassPath                                         : loaded 2 times (x 66B)
Class org.gradle.api.UncheckedIOException                                             : loaded 2 times (x 78B)
Class org.gradle.internal.installation.GradleInstallation$1                           : loaded 2 times (x 71B)
Class org.gradle.api.internal.classpath.ModuleRegistry                                : loaded 2 times (x 66B)
Class org.gradle.api.internal.classpath.DefaultModuleRegistry                         : loaded 2 times (x 82B)
Class org.gradle.internal.service.ServiceLookupException                              : loaded 2 times (x 78B)
Class org.gradle.internal.classloader.ClassLoaderFactory                              : loaded 2 times (x 66B)
Class org.gradle.internal.service.CachingServiceLocator                               : loaded 2 times (x 78B)
Class org.gradle.internal.classloader.ClasspathUtil                                   : loaded 2 times (x 67B)
Class org.gradle.api.specs.Spec                                                       : loaded 2 times (x 66B)
Class org.gradle.internal.classloader.VisitableURLClassLoader$InstrumentingVisitableURLClassLoader: loaded 2 times (x 119B)
Class org.gradle.internal.classloader.VisitableURLClassLoader$Spec                    : loaded 2 times (x 70B)
Class org.gradle.internal.classpath.DefaultClassPath                                  : loaded 2 times (x 86B)
Class org.gradle.internal.classloader.ClassLoaderSpec                                 : loaded 2 times (x 67B)
Class org.gradle.internal.classloader.VisitableURLClassLoader                         : loaded 2 times (x 113B)
Class org.gradle.internal.Cast                                                        : loaded 2 times (x 67B)
Class org.gradle.api.Action                                                           : loaded 2 times (x 66B)
Class org.gradle.internal.classpath.DefaultClassPath$ImmutableUniqueList$Builder      : loaded 2 times (x 71B)
Class org.gradle.api.GradleException                                                  : loaded 2 times (x 78B)
Class org.gradle.internal.IoActions                                                   : loaded 2 times (x 67B)
Class org.gradle.internal.classloader.SystemClassLoaderSpec                           : loaded 2 times (x 67B)
Class org.gradle.api.internal.classpath.GlobalCacheRootsProvider                      : loaded 2 times (x 66B)
Class org.gradle.internal.installation.CurrentGradleInstallationLocator               : loaded 2 times (x 67B)
Class org.gradle.internal.service.DefaultServiceLocator                               : loaded 2 times (x 79B)
Class org.gradle.internal.installation.CurrentGradleInstallation                      : loaded 2 times (x 69B)
Class org.gradle.util.internal.GUtil                                                  : loaded 2 times (x 67B)
Class org.gradle.internal.installation.GradleInstallation                             : loaded 2 times (x 71B)

---------------  S Y S T E M  ---------------

OS:
 Windows 10 , 64 bit Build 21996 (10.0.21996.1)
OS uptime: 4 days 0:07 hours

CPU: total 8 (initial active 8) (4 cores per cpu, 2 threads per core) family 6 model 140 stepping 1 microcode 0xba, cx8, cmov, fxsr, ht, mmx, 3dnowpref, sse, sse2, sse3, ssse3, sse4.1, sse4.2, popcnt, lzcnt, tsc, tscinvbit, avx, avx2, aes, erms, clmul, bmi1, bmi2, adx, avx512f, avx512dq, avx512cd, avx512bw, avx512vl, sha, fma, vzeroupper, avx512_vpopcntdq, avx512_vpclmulqdq, avx512_vaes, avx512_vnni, clflush, clflushopt, clwb, avx512_vbmi2, avx512_vbmi, rdtscp, rdpid, fsrm, gfni, avx512_bitalg, f16c, pku, cet_ibt, cet_ss, avx512_ifma
Processor Information for processor 0
  Max Mhz: 2419, Current Mhz: 2419, Mhz Limit: 2419
Processor Information for processor 1
  Max Mhz: 2419, Current Mhz: 1209, Mhz Limit: 2419
Processor Information for processor 2
  Max Mhz: 2419, Current Mhz: 2419, Mhz Limit: 2419
Processor Information for processor 3
  Max Mhz: 2419, Current Mhz: 2419, Mhz Limit: 2419
Processor Information for processor 4
  Max Mhz: 2419, Current Mhz: 1209, Mhz Limit: 2419
Processor Information for processor 5
  Max Mhz: 2419, Current Mhz: 1209, Mhz Limit: 2419
Processor Information for processor 6
  Max Mhz: 2419, Current Mhz: 2419, Mhz Limit: 2419
Processor Information for processor 7
  Max Mhz: 2419, Current Mhz: 2419, Mhz Limit: 2419

Memory: 4k page, system-wide physical 7934M (621M free)
TotalPageFile size 24835M (AvailPageFile size 5M)
current process WorkingSet (physical memory assigned to process): 262M, peak: 262M
current process commit charge ("private bytes"): 300M, peak: 301M

vm_info: OpenJDK 64-Bit Server VM (21.0.4+-12508038-b607.1) for windows-amd64 JRE (21.0.4+-12508038-b607.1), built on 2024-10-16T17:23:34Z by "builder" with MS VC++ 16.10 / 16.11 (VS2019)

END.
